<?xml version="1.0" encoding="UTF-8"?>
<coverage generated="1764564643860" clover="3.2.0">
  <project timestamp="1764564643860" name="All files">
    <metrics statements="1282" coveredstatements="631" conditionals="998" coveredconditionals="205" methods="234" coveredmethods="96" elements="2514" coveredelements="932" complexity="0" loc="1282" ncloc="1282" packages="2" files="11" classes="11"/>
    <package name="frontend">
      <metrics statements="1157" coveredstatements="631" conditionals="667" coveredconditionals="205" methods="180" coveredmethods="96"/>
      <file name="api.js" path="/Users/ishitarout/Capstone Project/ITSC_4155/frontend/api.js">
        <metrics statements="261" coveredstatements="74" conditionals="185" coveredconditionals="26" methods="41" coveredmethods="12"/>
        <line num="11" count="1" type="stmt"/>
        <line num="12" count="1" type="stmt"/>
        <line num="17" count="1" type="stmt"/>
        <line num="19" count="1" type="cond" truecount="1" falsecount="1"/>
        <line num="20" count="0" type="cond" truecount="0" falsecount="2"/>
        <line num="23" count="1" type="stmt"/>
        <line num="25" count="0" type="stmt"/>
        <line num="26" count="0" type="stmt"/>
        <line num="32" count="1" type="stmt"/>
        <line num="33" count="1" type="stmt"/>
        <line num="41" count="1" type="stmt"/>
        <line num="43" count="1" type="cond" truecount="1" falsecount="1"/>
        <line num="44" count="0" type="cond" truecount="0" falsecount="2"/>
        <line num="47" count="1" type="stmt"/>
        <line num="49" count="0" type="stmt"/>
        <line num="50" count="0" type="stmt"/>
        <line num="56" count="1" type="stmt"/>
        <line num="57" count="1" type="stmt"/>
        <line num="62" count="1" type="cond" truecount="2" falsecount="2"/>
        <line num="63" count="0" type="stmt"/>
        <line num="64" count="0" type="cond" truecount="0" falsecount="2"/>
        <line num="67" count="1" type="stmt"/>
        <line num="69" count="0" type="stmt"/>
        <line num="70" count="0" type="stmt"/>
        <line num="78" count="1" type="stmt"/>
        <line num="79" count="1" type="stmt"/>
        <line num="80" count="1" type="stmt"/>
        <line num="82" count="1" type="cond" truecount="3" falsecount="1"/>
        <line num="83" count="2" type="stmt"/>
        <line num="86" count="0" type="stmt"/>
        <line num="88" count="0" type="stmt"/>
        <line num="89" count="0" type="stmt"/>
        <line num="95" count="1" type="stmt"/>
        <line num="96" count="1" type="stmt"/>
        <line num="99" count="1" type="stmt"/>
        <line num="101" count="1" type="cond" truecount="3" falsecount="1"/>
        <line num="102" count="0" type="stmt"/>
        <line num="105" count="1" type="stmt"/>
        <line num="108" count="1" type="stmt"/>
        <line num="121" count="1" type="stmt"/>
        <line num="122" count="20" type="stmt"/>
        <line num="123" count="20" type="stmt"/>
        <line num="125" count="20" type="cond" truecount="4" falsecount="0"/>
        <line num="126" count="2" type="stmt"/>
        <line num="133" count="1" type="stmt"/>
        <line num="135" count="0" type="stmt"/>
        <line num="136" count="0" type="stmt"/>
        <line num="151" count="1" type="cond" truecount="1" falsecount="1"/>
        <line num="154" count="1" type="cond" truecount="1" falsecount="1"/>
        <line num="155" count="1" type="stmt"/>
        <line num="159" count="0" type="cond" truecount="0" falsecount="2"/>
        <line num="160" count="0" type="stmt"/>
        <line num="164" count="0" type="cond" truecount="0" falsecount="2"/>
        <line num="168" count="0" type="stmt"/>
        <line num="172" count="0" type="cond" truecount="0" falsecount="2"/>
        <line num="173" count="0" type="stmt"/>
        <line num="175" count="0" type="cond" truecount="0" falsecount="4"/>
        <line num="176" count="0" type="stmt"/>
        <line num="178" count="0" type="stmt"/>
        <line num="181" count="0" type="stmt"/>
        <line num="188" count="1" type="stmt"/>
        <line num="189" count="1" type="stmt"/>
        <line num="204" count="0" type="cond" truecount="0" falsecount="2"/>
        <line num="208" count="0" type="cond" truecount="0" falsecount="2"/>
        <line num="210" count="0" type="cond" truecount="0" falsecount="2"/>
        <line num="213" count="0" type="cond" truecount="0" falsecount="2"/>
        <line num="214" count="0" type="stmt"/>
        <line num="255" count="0" type="stmt"/>
        <line num="256" count="0" type="stmt"/>
        <line num="258" count="0" type="cond" truecount="0" falsecount="2"/>
        <line num="262" count="0" type="cond" truecount="0" falsecount="2"/>
        <line num="263" count="0" type="stmt"/>
        <line num="290" count="0" type="stmt"/>
        <line num="291" count="0" type="stmt"/>
        <line num="293" count="0" type="cond" truecount="0" falsecount="2"/>
        <line num="297" count="0" type="cond" truecount="0" falsecount="2"/>
        <line num="298" count="0" type="stmt"/>
        <line num="315" count="0" type="stmt"/>
        <line num="316" count="0" type="stmt"/>
        <line num="318" count="0" type="cond" truecount="0" falsecount="2"/>
        <line num="322" count="0" type="cond" truecount="0" falsecount="2"/>
        <line num="323" count="0" type="stmt"/>
        <line num="334" count="0" type="stmt"/>
        <line num="335" count="0" type="stmt"/>
        <line num="337" count="0" type="cond" truecount="0" falsecount="2"/>
        <line num="341" count="0" type="cond" truecount="0" falsecount="2"/>
        <line num="342" count="0" type="stmt"/>
        <line num="357" count="0" type="stmt"/>
        <line num="358" count="0" type="stmt"/>
        <line num="360" count="0" type="cond" truecount="0" falsecount="2"/>
        <line num="363" count="0" type="stmt"/>
        <line num="376" count="0" type="cond" truecount="0" falsecount="2"/>
        <line num="380" count="0" type="cond" truecount="0" falsecount="2"/>
        <line num="382" count="0" type="cond" truecount="0" falsecount="2"/>
        <line num="383" count="0" type="cond" truecount="0" falsecount="2"/>
        <line num="385" count="0" type="cond" truecount="0" falsecount="2"/>
        <line num="387" count="0" type="stmt"/>
        <line num="390" count="0" type="cond" truecount="0" falsecount="2"/>
        <line num="391" count="0" type="stmt"/>
        <line num="467" count="0" type="stmt"/>
        <line num="468" count="0" type="stmt"/>
        <line num="470" count="0" type="cond" truecount="0" falsecount="2"/>
        <line num="474" count="0" type="cond" truecount="0" falsecount="2"/>
        <line num="475" count="0" type="stmt"/>
        <line num="524" count="0" type="stmt"/>
        <line num="525" count="0" type="stmt"/>
        <line num="527" count="0" type="cond" truecount="0" falsecount="2"/>
        <line num="531" count="0" type="cond" truecount="0" falsecount="2"/>
        <line num="532" count="0" type="stmt"/>
        <line num="576" count="0" type="stmt"/>
        <line num="577" count="0" type="stmt"/>
        <line num="579" count="0" type="cond" truecount="0" falsecount="2"/>
        <line num="583" count="0" type="cond" truecount="0" falsecount="2"/>
        <line num="584" count="0" type="stmt"/>
        <line num="614" count="0" type="stmt"/>
        <line num="615" count="0" type="stmt"/>
        <line num="617" count="0" type="cond" truecount="0" falsecount="2"/>
        <line num="621" count="0" type="cond" truecount="0" falsecount="2"/>
        <line num="622" count="0" type="stmt"/>
        <line num="639" count="0" type="stmt"/>
        <line num="640" count="0" type="stmt"/>
        <line num="642" count="0" type="cond" truecount="0" falsecount="2"/>
        <line num="645" count="0" type="stmt"/>
        <line num="651" count="1" type="stmt"/>
        <line num="652" count="1" type="cond" truecount="3" falsecount="1"/>
        <line num="654" count="1" type="stmt"/>
        <line num="657" count="1" type="stmt"/>
        <line num="658" count="2" type="stmt"/>
        <line num="660" count="2" type="stmt"/>
        <line num="665" count="2" type="stmt"/>
        <line num="667" count="2" type="cond" truecount="1" falsecount="1"/>
        <line num="668" count="2" type="stmt"/>
        <line num="670" count="3" type="cond" truecount="1" falsecount="1"/>
        <line num="671" count="3" type="stmt"/>
        <line num="672" count="0" type="cond" truecount="0" falsecount="2"/>
        <line num="673" count="0" type="stmt"/>
        <line num="676" count="2" type="stmt"/>
        <line num="681" count="1" type="stmt"/>
        <line num="682" count="3" type="stmt"/>
        <line num="686" count="1" type="stmt"/>
        <line num="689" count="1" type="cond" truecount="1" falsecount="1"/>
        <line num="690" count="1" type="stmt"/>
        <line num="694" count="0" type="stmt"/>
        <line num="695" count="0" type="stmt"/>
        <line num="697" count="0" type="cond" truecount="0" falsecount="2"/>
        <line num="698" count="0" type="stmt"/>
        <line num="702" count="0" type="stmt"/>
        <line num="703" count="0" type="stmt"/>
        <line num="704" count="0" type="cond" truecount="0" falsecount="2"/>
        <line num="705" count="0" type="stmt"/>
        <line num="707" count="0" type="stmt"/>
        <line num="709" count="0" type="stmt"/>
        <line num="718" count="0" type="stmt"/>
        <line num="720" count="0" type="stmt"/>
        <line num="721" count="0" type="stmt"/>
        <line num="729" count="0" type="stmt"/>
        <line num="731" count="0" type="stmt"/>
        <line num="740" count="0" type="stmt"/>
        <line num="757" count="0" type="stmt"/>
        <line num="758" count="0" type="stmt"/>
        <line num="760" count="0" type="stmt"/>
        <line num="761" count="0" type="stmt"/>
        <line num="764" count="0" type="cond" truecount="0" falsecount="4"/>
        <line num="765" count="0" type="cond" truecount="0" falsecount="2"/>
        <line num="766" count="0" type="cond" truecount="0" falsecount="2"/>
        <line num="767" count="0" type="stmt"/>
        <line num="772" count="0" type="stmt"/>
        <line num="774" count="0" type="stmt"/>
        <line num="775" count="0" type="stmt"/>
        <line num="776" count="0" type="stmt"/>
        <line num="781" count="0" type="stmt"/>
        <line num="782" count="0" type="stmt"/>
        <line num="790" count="0" type="cond" truecount="0" falsecount="2"/>
        <line num="792" count="0" type="stmt"/>
        <line num="793" count="0" type="cond" truecount="0" falsecount="2"/>
        <line num="794" count="0" type="stmt"/>
        <line num="796" count="0" type="stmt"/>
        <line num="805" count="0" type="stmt"/>
        <line num="807" count="0" type="cond" truecount="0" falsecount="3"/>
        <line num="809" count="0" type="stmt"/>
        <line num="811" count="0" type="stmt"/>
        <line num="812" count="0" type="stmt"/>
        <line num="813" count="0" type="stmt"/>
        <line num="819" count="0" type="stmt"/>
        <line num="828" count="0" type="stmt"/>
        <line num="829" count="0" type="cond" truecount="0" falsecount="2"/>
        <line num="830" count="0" type="stmt"/>
        <line num="831" count="0" type="cond" truecount="0" falsecount="2"/>
        <line num="832" count="0" type="stmt"/>
        <line num="837" count="0" type="stmt"/>
        <line num="838" count="0" type="cond" truecount="0" falsecount="2"/>
        <line num="839" count="0" type="stmt"/>
        <line num="840" count="0" type="cond" truecount="0" falsecount="2"/>
        <line num="841" count="0" type="stmt"/>
        <line num="842" count="0" type="stmt"/>
        <line num="843" count="0" type="stmt"/>
        <line num="844" count="0" type="stmt"/>
        <line num="846" count="0" type="cond" truecount="0" falsecount="2"/>
        <line num="847" count="0" type="stmt"/>
        <line num="848" count="0" type="cond" truecount="0" falsecount="2"/>
        <line num="849" count="0" type="stmt"/>
        <line num="852" count="0" type="cond" truecount="0" falsecount="2"/>
        <line num="853" count="0" type="stmt"/>
        <line num="854" count="0" type="cond" truecount="0" falsecount="2"/>
        <line num="855" count="0" type="stmt"/>
        <line num="859" count="0" type="stmt"/>
        <line num="865" count="0" type="stmt"/>
        <line num="870" count="0" type="stmt"/>
        <line num="872" count="0" type="stmt"/>
        <line num="879" count="0" type="cond" truecount="0" falsecount="2"/>
        <line num="880" count="0" type="stmt"/>
        <line num="883" count="0" type="cond" truecount="0" falsecount="2"/>
        <line num="884" count="0" type="cond" truecount="0" falsecount="2"/>
        <line num="885" count="0" type="stmt"/>
        <line num="886" count="0" type="stmt"/>
        <line num="892" count="0" type="stmt"/>
        <line num="897" count="0" type="stmt"/>
        <line num="899" count="0" type="stmt"/>
        <line num="906" count="0" type="cond" truecount="0" falsecount="2"/>
        <line num="907" count="0" type="stmt"/>
        <line num="908" count="0" type="stmt"/>
        <line num="909" count="0" type="stmt"/>
        <line num="915" count="0" type="stmt"/>
        <line num="920" count="0" type="stmt"/>
        <line num="926" count="0" type="cond" truecount="0" falsecount="2"/>
        <line num="927" count="0" type="stmt"/>
        <line num="928" count="0" type="stmt"/>
        <line num="929" count="0" type="stmt"/>
        <line num="932" count="0" type="stmt"/>
        <line num="937" count="4" type="stmt"/>
        <line num="938" count="4" type="stmt"/>
        <line num="939" count="0" type="cond" truecount="0" falsecount="4"/>
        <line num="940" count="0" type="stmt"/>
        <line num="944" count="0" type="stmt"/>
        <line num="949" count="0" type="stmt"/>
        <line num="950" count="0" type="cond" truecount="0" falsecount="4"/>
        <line num="951" count="0" type="stmt"/>
        <line num="955" count="0" type="stmt"/>
        <line num="959" count="0" type="cond" truecount="0" falsecount="4"/>
        <line num="960" count="0" type="stmt"/>
        <line num="961" count="0" type="cond" truecount="0" falsecount="2"/>
        <line num="963" count="0" type="stmt"/>
        <line num="965" count="2" type="cond" truecount="1" falsecount="1"/>
        <line num="966" count="2" type="stmt"/>
        <line num="967" count="2" type="stmt"/>
        <line num="968" count="2" type="stmt"/>
        <line num="970" count="2" type="stmt"/>
        <line num="971" count="2" type="stmt"/>
        <line num="972" count="2" type="stmt"/>
        <line num="974" count="2" type="stmt"/>
        <line num="975" count="2" type="stmt"/>
        <line num="976" count="2" type="stmt"/>
        <line num="978" count="2" type="stmt"/>
        <line num="979" count="2" type="stmt"/>
        <line num="980" count="2" type="stmt"/>
        <line num="981" count="2" type="stmt"/>
        <line num="983" count="2" type="stmt"/>
        <line num="984" count="2" type="stmt"/>
        <line num="986" count="2" type="stmt"/>
        <line num="987" count="2" type="stmt"/>
        <line num="988" count="2" type="stmt"/>
      </file>
      <file name="auth.js" path="/Users/ishitarout/Capstone Project/ITSC_4155/frontend/auth.js">
        <metrics statements="86" coveredstatements="44" conditionals="45" coveredconditionals="13" methods="8" coveredmethods="6"/>
        <line num="7" count="2" type="stmt"/>
        <line num="8" count="2" type="stmt"/>
        <line num="10" count="2" type="cond" truecount="5" falsecount="0"/>
        <line num="11" count="1" type="stmt"/>
        <line num="12" count="1" type="stmt"/>
        <line num="14" count="1" type="stmt"/>
        <line num="16" count="1" type="cond" truecount="3" falsecount="1"/>
        <line num="17" count="1" type="stmt"/>
        <line num="19" count="1" type="stmt"/>
        <line num="22" count="1" type="stmt"/>
        <line num="27" count="1" type="stmt"/>
        <line num="28" count="1" type="stmt"/>
        <line num="40" count="1" type="stmt"/>
        <line num="42" count="1" type="cond" truecount="1" falsecount="1"/>
        <line num="43" count="0" type="cond" truecount="0" falsecount="2"/>
        <line num="46" count="1" type="stmt"/>
        <line num="51" count="0" type="stmt"/>
        <line num="52" count="0" type="stmt"/>
        <line num="61" count="1" type="stmt"/>
        <line num="62" count="1" type="stmt"/>
        <line num="63" count="1" type="stmt"/>
        <line num="64" count="1" type="stmt"/>
        <line num="66" count="1" type="stmt"/>
        <line num="74" count="1" type="stmt"/>
        <line num="76" count="1" type="cond" truecount="1" falsecount="1"/>
        <line num="77" count="0" type="cond" truecount="0" falsecount="2"/>
        <line num="81" count="1" type="stmt"/>
        <line num="82" count="1" type="stmt"/>
        <line num="84" count="1" type="stmt"/>
        <line num="85" count="1" type="stmt"/>
        <line num="88" count="1" type="stmt"/>
        <line num="95" count="0" type="stmt"/>
        <line num="96" count="0" type="stmt"/>
        <line num="105" count="1" type="stmt"/>
        <line num="106" count="1" type="stmt"/>
        <line num="107" count="1" type="stmt"/>
        <line num="108" count="1" type="stmt"/>
        <line num="113" count="8" type="stmt"/>
        <line num="114" count="8" type="stmt"/>
        <line num="121" count="3" type="stmt"/>
        <line num="122" count="4" type="stmt"/>
        <line num="123" count="4" type="stmt"/>
        <line num="125" count="4" type="cond" truecount="1" falsecount="1"/>
        <line num="126" count="0" type="stmt"/>
        <line num="127" count="0" type="stmt"/>
        <line num="128" count="0" type="stmt"/>
        <line num="129" count="0" type="stmt"/>
        <line num="130" count="0" type="stmt"/>
        <line num="132" count="0" type="stmt"/>
        <line num="133" count="0" type="stmt"/>
        <line num="134" count="0" type="cond" truecount="0" falsecount="2"/>
        <line num="136" count="0" type="cond" truecount="0" falsecount="2"/>
        <line num="137" count="0" type="stmt"/>
        <line num="138" count="0" type="stmt"/>
        <line num="140" count="0" type="stmt"/>
        <line num="143" count="0" type="stmt"/>
        <line num="147" count="0" type="cond" truecount="0" falsecount="2"/>
        <line num="148" count="0" type="cond" truecount="0" falsecount="2"/>
        <line num="149" count="0" type="stmt"/>
        <line num="152" count="0" type="stmt"/>
        <line num="154" count="0" type="stmt"/>
        <line num="157" count="0" type="cond" truecount="0" falsecount="2"/>
        <line num="162" count="4" type="cond" truecount="1" falsecount="1"/>
        <line num="163" count="0" type="stmt"/>
        <line num="164" count="0" type="stmt"/>
        <line num="165" count="0" type="stmt"/>
        <line num="166" count="0" type="stmt"/>
        <line num="167" count="0" type="stmt"/>
        <line num="169" count="0" type="cond" truecount="0" falsecount="2"/>
        <line num="170" count="0" type="stmt"/>
        <line num="171" count="0" type="stmt"/>
        <line num="174" count="0" type="stmt"/>
        <line num="175" count="0" type="stmt"/>
        <line num="181" count="0" type="cond" truecount="0" falsecount="2"/>
        <line num="182" count="0" type="stmt"/>
        <line num="183" count="0" type="stmt"/>
        <line num="184" count="0" type="cond" truecount="0" falsecount="2"/>
        <line num="185" count="0" type="stmt"/>
        <line num="188" count="0" type="stmt"/>
        <line num="191" count="0" type="cond" truecount="0" falsecount="2"/>
        <line num="198" count="3" type="cond" truecount="1" falsecount="1"/>
        <line num="199" count="3" type="stmt"/>
        <line num="200" count="3" type="stmt"/>
        <line num="201" count="3" type="stmt"/>
        <line num="202" count="3" type="stmt"/>
        <line num="203" count="3" type="stmt"/>
      </file>
      <file name="config.js" path="/Users/ishitarout/Capstone Project/ITSC_4155/frontend/config.js">
        <metrics statements="5" coveredstatements="5" conditionals="2" coveredconditionals="1" methods="0" coveredmethods="0"/>
        <line num="4" count="1" type="stmt"/>
        <line num="5" count="1" type="stmt"/>
        <line num="8" count="1" type="cond" truecount="1" falsecount="1"/>
        <line num="9" count="1" type="stmt"/>
        <line num="10" count="1" type="stmt"/>
      </file>
      <file name="contact.js" path="/Users/ishitarout/Capstone Project/ITSC_4155/frontend/contact.js">
        <metrics statements="67" coveredstatements="58" conditionals="68" coveredconditionals="30" methods="5" coveredmethods="4"/>
        <line num="4" count="1" type="stmt"/>
        <line num="5" count="1" type="cond" truecount="1" falsecount="1"/>
        <line num="6" count="1" type="cond" truecount="1" falsecount="1"/>
        <line num="7" count="1" type="cond" truecount="1" falsecount="1"/>
        <line num="9" count="1" type="cond" truecount="1" falsecount="1"/>
        <line num="10" count="1" type="cond" truecount="3" falsecount="1"/>
        <line num="11" count="0" type="stmt"/>
        <line num="13" count="1" type="cond" truecount="1" falsecount="1"/>
        <line num="14" count="1" type="cond" truecount="1" falsecount="1"/>
        <line num="15" count="1" type="cond" truecount="1" falsecount="1"/>
        <line num="16" count="1" type="cond" truecount="1" falsecount="1"/>
        <line num="17" count="0" type="stmt"/>
        <line num="20" count="1" type="stmt"/>
        <line num="26" count="1" type="cond" truecount="2" falsecount="3"/>
        <line num="30" count="1" type="stmt"/>
        <line num="36" count="1" type="stmt"/>
        <line num="37" count="1" type="cond" truecount="1" falsecount="1"/>
        <line num="38" count="0" type="cond" truecount="0" falsecount="3"/>
        <line num="39" count="0" type="stmt"/>
        <line num="41" count="1" type="stmt"/>
        <line num="45" count="1" type="stmt"/>
        <line num="46" count="1" type="stmt"/>
        <line num="47" count="1" type="stmt"/>
        <line num="48" count="1" type="stmt"/>
        <line num="49" count="1" type="stmt"/>
        <line num="51" count="1" type="cond" truecount="1" falsecount="1"/>
        <line num="52" count="1" type="cond" truecount="1" falsecount="1"/>
        <line num="54" count="1" type="stmt"/>
        <line num="55" count="1" type="stmt"/>
        <line num="57" count="1" type="cond" truecount="1" falsecount="1"/>
        <line num="58" count="1" type="cond" truecount="1" falsecount="1"/>
        <line num="59" count="1" type="stmt"/>
        <line num="60" count="1" type="stmt"/>
        <line num="63" count="1" type="stmt"/>
        <line num="64" count="1" type="stmt"/>
        <line num="65" count="1" type="stmt"/>
        <line num="67" count="1" type="cond" truecount="1" falsecount="1"/>
        <line num="68" count="1" type="cond" truecount="1" falsecount="1"/>
        <line num="69" count="1" type="cond" truecount="1" falsecount="1"/>
        <line num="71" count="1" type="stmt"/>
        <line num="72" count="1" type="cond" truecount="1" falsecount="1"/>
        <line num="73" count="0" type="cond" truecount="0" falsecount="2"/>
        <line num="74" count="0" type="stmt"/>
        <line num="77" count="1" type="cond" truecount="1" falsecount="1"/>
        <line num="78" count="1" type="stmt"/>
        <line num="79" count="1" type="stmt"/>
        <line num="82" count="1" type="cond" truecount="1" falsecount="1"/>
        <line num="83" count="1" type="stmt"/>
        <line num="84" count="1" type="stmt"/>
        <line num="87" count="1" type="stmt"/>
        <line num="88" count="1" type="stmt"/>
        <line num="94" count="1" type="cond" truecount="1" falsecount="1"/>
        <line num="95" count="1" type="cond" truecount="1" falsecount="1"/>
        <line num="96" count="1" type="stmt"/>
        <line num="98" count="1" type="stmt"/>
        <line num="100" count="0" type="cond" truecount="0" falsecount="2"/>
        <line num="101" count="0" type="cond" truecount="0" falsecount="2"/>
        <line num="104" count="1" type="cond" truecount="1" falsecount="1"/>
        <line num="105" count="1" type="stmt"/>
        <line num="106" count="1" type="stmt"/>
        <line num="113" count="1" type="cond" truecount="1" falsecount="1"/>
        <line num="114" count="1" type="cond" truecount="1" falsecount="1"/>
        <line num="115" count="0" type="stmt"/>
        <line num="117" count="1" type="stmt"/>
        <line num="122" count="1" type="cond" truecount="1" falsecount="1"/>
        <line num="123" count="1" type="stmt"/>
        <line num="124" count="1" type="stmt"/>
      </file>
      <file name="grocerylist.js" path="/Users/ishitarout/Capstone Project/ITSC_4155/frontend/grocerylist.js">
        <metrics statements="54" coveredstatements="52" conditionals="30" coveredconditionals="28" methods="9" coveredmethods="9"/>
        <line num="2" count="9" type="stmt"/>
        <line num="3" count="45" type="stmt"/>
        <line num="4" count="45" type="stmt"/>
        <line num="5" count="45" type="stmt"/>
        <line num="6" count="45" type="stmt"/>
        <line num="9" count="45" type="cond" truecount="1" falsecount="1"/>
        <line num="13" count="58" type="cond" truecount="4" falsecount="0"/>
        <line num="14" count="35" type="stmt"/>
        <line num="16" count="35" type="stmt"/>
        <line num="19" count="23" type="stmt"/>
        <line num="21" count="34" type="stmt"/>
        <line num="27" count="35" type="stmt"/>
        <line num="28" count="31" type="stmt"/>
        <line num="33" count="45" type="stmt"/>
        <line num="34" count="13" type="stmt"/>
        <line num="38" count="13" type="cond" truecount="2" falsecount="0"/>
        <line num="39" count="3" type="stmt"/>
        <line num="40" count="3" type="stmt"/>
        <line num="41" count="3" type="stmt"/>
        <line num="44" count="10" type="stmt"/>
        <line num="48" count="45" type="stmt"/>
        <line num="49" count="11" type="stmt"/>
        <line num="50" count="11" type="cond" truecount="2" falsecount="0"/>
        <line num="51" count="5" type="stmt"/>
        <line num="52" count="5" type="stmt"/>
        <line num="55" count="6" type="stmt"/>
        <line num="56" count="6" type="stmt"/>
        <line num="60" count="45" type="stmt"/>
        <line num="61" count="24" type="stmt"/>
        <line num="62" count="24" type="cond" truecount="2" falsecount="0"/>
        <line num="63" count="7" type="stmt"/>
        <line num="64" count="7" type="stmt"/>
        <line num="67" count="17" type="cond" truecount="2" falsecount="0"/>
        <line num="68" count="17" type="cond" truecount="4" falsecount="0"/>
        <line num="72" count="17" type="cond" truecount="2" falsecount="0"/>
        <line num="73" count="9" type="stmt"/>
        <line num="74" count="9" type="stmt"/>
        <line num="77" count="8" type="stmt"/>
        <line num="78" count="8" type="stmt"/>
        <line num="79" count="8" type="stmt"/>
        <line num="81" count="8" type="stmt"/>
        <line num="82" count="8" type="stmt"/>
        <line num="83" count="8" type="stmt"/>
        <line num="84" count="16" type="cond" truecount="1" falsecount="1"/>
        <line num="85" count="0" type="stmt"/>
        <line num="86" count="0" type="stmt"/>
        <line num="88" count="16" type="stmt"/>
        <line num="89" count="16" type="stmt"/>
        <line num="92" count="8" type="stmt"/>
        <line num="96" count="45" type="cond" truecount="2" falsecount="0"/>
        <line num="97" count="45" type="cond" truecount="2" falsecount="0"/>
        <line num="98" count="1" type="stmt"/>
        <line num="100" count="44" type="stmt"/>
        <line num="103" count="44" type="stmt"/>
      </file>
      <file name="ingredients.js" path="/Users/ishitarout/Capstone Project/ITSC_4155/frontend/ingredients.js">
        <metrics statements="436" coveredstatements="226" conditionals="189" coveredconditionals="47" methods="71" coveredmethods="33"/>
        <line num="2" count="1" type="cond" truecount="1" falsecount="1"/>
        <line num="3" count="0" type="stmt"/>
        <line num="6" count="1" type="stmt"/>
        <line num="8" count="4" type="cond" truecount="3" falsecount="1"/>
        <line num="9" count="4" type="stmt"/>
        <line num="12" count="4" type="stmt"/>
        <line num="14" count="4" type="stmt"/>
        <line num="15" count="4" type="stmt"/>
        <line num="16" count="4" type="stmt"/>
        <line num="19" count="4" type="stmt"/>
        <line num="20" count="4" type="stmt"/>
        <line num="21" count="4" type="stmt"/>
        <line num="22" count="4" type="stmt"/>
        <line num="23" count="4" type="stmt"/>
        <line num="24" count="4" type="stmt"/>
        <line num="25" count="4" type="stmt"/>
        <line num="26" count="4" type="stmt"/>
        <line num="27" count="4" type="stmt"/>
        <line num="28" count="4" type="stmt"/>
        <line num="29" count="4" type="stmt"/>
        <line num="30" count="4" type="stmt"/>
        <line num="31" count="4" type="stmt"/>
        <line num="32" count="4" type="stmt"/>
        <line num="33" count="4" type="stmt"/>
        <line num="34" count="4" type="stmt"/>
        <line num="35" count="4" type="stmt"/>
        <line num="38" count="4" type="stmt"/>
        <line num="39" count="4" type="cond" truecount="2" falsecount="2"/>
        <line num="40" count="0" type="stmt"/>
        <line num="44" count="4" type="stmt"/>
        <line num="47" count="4" type="stmt"/>
        <line num="48" count="0" type="stmt"/>
        <line num="49" count="0" type="cond" truecount="0" falsecount="2"/>
        <line num="51" count="4" type="stmt"/>
        <line num="52" count="0" type="stmt"/>
        <line num="53" count="0" type="stmt"/>
        <line num="55" count="4" type="stmt"/>
        <line num="56" count="0" type="stmt"/>
        <line num="57" count="0" type="stmt"/>
        <line num="59" count="4" type="stmt"/>
        <line num="60" count="0" type="stmt"/>
        <line num="61" count="0" type="stmt"/>
        <line num="62" count="0" type="stmt"/>
        <line num="66" count="0" type="stmt"/>
        <line num="67" count="0" type="cond" truecount="0" falsecount="2"/>
        <line num="68" count="0" type="stmt"/>
        <line num="69" count="0" type="stmt"/>
        <line num="70" count="0" type="stmt"/>
        <line num="71" count="0" type="stmt"/>
        <line num="74" count="0" type="cond" truecount="0" falsecount="2"/>
        <line num="75" count="0" type="stmt"/>
        <line num="76" count="0" type="stmt"/>
        <line num="79" count="0" type="cond" truecount="0" falsecount="4"/>
        <line num="80" count="0" type="stmt"/>
        <line num="84" count="0" type="stmt"/>
        <line num="85" count="0" type="cond" truecount="0" falsecount="2"/>
        <line num="91" count="0" type="cond" truecount="0" falsecount="2"/>
        <line num="92" count="0" type="stmt"/>
        <line num="93" count="0" type="stmt"/>
        <line num="96" count="0" type="stmt"/>
        <line num="97" count="0" type="stmt"/>
        <line num="98" count="0" type="cond" truecount="0" falsecount="2"/>
        <line num="99" count="0" type="stmt"/>
        <line num="100" count="0" type="cond" truecount="0" falsecount="2"/>
        <line num="101" count="0" type="stmt"/>
        <line num="102" count="0" type="stmt"/>
        <line num="104" count="0" type="stmt"/>
        <line num="108" count="0" type="stmt"/>
        <line num="109" count="0" type="stmt"/>
        <line num="111" count="0" type="stmt"/>
        <line num="112" count="0" type="cond" truecount="0" falsecount="3"/>
        <line num="113" count="0" type="cond" truecount="0" falsecount="3"/>
        <line num="115" count="0" type="stmt"/>
        <line num="116" count="0" type="cond" truecount="0" falsecount="3"/>
        <line num="118" count="0" type="stmt"/>
        <line num="119" count="0" type="stmt"/>
        <line num="120" count="0" type="stmt"/>
        <line num="121" count="0" type="stmt"/>
        <line num="122" count="0" type="stmt"/>
        <line num="123" count="0" type="stmt"/>
        <line num="124" count="0" type="stmt"/>
        <line num="125" count="0" type="cond" truecount="0" falsecount="3"/>
        <line num="126" count="0" type="stmt"/>
        <line num="127" count="0" type="stmt"/>
        <line num="128" count="0" type="stmt"/>
        <line num="129" count="0" type="stmt"/>
        <line num="131" count="0" type="cond" truecount="0" falsecount="2"/>
        <line num="132" count="0" type="stmt"/>
        <line num="134" count="0" type="stmt"/>
        <line num="136" count="0" type="stmt"/>
        <line num="137" count="0" type="stmt"/>
        <line num="139" count="0" type="stmt"/>
        <line num="143" count="0" type="stmt"/>
        <line num="144" count="0" type="stmt"/>
        <line num="145" count="0" type="stmt"/>
        <line num="146" count="0" type="stmt"/>
        <line num="147" count="0" type="cond" truecount="0" falsecount="3"/>
        <line num="148" count="0" type="stmt"/>
        <line num="151" count="0" type="stmt"/>
        <line num="152" count="0" type="stmt"/>
        <line num="155" count="0" type="stmt"/>
        <line num="156" count="0" type="stmt"/>
        <line num="161" count="4" type="stmt"/>
        <line num="162" count="0" type="stmt"/>
        <line num="164" count="4" type="stmt"/>
        <line num="165" count="0" type="stmt"/>
        <line num="169" count="4" type="stmt"/>
        <line num="170" count="4" type="stmt"/>
        <line num="173" count="4" type="stmt"/>
        <line num="174" count="4" type="stmt"/>
        <line num="175" count="4" type="stmt"/>
        <line num="176" count="4" type="stmt"/>
        <line num="177" count="4" type="stmt"/>
        <line num="180" count="4" type="stmt"/>
        <line num="181" count="4" type="stmt"/>
        <line num="182" count="0" type="stmt"/>
        <line num="185" count="4" type="stmt"/>
        <line num="186" count="18" type="cond" truecount="1" falsecount="1"/>
        <line num="187" count="0" type="stmt"/>
        <line num="195" count="5" type="stmt"/>
        <line num="197" count="20" type="stmt"/>
        <line num="199" count="5" type="stmt"/>
        <line num="200" count="5" type="cond" truecount="1" falsecount="1"/>
        <line num="201" count="5" type="stmt"/>
        <line num="203" count="5" type="cond" truecount="2" falsecount="0"/>
        <line num="204" count="4" type="stmt"/>
        <line num="207" count="5" type="cond" truecount="1" falsecount="1"/>
        <line num="208" count="0" type="stmt"/>
        <line num="209" count="5" type="cond" truecount="1" falsecount="1"/>
        <line num="210" count="0" type="stmt"/>
        <line num="217" count="5" type="cond" truecount="1" falsecount="1"/>
        <line num="218" count="5" type="stmt"/>
        <line num="223" count="4" type="stmt"/>
        <line num="224" count="4" type="stmt"/>
        <line num="225" count="0" type="stmt"/>
        <line num="226" count="0" type="stmt"/>
        <line num="227" count="0" type="stmt"/>
        <line num="233" count="4" type="stmt"/>
        <line num="239" count="5" type="stmt"/>
        <line num="240" count="5" type="stmt"/>
        <line num="241" count="5" type="stmt"/>
        <line num="244" count="5" type="stmt"/>
        <line num="245" count="5" type="stmt"/>
        <line num="248" count="5" type="stmt"/>
        <line num="250" count="0" type="stmt"/>
        <line num="256" count="2" type="cond" truecount="1" falsecount="1"/>
        <line num="258" count="2" type="stmt"/>
        <line num="259" count="2" type="stmt"/>
        <line num="260" count="2" type="stmt"/>
        <line num="263" count="2" type="stmt"/>
        <line num="264" count="2" type="stmt"/>
        <line num="265" count="2" type="cond" truecount="1" falsecount="1"/>
        <line num="266" count="0" type="stmt"/>
        <line num="268" count="0" type="stmt"/>
        <line num="270" count="2" type="stmt"/>
        <line num="271" count="2" type="stmt"/>
        <line num="273" count="0" type="stmt"/>
        <line num="274" count="0" type="stmt"/>
        <line num="277" count="2" type="stmt"/>
        <line num="283" count="2" type="cond" truecount="1" falsecount="1"/>
        <line num="284" count="0" type="stmt"/>
        <line num="286" count="0" type="stmt"/>
        <line num="289" count="2" type="stmt"/>
        <line num="290" count="2" type="stmt"/>
        <line num="291" count="6" type="stmt"/>
        <line num="292" count="6" type="cond" truecount="1" falsecount="1"/>
        <line num="293" count="6" type="stmt"/>
        <line num="296" count="2" type="stmt"/>
        <line num="297" count="2" type="stmt"/>
        <line num="300" count="2" type="stmt"/>
        <line num="301" count="2" type="stmt"/>
        <line num="304" count="2" type="stmt"/>
        <line num="305" count="6" type="stmt"/>
        <line num="306" count="6" type="stmt"/>
        <line num="308" count="6" type="stmt"/>
        <line num="309" count="6" type="stmt"/>
        <line num="311" count="6" type="stmt"/>
        <line num="312" count="6" type="stmt"/>
        <line num="314" count="6" type="stmt"/>
        <line num="315" count="6" type="stmt"/>
        <line num="316" count="6" type="stmt"/>
        <line num="317" count="6" type="stmt"/>
        <line num="318" count="6" type="stmt"/>
        <line num="320" count="6" type="stmt"/>
        <line num="324" count="6" type="stmt"/>
        <line num="325" count="3" type="cond" truecount="2" falsecount="0"/>
        <line num="327" count="2" type="stmt"/>
        <line num="330" count="1" type="stmt"/>
        <line num="331" count="2" type="cond" truecount="2" falsecount="0"/>
        <line num="332" count="1" type="stmt"/>
        <line num="336" count="3" type="stmt"/>
        <line num="339" count="6" type="stmt"/>
        <line num="340" count="6" type="stmt"/>
        <line num="343" count="6" type="stmt"/>
        <line num="344" count="6" type="stmt"/>
        <line num="350" count="0" type="stmt"/>
        <line num="351" count="0" type="cond" truecount="0" falsecount="2"/>
        <line num="353" count="0" type="stmt"/>
        <line num="356" count="0" type="stmt"/>
        <line num="361" count="8" type="stmt"/>
        <line num="362" count="8" type="cond" truecount="1" falsecount="1"/>
        <line num="363" count="0" type="stmt"/>
        <line num="364" count="0" type="stmt"/>
        <line num="367" count="8" type="stmt"/>
        <line num="368" count="8" type="stmt"/>
        <line num="370" count="2" type="stmt"/>
        <line num="372" count="10" type="stmt"/>
        <line num="373" count="10" type="stmt"/>
        <line num="375" count="10" type="stmt"/>
        <line num="376" count="10" type="stmt"/>
        <line num="380" count="0" type="stmt"/>
        <line num="381" count="0" type="cond" truecount="0" falsecount="2"/>
        <line num="382" count="0" type="stmt"/>
        <line num="385" count="0" type="stmt"/>
        <line num="388" count="0" type="cond" truecount="0" falsecount="2"/>
        <line num="389" count="0" type="stmt"/>
        <line num="391" count="10" type="stmt"/>
        <line num="397" count="1" type="cond" truecount="1" falsecount="1"/>
        <line num="398" count="0" type="stmt"/>
        <line num="399" count="0" type="stmt"/>
        <line num="402" count="1" type="stmt"/>
        <line num="403" count="1" type="stmt"/>
        <line num="405" count="1" type="stmt"/>
        <line num="406" count="1" type="stmt"/>
        <line num="407" count="1" type="stmt"/>
        <line num="408" count="1" type="stmt"/>
        <line num="411" count="1" type="stmt"/>
        <line num="412" count="1" type="stmt"/>
        <line num="413" count="1" type="stmt"/>
        <line num="417" count="1" type="stmt"/>
        <line num="418" count="1" type="stmt"/>
        <line num="422" count="1" type="stmt"/>
        <line num="423" count="1" type="stmt"/>
        <line num="426" count="1" type="stmt"/>
        <line num="428" count="1" type="stmt"/>
        <line num="430" count="1" type="stmt"/>
        <line num="431" count="1" type="stmt"/>
        <line num="434" count="1" type="stmt"/>
        <line num="435" count="1" type="stmt"/>
        <line num="437" count="0" type="stmt"/>
        <line num="438" count="0" type="stmt"/>
        <line num="440" count="1" type="stmt"/>
        <line num="441" count="1" type="stmt"/>
        <line num="449" count="1" type="cond" truecount="1" falsecount="1"/>
        <line num="452" count="0" type="cond" truecount="0" falsecount="2"/>
        <line num="456" count="1" type="cond" truecount="1" falsecount="1"/>
        <line num="457" count="0" type="cond" truecount="0" falsecount="2"/>
        <line num="458" count="0" type="stmt"/>
        <line num="459" count="0" type="cond" truecount="0" falsecount="2"/>
        <line num="460" count="0" type="stmt"/>
        <line num="461" count="0" type="stmt"/>
        <line num="462" count="0" type="cond" truecount="0" falsecount="2"/>
        <line num="463" count="0" type="stmt"/>
        <line num="464" count="0" type="cond" truecount="0" falsecount="2"/>
        <line num="466" count="0" type="stmt"/>
        <line num="467" count="0" type="cond" truecount="0" falsecount="2"/>
        <line num="470" count="0" type="cond" truecount="0" falsecount="2"/>
        <line num="478" count="1" type="cond" truecount="1" falsecount="1"/>
        <line num="479" count="0" type="stmt"/>
        <line num="480" count="0" type="stmt"/>
        <line num="484" count="1" type="stmt"/>
        <line num="486" count="1" type="stmt"/>
        <line num="487" count="1" type="stmt"/>
        <line num="488" count="1" type="stmt"/>
        <line num="490" count="1" type="stmt"/>
        <line num="492" count="1" type="stmt"/>
        <line num="493" count="1" type="cond" truecount="1" falsecount="1"/>
        <line num="494" count="0" type="stmt"/>
        <line num="495" count="0" type="cond" truecount="0" falsecount="2"/>
        <line num="496" count="0" type="stmt"/>
        <line num="497" count="0" type="cond" truecount="0" falsecount="2"/>
        <line num="500" count="0" type="stmt"/>
        <line num="508" count="1" type="stmt"/>
        <line num="513" count="1" type="cond" truecount="3" falsecount="2"/>
        <line num="514" count="0" type="stmt"/>
        <line num="524" count="1" type="cond" truecount="3" falsecount="1"/>
        <line num="525" count="0" type="stmt"/>
        <line num="527" count="0" type="stmt"/>
        <line num="531" count="1" type="stmt"/>
        <line num="532" count="1" type="stmt"/>
        <line num="534" count="1" type="stmt"/>
        <line num="535" count="1" type="stmt"/>
        <line num="537" count="0" type="stmt"/>
        <line num="538" count="0" type="stmt"/>
        <line num="541" count="1" type="stmt"/>
        <line num="542" count="1" type="stmt"/>
        <line num="548" count="1" type="stmt"/>
        <line num="550" count="1" type="stmt"/>
        <line num="551" count="1" type="stmt"/>
        <line num="552" count="1" type="stmt"/>
        <line num="554" count="1" type="stmt"/>
        <line num="555" count="1" type="stmt"/>
        <line num="556" count="1" type="stmt"/>
        <line num="558" count="1" type="stmt"/>
        <line num="559" count="1" type="stmt"/>
        <line num="561" count="1" type="stmt"/>
        <line num="562" count="1" type="stmt"/>
        <line num="563" count="1" type="stmt"/>
        <line num="565" count="1" type="stmt"/>
        <line num="566" count="1" type="stmt"/>
        <line num="567" count="1" type="stmt"/>
        <line num="569" count="1" type="stmt"/>
        <line num="570" count="1" type="stmt"/>
        <line num="571" count="1" type="stmt"/>
        <line num="572" count="1" type="stmt"/>
        <line num="574" count="1" type="stmt"/>
        <line num="579" count="1" type="stmt"/>
        <line num="580" count="1" type="stmt"/>
        <line num="581" count="1" type="stmt"/>
        <line num="582" count="1" type="stmt"/>
        <line num="584" count="1" type="stmt"/>
        <line num="585" count="1" type="cond" truecount="1" falsecount="1"/>
        <line num="586" count="1" type="cond" truecount="1" falsecount="1"/>
        <line num="588" count="1" type="stmt"/>
        <line num="589" count="0" type="stmt"/>
        <line num="590" count="0" type="stmt"/>
        <line num="591" count="0" type="cond" truecount="0" falsecount="2"/>
        <line num="592" count="0" type="stmt"/>
        <line num="593" count="0" type="stmt"/>
        <line num="594" count="0" type="stmt"/>
        <line num="595" count="0" type="stmt"/>
        <line num="596" count="0" type="stmt"/>
        <line num="597" count="0" type="stmt"/>
        <line num="599" count="0" type="cond" truecount="0" falsecount="2"/>
        <line num="600" count="0" type="stmt"/>
        <line num="606" count="0" type="stmt"/>
        <line num="607" count="0" type="stmt"/>
        <line num="608" count="0" type="stmt"/>
        <line num="609" count="0" type="stmt"/>
        <line num="610" count="0" type="cond" truecount="0" falsecount="2"/>
        <line num="611" count="0" type="stmt"/>
        <line num="612" count="0" type="stmt"/>
        <line num="613" count="0" type="stmt"/>
        <line num="616" count="0" type="cond" truecount="0" falsecount="2"/>
        <line num="617" count="0" type="cond" truecount="0" falsecount="2"/>
        <line num="619" count="0" type="cond" truecount="0" falsecount="2"/>
        <line num="622" count="0" type="stmt"/>
        <line num="623" count="0" type="stmt"/>
        <line num="631" count="0" type="stmt"/>
        <line num="632" count="0" type="stmt"/>
        <line num="634" count="0" type="stmt"/>
        <line num="638" count="1" type="stmt"/>
        <line num="640" count="1" type="stmt"/>
        <line num="641" count="1" type="stmt"/>
        <line num="642" count="1" type="stmt"/>
        <line num="644" count="1" type="stmt"/>
        <line num="645" count="1" type="stmt"/>
        <line num="651" count="1" type="stmt"/>
        <line num="653" count="1" type="stmt"/>
        <line num="654" count="4" type="stmt"/>
        <line num="655" count="0" type="stmt"/>
        <line num="656" count="0" type="stmt"/>
        <line num="658" count="0" type="stmt"/>
        <line num="660" count="0" type="cond" truecount="0" falsecount="2"/>
        <line num="661" count="0" type="stmt"/>
        <line num="663" count="0" type="stmt"/>
        <line num="665" count="0" type="stmt"/>
        <line num="667" count="0" type="stmt"/>
        <line num="670" count="0" type="stmt"/>
        <line num="672" count="0" type="cond" truecount="0" falsecount="3"/>
        <line num="675" count="0" type="stmt"/>
        <line num="680" count="0" type="cond" truecount="0" falsecount="2"/>
        <line num="681" count="0" type="stmt"/>
        <line num="684" count="0" type="stmt"/>
        <line num="687" count="0" type="stmt"/>
        <line num="688" count="0" type="stmt"/>
        <line num="697" count="1" type="cond" truecount="1" falsecount="1"/>
        <line num="699" count="1" type="stmt"/>
        <line num="700" count="1" type="stmt"/>
        <line num="701" count="1" type="cond" truecount="1" falsecount="1"/>
        <line num="702" count="1" type="stmt"/>
        <line num="703" count="1" type="stmt"/>
        <line num="709" count="1" type="stmt"/>
        <line num="711" count="1" type="stmt"/>
        <line num="713" count="1" type="cond" truecount="2" falsecount="1"/>
        <line num="715" count="1" type="stmt"/>
        <line num="716" count="1" type="stmt"/>
        <line num="718" count="0" type="stmt"/>
        <line num="719" count="0" type="stmt"/>
        <line num="726" count="1" type="cond" truecount="1" falsecount="1"/>
        <line num="727" count="1" type="stmt"/>
        <line num="728" count="1" type="stmt"/>
        <line num="730" count="1" type="stmt"/>
        <line num="731" count="1" type="stmt"/>
        <line num="732" count="1" type="stmt"/>
        <line num="734" count="1" type="cond" truecount="1" falsecount="1"/>
        <line num="735" count="0" type="stmt"/>
        <line num="737" count="1" type="stmt"/>
        <line num="741" count="1" type="stmt"/>
        <line num="748" count="0" type="stmt"/>
        <line num="758" count="1" type="stmt"/>
        <line num="766" count="1" type="cond" truecount="1" falsecount="1"/>
        <line num="771" count="1" type="stmt"/>
        <line num="809" count="1" type="stmt"/>
        <line num="816" count="4" type="stmt"/>
        <line num="820" count="4" type="stmt"/>
        <line num="823" count="0" type="stmt"/>
        <line num="827" count="0" type="stmt"/>
        <line num="829" count="0" type="stmt"/>
        <line num="831" count="0" type="cond" truecount="0" falsecount="2"/>
        <line num="832" count="0" type="stmt"/>
        <line num="835" count="0" type="stmt"/>
        <line num="838" count="0" type="stmt"/>
        <line num="840" count="0" type="cond" truecount="0" falsecount="3"/>
        <line num="842" count="0" type="stmt"/>
        <line num="843" count="0" type="stmt"/>
        <line num="846" count="0" type="stmt"/>
        <line num="848" count="0" type="stmt"/>
        <line num="849" count="0" type="cond" truecount="0" falsecount="2"/>
        <line num="851" count="0" type="stmt"/>
        <line num="852" count="0" type="stmt"/>
        <line num="853" count="0" type="stmt"/>
        <line num="855" count="0" type="cond" truecount="0" falsecount="2"/>
        <line num="856" count="0" type="stmt"/>
        <line num="861" count="0" type="cond" truecount="0" falsecount="2"/>
        <line num="862" count="0" type="stmt"/>
        <line num="867" count="0" type="stmt"/>
        <line num="872" count="0" type="stmt"/>
        <line num="874" count="0" type="stmt"/>
        <line num="875" count="0" type="stmt"/>
        <line num="877" count="0" type="stmt"/>
        <line num="878" count="0" type="stmt"/>
        <line num="885" count="4" type="cond" truecount="1" falsecount="1"/>
        <line num="886" count="0" type="stmt"/>
        <line num="888" count="0" type="stmt"/>
        <line num="889" count="0" type="stmt"/>
        <line num="892" count="0" type="stmt"/>
        <line num="894" count="4" type="stmt"/>
        <line num="899" count="0" type="stmt"/>
        <line num="900" count="0" type="stmt"/>
        <line num="901" count="0" type="cond" truecount="0" falsecount="2"/>
        <line num="902" count="0" type="stmt"/>
        <line num="906" count="0" type="stmt"/>
        <line num="907" count="0" type="cond" truecount="0" falsecount="2"/>
        <line num="908" count="0" type="stmt"/>
        <line num="912" count="1" type="stmt"/>
      </file>
      <file name="onboarding.js" path="/Users/ishitarout/Capstone Project/ITSC_4155/frontend/onboarding.js">
        <metrics statements="182" coveredstatements="109" conditionals="96" coveredconditionals="29" methods="38" coveredmethods="24"/>
        <line num="2" count="1" type="stmt"/>
        <line num="3" count="1" type="stmt"/>
        <line num="4" count="1" type="stmt"/>
        <line num="5" count="1" type="stmt"/>
        <line num="44" count="1" type="stmt"/>
        <line num="54" count="4" type="stmt"/>
        <line num="55" count="4" type="cond" truecount="3" falsecount="1"/>
        <line num="57" count="0" type="stmt"/>
        <line num="61" count="4" type="cond" truecount="1" falsecount="1"/>
        <line num="62" count="4" type="stmt"/>
        <line num="66" count="2" type="cond" truecount="1" falsecount="1"/>
        <line num="67" count="2" type="stmt"/>
        <line num="71" count="1" type="cond" truecount="1" falsecount="1"/>
        <line num="72" count="1" type="stmt"/>
        <line num="77" count="2" type="cond" truecount="3" falsecount="1"/>
        <line num="78" count="2" type="stmt"/>
        <line num="79" count="2" type="cond" truecount="1" falsecount="1"/>
        <line num="80" count="0" type="stmt"/>
        <line num="81" count="0" type="cond" truecount="0" falsecount="2"/>
        <line num="82" count="0" type="stmt"/>
        <line num="83" count="0" type="stmt"/>
        <line num="89" count="2" type="stmt"/>
        <line num="90" count="2" type="cond" truecount="2" falsecount="0"/>
        <line num="91" count="2" type="cond" truecount="2" falsecount="0"/>
        <line num="93" count="2" type="stmt"/>
        <line num="94" count="2" type="stmt"/>
        <line num="95" count="2" type="stmt"/>
        <line num="96" count="2" type="stmt"/>
        <line num="99" count="2" type="stmt"/>
        <line num="100" count="2" type="stmt"/>
        <line num="101" count="2" type="stmt"/>
        <line num="102" count="2" type="stmt"/>
        <line num="104" count="2" type="cond" truecount="1" falsecount="1"/>
        <line num="105" count="2" type="cond" truecount="1" falsecount="1"/>
        <line num="110" count="0" type="stmt"/>
        <line num="111" count="0" type="stmt"/>
        <line num="112" count="0" type="stmt"/>
        <line num="113" count="0" type="stmt"/>
        <line num="114" count="0" type="cond" truecount="0" falsecount="2"/>
        <line num="115" count="0" type="cond" truecount="0" falsecount="2"/>
        <line num="116" count="0" type="stmt"/>
        <line num="118" count="0" type="stmt"/>
        <line num="123" count="2" type="stmt"/>
        <line num="124" count="2" type="cond" truecount="1" falsecount="1"/>
        <line num="125" count="0" type="stmt"/>
        <line num="126" count="0" type="stmt"/>
        <line num="128" count="2" type="stmt"/>
        <line num="129" count="2" type="cond" truecount="1" falsecount="1"/>
        <line num="130" count="0" type="cond" truecount="0" falsecount="2"/>
        <line num="131" count="0" type="stmt"/>
        <line num="132" count="0" type="stmt"/>
        <line num="133" count="0" type="cond" truecount="0" falsecount="2"/>
        <line num="134" count="0" type="cond" truecount="0" falsecount="2"/>
        <line num="135" count="0" type="stmt"/>
        <line num="136" count="0" type="cond" truecount="0" falsecount="2"/>
        <line num="138" count="0" type="stmt"/>
        <line num="139" count="0" type="stmt"/>
        <line num="142" count="2" type="stmt"/>
        <line num="143" count="2" type="stmt"/>
        <line num="144" count="2" type="stmt"/>
        <line num="145" count="2" type="stmt"/>
        <line num="146" count="2" type="stmt"/>
        <line num="147" count="2" type="stmt"/>
        <line num="148" count="2" type="stmt"/>
        <line num="149" count="2" type="stmt"/>
        <line num="153" count="0" type="stmt"/>
        <line num="154" count="0" type="stmt"/>
        <line num="158" count="0" type="stmt"/>
        <line num="159" count="0" type="stmt"/>
        <line num="163" count="0" type="stmt"/>
        <line num="164" count="0" type="stmt"/>
        <line num="166" count="0" type="cond" truecount="0" falsecount="2"/>
        <line num="167" count="0" type="stmt"/>
        <line num="168" count="0" type="stmt"/>
        <line num="173" count="2" type="stmt"/>
        <line num="174" count="2" type="stmt"/>
        <line num="178" count="1" type="stmt"/>
        <line num="179" count="1" type="stmt"/>
        <line num="183" count="2" type="stmt"/>
        <line num="184" count="2" type="stmt"/>
        <line num="185" count="2" type="stmt"/>
        <line num="186" count="2" type="stmt"/>
        <line num="187" count="2" type="stmt"/>
        <line num="188" count="2" type="stmt"/>
        <line num="189" count="2" type="stmt"/>
        <line num="193" count="0" type="stmt"/>
        <line num="194" count="0" type="cond" truecount="0" falsecount="2"/>
        <line num="195" count="0" type="stmt"/>
        <line num="196" count="0" type="cond" truecount="0" falsecount="2"/>
        <line num="200" count="0" type="cond" truecount="0" falsecount="2"/>
        <line num="201" count="0" type="cond" truecount="0" falsecount="2"/>
        <line num="202" count="0" type="stmt"/>
        <line num="203" count="0" type="stmt"/>
        <line num="204" count="0" type="cond" truecount="0" falsecount="2"/>
        <line num="205" count="0" type="stmt"/>
        <line num="206" count="0" type="stmt"/>
        <line num="212" count="4" type="stmt"/>
        <line num="213" count="4" type="stmt"/>
        <line num="214" count="4" type="stmt"/>
        <line num="215" count="4" type="stmt"/>
        <line num="218" count="4" type="stmt"/>
        <line num="219" count="4" type="stmt"/>
        <line num="220" count="4" type="stmt"/>
        <line num="229" count="4" type="stmt"/>
        <line num="230" count="4" type="stmt"/>
        <line num="232" count="4" type="stmt"/>
        <line num="233" count="0" type="cond" truecount="0" falsecount="2"/>
        <line num="234" count="0" type="cond" truecount="0" falsecount="2"/>
        <line num="235" count="0" type="cond" truecount="0" falsecount="2"/>
        <line num="236" count="0" type="cond" truecount="0" falsecount="2"/>
        <line num="237" count="0" type="cond" truecount="0" falsecount="2"/>
        <line num="240" count="4" type="stmt"/>
        <line num="241" count="4" type="stmt"/>
        <line num="242" count="4" type="stmt"/>
        <line num="246" count="4" type="stmt"/>
        <line num="247" count="4" type="stmt"/>
        <line num="248" count="4" type="stmt"/>
        <line num="249" count="4" type="stmt"/>
        <line num="250" count="4" type="stmt"/>
        <line num="251" count="24" type="cond" truecount="1" falsecount="1"/>
        <line num="254" count="4" type="stmt"/>
        <line num="264" count="4" type="stmt"/>
        <line num="265" count="4" type="stmt"/>
        <line num="267" count="4" type="stmt"/>
        <line num="268" count="4" type="stmt"/>
        <line num="270" count="4" type="stmt"/>
        <line num="271" count="0" type="cond" truecount="0" falsecount="2"/>
        <line num="272" count="0" type="stmt"/>
        <line num="273" count="0" type="stmt"/>
        <line num="274" count="0" type="stmt"/>
        <line num="275" count="0" type="cond" truecount="0" falsecount="2"/>
        <line num="276" count="0" type="stmt"/>
        <line num="278" count="0" type="stmt"/>
        <line num="282" count="4" type="stmt"/>
        <line num="283" count="1" type="stmt"/>
        <line num="284" count="1" type="stmt"/>
        <line num="286" count="4" type="stmt"/>
        <line num="287" count="2" type="stmt"/>
        <line num="292" count="4" type="cond" truecount="1" falsecount="1"/>
        <line num="293" count="4" type="stmt"/>
        <line num="294" count="4" type="stmt"/>
        <line num="295" count="4" type="stmt"/>
        <line num="299" count="3" type="stmt"/>
        <line num="303" count="2" type="stmt"/>
        <line num="304" count="2" type="stmt"/>
        <line num="308" count="4" type="stmt"/>
        <line num="310" count="4" type="stmt"/>
        <line num="311" count="4" type="cond" truecount="1" falsecount="1"/>
        <line num="312" count="4" type="stmt"/>
        <line num="313" count="4" type="cond" truecount="1" falsecount="1"/>
        <line num="314" count="0" type="stmt"/>
        <line num="315" count="0" type="stmt"/>
        <line num="316" count="0" type="stmt"/>
        <line num="318" count="4" type="cond" truecount="1" falsecount="1"/>
        <line num="319" count="4" type="stmt"/>
        <line num="324" count="4" type="cond" truecount="2" falsecount="0"/>
        <line num="326" count="3" type="cond" truecount="2" falsecount="0"/>
        <line num="327" count="3" type="cond" truecount="1" falsecount="1"/>
        <line num="328" count="0" type="stmt"/>
        <line num="329" count="0" type="cond" truecount="0" falsecount="2"/>
        <line num="330" count="0" type="stmt"/>
        <line num="331" count="0" type="stmt"/>
        <line num="333" count="0" type="stmt"/>
        <line num="334" count="0" type="cond" truecount="0" falsecount="2"/>
        <line num="335" count="0" type="stmt"/>
        <line num="336" count="0" type="stmt"/>
        <line num="337" count="0" type="stmt"/>
        <line num="339" count="0" type="stmt"/>
        <line num="341" count="1" type="stmt"/>
        <line num="342" count="1" type="stmt"/>
        <line num="346" count="4" type="stmt"/>
        <line num="347" count="4" type="stmt"/>
        <line num="348" count="4" type="stmt"/>
        <line num="352" count="1" type="stmt"/>
        <line num="355" count="0" type="stmt"/>
        <line num="358" count="1" type="cond" truecount="1" falsecount="1"/>
        <line num="360" count="1" type="stmt"/>
        <line num="361" count="4" type="stmt"/>
        <line num="362" count="4" type="stmt"/>
        <line num="366" count="0" type="stmt"/>
        <line num="367" count="0" type="stmt"/>
        <line num="368" count="0" type="cond" truecount="0" falsecount="3"/>
      </file>
      <file name="settings.js" path="/Users/ishitarout/Capstone Project/ITSC_4155/frontend/settings.js">
        <metrics statements="66" coveredstatements="63" conditionals="52" coveredconditionals="31" methods="8" coveredmethods="8"/>
        <line num="4" count="5" type="cond" truecount="2" falsecount="0"/>
        <line num="5" count="4" type="stmt"/>
        <line num="8" count="5" type="stmt"/>
        <line num="10" count="5" type="cond" truecount="1" falsecount="1"/>
        <line num="11" count="5" type="cond" truecount="1" falsecount="1"/>
        <line num="14" count="5" type="stmt"/>
        <line num="15" count="5" type="cond" truecount="1" falsecount="1"/>
        <line num="16" count="5" type="stmt"/>
        <line num="20" count="5" type="stmt"/>
        <line num="22" count="5" type="cond" truecount="1" falsecount="1"/>
        <line num="23" count="5" type="cond" truecount="1" falsecount="1"/>
        <line num="25" count="5" type="cond" truecount="1" falsecount="1"/>
        <line num="29" count="5" type="cond" truecount="1" falsecount="1"/>
        <line num="31" count="5" type="stmt"/>
        <line num="33" count="5" type="stmt"/>
        <line num="34" count="5" type="stmt"/>
        <line num="35" count="5" type="stmt"/>
        <line num="36" count="5" type="stmt"/>
        <line num="39" count="5" type="stmt"/>
        <line num="40" count="1" type="stmt"/>
        <line num="41" count="1" type="stmt"/>
        <line num="44" count="5" type="stmt"/>
        <line num="45" count="1" type="stmt"/>
        <line num="46" count="1" type="stmt"/>
        <line num="49" count="5" type="stmt"/>
        <line num="50" count="1" type="stmt"/>
        <line num="51" count="1" type="stmt"/>
        <line num="54" count="5" type="stmt"/>
        <line num="55" count="1" type="stmt"/>
        <line num="56" count="1" type="cond" truecount="1" falsecount="1"/>
        <line num="57" count="1" type="stmt"/>
        <line num="62" count="5" type="cond" truecount="1" falsecount="1"/>
        <line num="68" count="5" type="stmt"/>
        <line num="69" count="5" type="stmt"/>
        <line num="71" count="5" type="cond" truecount="1" falsecount="1"/>
        <line num="72" count="5" type="stmt"/>
        <line num="73" count="10" type="stmt"/>
        <line num="76" count="5" type="stmt"/>
        <line num="77" count="5" type="stmt"/>
        <line num="78" count="5" type="stmt"/>
        <line num="80" count="5" type="cond" truecount="1" falsecount="1"/>
        <line num="81" count="5" type="stmt"/>
        <line num="84" count="0" type="stmt"/>
        <line num="85" count="0" type="cond" truecount="0" falsecount="2"/>
        <line num="86" count="0" type="stmt"/>
        <line num="92" count="5" type="cond" truecount="5" falsecount="1"/>
        <line num="93" count="5" type="stmt"/>
        <line num="94" count="2" type="stmt"/>
        <line num="95" count="2" type="cond" truecount="1" falsecount="1"/>
        <line num="97" count="2" type="stmt"/>
        <line num="98" count="2" type="cond" truecount="1" falsecount="1"/>
        <line num="99" count="2" type="cond" truecount="1" falsecount="1"/>
        <line num="100" count="2" type="cond" truecount="2" falsecount="0"/>
        <line num="103" count="2" type="cond" truecount="1" falsecount="1"/>
        <line num="104" count="5" type="stmt"/>
        <line num="105" count="2" type="stmt"/>
        <line num="106" count="2" type="stmt"/>
        <line num="109" count="2" type="cond" truecount="1" falsecount="1"/>
        <line num="111" count="2" type="stmt"/>
        <line num="112" count="2" type="stmt"/>
        <line num="113" count="1" type="cond" truecount="1" falsecount="1"/>
        <line num="114" count="1" type="stmt"/>
        <line num="117" count="1" type="stmt"/>
        <line num="118" count="1" type="cond" truecount="1" falsecount="1"/>
        <line num="119" count="1" type="stmt"/>
        <line num="126" count="5" type="stmt"/>
      </file>
    </package>
    <package name="frontend.coverage.lcov-report">
      <metrics statements="125" coveredstatements="0" conditionals="331" coveredconditionals="0" methods="54" coveredmethods="0"/>
      <file name="block-navigation.js" path="/Users/ishitarout/Capstone Project/ITSC_4155/frontend/coverage/lcov-report/block-navigation.js">
        <metrics statements="30" coveredstatements="0" conditionals="19" coveredconditionals="0" methods="6" coveredmethods="0"/>
        <line num="2" count="0" type="stmt"/>
        <line num="4" count="0" type="stmt"/>
        <line num="7" count="0" type="stmt"/>
        <line num="10" count="0" type="stmt"/>
        <line num="14" count="0" type="stmt"/>
        <line num="20" count="0" type="stmt"/>
        <line num="25" count="0" type="stmt"/>
        <line num="28" count="0" type="stmt"/>
        <line num="32" count="0" type="stmt"/>
        <line num="33" count="0" type="stmt"/>
        <line num="34" count="0" type="stmt"/>
        <line num="42" count="0" type="stmt"/>
        <line num="43" count="0" type="cond" truecount="0" falsecount="4"/>
        <line num="44" count="0" type="stmt"/>
        <line num="45" count="0" type="cond" truecount="0" falsecount="2"/>
        <line num="46" count="0" type="stmt"/>
        <line num="49" count="0" type="stmt"/>
        <line num="53" count="0" type="stmt"/>
        <line num="55" count="0" type="cond" truecount="0" falsecount="2"/>
        <line num="59" count="0" type="stmt"/>
        <line num="62" count="0" type="stmt"/>
        <line num="65" count="0" type="stmt"/>
        <line num="66" count="0" type="cond" truecount="0" falsecount="2"/>
        <line num="71" count="0" type="stmt"/>
        <line num="74" count="0" type="cond" truecount="0" falsecount="5"/>
        <line num="77" count="0" type="stmt"/>
        <line num="78" count="0" type="stmt"/>
        <line num="82" count="0" type="stmt"/>
        <line num="83" count="0" type="stmt"/>
        <line num="87" count="0" type="stmt"/>
      </file>
      <file name="prettify.js" path="/Users/ishitarout/Capstone Project/ITSC_4155/frontend/coverage/lcov-report/prettify.js">
        <metrics statements="1" coveredstatements="0" conditionals="286" coveredconditionals="0" methods="29" coveredmethods="0"/>
        <line num="2" count="0" type="cond" truecount="0" falsecount="286"/>
      </file>
      <file name="sorter.js" path="/Users/ishitarout/Capstone Project/ITSC_4155/frontend/coverage/lcov-report/sorter.js">
        <metrics statements="94" coveredstatements="0" conditionals="26" coveredconditionals="0" methods="19" coveredmethods="0"/>
        <line num="2" count="0" type="stmt"/>
        <line num="5" count="0" type="stmt"/>
        <line num="12" count="0" type="stmt"/>
        <line num="16" count="0" type="stmt"/>
        <line num="20" count="0" type="stmt"/>
        <line num="24" count="0" type="stmt"/>
        <line num="28" count="0" type="stmt"/>
        <line num="29" count="0" type="stmt"/>
        <line num="34" count="0" type="stmt"/>
        <line num="35" count="0" type="stmt"/>
        <line num="37" count="0" type="stmt"/>
        <line num="40" count="0" type="stmt"/>
        <line num="41" count="0" type="stmt"/>
        <line num="42" count="0" type="stmt"/>
        <line num="44" count="0" type="cond" truecount="0" falsecount="2"/>
        <line num="46" count="0" type="stmt"/>
        <line num="49" count="0" type="stmt"/>
        <line num="54" count="0" type="cond" truecount="0" falsecount="2"/>
        <line num="60" count="0" type="stmt"/>
        <line num="61" count="0" type="stmt"/>
        <line num="62" count="0" type="stmt"/>
        <line num="63" count="0" type="stmt"/>
        <line num="68" count="0" type="stmt"/>
        <line num="70" count="0" type="stmt"/>
        <line num="74" count="0" type="stmt"/>
        <line num="75" count="0" type="stmt"/>
        <line num="76" count="0" type="stmt"/>
        <line num="81" count="0" type="stmt"/>
        <line num="82" count="0" type="cond" truecount="0" falsecount="2"/>
        <line num="83" count="0" type="stmt"/>
        <line num="84" count="0" type="stmt"/>
        <line num="88" count="0" type="stmt"/>
        <line num="93" count="0" type="stmt"/>
        <line num="96" count="0" type="stmt"/>
        <line num="99" count="0" type="stmt"/>
        <line num="100" count="0" type="stmt"/>
        <line num="101" count="0" type="stmt"/>
        <line num="102" count="0" type="stmt"/>
        <line num="103" count="0" type="cond" truecount="0" falsecount="2"/>
        <line num="104" count="0" type="stmt"/>
        <line num="106" count="0" type="stmt"/>
        <line num="108" count="0" type="stmt"/>
        <line num="112" count="0" type="stmt"/>
        <line num="115" count="0" type="stmt"/>
        <line num="116" count="0" type="stmt"/>
        <line num="121" count="0" type="stmt"/>
        <line num="122" count="0" type="stmt"/>
        <line num="123" count="0" type="stmt"/>
        <line num="124" count="0" type="stmt"/>
        <line num="125" count="0" type="cond" truecount="0" falsecount="4"/>
        <line num="127" count="0" type="stmt"/>
        <line num="128" count="0" type="stmt"/>
        <line num="129" count="0" type="stmt"/>
        <line num="130" count="0" type="stmt"/>
        <line num="133" count="0" type="cond" truecount="0" falsecount="2"/>
        <line num="134" count="0" type="stmt"/>
        <line num="135" count="0" type="stmt"/>
        <line num="139" count="0" type="stmt"/>
        <line num="140" count="0" type="stmt"/>
        <line num="141" count="0" type="stmt"/>
        <line num="144" count="0" type="stmt"/>
        <line num="146" count="0" type="stmt"/>
        <line num="147" count="0" type="stmt"/>
        <line num="152" count="0" type="stmt"/>
        <line num="153" count="0" type="stmt"/>
        <line num="155" count="0" type="stmt"/>
        <line num="156" count="0" type="stmt"/>
        <line num="160" count="0" type="cond" truecount="0" falsecount="2"/>
        <line num="168" count="0" type="stmt"/>
        <line num="169" count="0" type="stmt"/>
        <line num="171" count="0" type="stmt"/>
        <line num="172" count="0" type="stmt"/>
        <line num="174" count="0" type="cond" truecount="0" falsecount="2"/>
        <line num="175" count="0" type="stmt"/>
        <line num="177" count="0" type="stmt"/>
        <line num="178" count="0" type="stmt"/>
        <line num="179" count="0" type="stmt"/>
        <line num="180" count="0" type="stmt"/>
        <line num="181" count="0" type="stmt"/>
        <line num="184" count="0" type="stmt"/>
        <line num="185" count="0" type="cond" truecount="0" falsecount="2"/>
        <line num="188" count="0" type="stmt"/>
        <line num="189" count="0" type="cond" truecount="0" falsecount="2"/>
        <line num="190" count="0" type="stmt"/>
        <line num="192" count="0" type="stmt"/>
        <line num="198" count="0" type="stmt"/>
        <line num="199" count="0" type="cond" truecount="0" falsecount="2"/>
        <line num="200" count="0" type="stmt"/>
        <line num="202" count="0" type="stmt"/>
        <line num="203" count="0" type="stmt"/>
        <line num="204" count="0" type="stmt"/>
        <line num="205" count="0" type="stmt"/>
        <line num="206" count="0" type="stmt"/>
        <line num="210" count="0" type="stmt"/>
      </file>
    </package>
  </project>
</coverage>
