{"/Users/ishitarout/Capstone Project/ITSC_4155/frontend/api.js": {"path":"/Users/ishitarout/Capstone Project/ITSC_4155/frontend/api.js","statementMap":{"0":{"start":{"line":11,"column":2},"end":{"line":27,"column":3}},"1":{"start":{"line":12,"column":21},"end":{"line":15,"column":6}},"2":{"start":{"line":17,"column":17},"end":{"line":17,"column":38}},"3":{"start":{"line":19,"column":4},"end":{"line":21,"column":5}},"4":{"start":{"line":20,"column":6},"end":{"line":20,"column":66}},"5":{"start":{"line":23,"column":4},"end":{"line":23,"column":16}},"6":{"start":{"line":25,"column":4},"end":{"line":25,"column":51}},"7":{"start":{"line":26,"column":4},"end":{"line":26,"column":16}},"8":{"start":{"line":32,"column":2},"end":{"line":51,"column":3}},"9":{"start":{"line":33,"column":21},"end":{"line":39,"column":6}},"10":{"start":{"line":41,"column":17},"end":{"line":41,"column":38}},"11":{"start":{"line":43,"column":4},"end":{"line":45,"column":5}},"12":{"start":{"line":44,"column":6},"end":{"line":44,"column":65}},"13":{"start":{"line":47,"column":4},"end":{"line":47,"column":16}},"14":{"start":{"line":49,"column":4},"end":{"line":49,"column":50}},"15":{"start":{"line":50,"column":4},"end":{"line":50,"column":16}},"16":{"start":{"line":56,"column":2},"end":{"line":71,"column":3}},"17":{"start":{"line":57,"column":21},"end":{"line":60,"column":6}},"18":{"start":{"line":62,"column":4},"end":{"line":65,"column":5}},"19":{"start":{"line":63,"column":19},"end":{"line":63,"column":40}},"20":{"start":{"line":64,"column":6},"end":{"line":64,"column":68}},"21":{"start":{"line":67,"column":4},"end":{"line":67,"column":16}},"22":{"start":{"line":69,"column":4},"end":{"line":69,"column":53}},"23":{"start":{"line":70,"column":4},"end":{"line":70,"column":16}},"24":{"start":{"line":78,"column":2},"end":{"line":90,"column":3}},"25":{"start":{"line":79,"column":21},"end":{"line":79,"column":70}},"26":{"start":{"line":80,"column":17},"end":{"line":80,"column":38}},"27":{"start":{"line":82,"column":4},"end":{"line":84,"column":5}},"28":{"start":{"line":83,"column":6},"end":{"line":83,"column":58}},"29":{"start":{"line":83,"column":38},"end":{"line":83,"column":56}},"30":{"start":{"line":86,"column":4},"end":{"line":86,"column":14}},"31":{"start":{"line":88,"column":4},"end":{"line":88,"column":54}},"32":{"start":{"line":89,"column":4},"end":{"line":89,"column":14}},"33":{"start":{"line":95,"column":2},"end":{"line":137,"column":3}},"34":{"start":{"line":96,"column":21},"end":{"line":98,"column":5}},"35":{"start":{"line":99,"column":17},"end":{"line":99,"column":38}},"36":{"start":{"line":101,"column":4},"end":{"line":103,"column":5}},"37":{"start":{"line":102,"column":6},"end":{"line":102,"column":42}},"38":{"start":{"line":105,"column":17},"end":{"line":105,"column":30}},"39":{"start":{"line":108,"column":28},"end":{"line":118,"column":5}},"40":{"start":{"line":121,"column":4},"end":{"line":131,"column":5}},"41":{"start":{"line":121,"column":17},"end":{"line":121,"column":18}},"42":{"start":{"line":122,"column":25},"end":{"line":122,"column":50}},"43":{"start":{"line":123,"column":22},"end":{"line":123,"column":44}},"44":{"start":{"line":125,"column":6},"end":{"line":130,"column":7}},"45":{"start":{"line":126,"column":8},"end":{"line":129,"column":11}},"46":{"start":{"line":133,"column":4},"end":{"line":133,"column":27}},"47":{"start":{"line":135,"column":4},"end":{"line":135,"column":50}},"48":{"start":{"line":136,"column":4},"end":{"line":136,"column":16}},"49":{"start":{"line":151,"column":2},"end":{"line":151,"column":35}},"50":{"start":{"line":151,"column":25},"end":{"line":151,"column":35}},"51":{"start":{"line":154,"column":2},"end":{"line":156,"column":3}},"52":{"start":{"line":155,"column":4},"end":{"line":155,"column":28}},"53":{"start":{"line":159,"column":2},"end":{"line":161,"column":3}},"54":{"start":{"line":160,"column":4},"end":{"line":160,"column":30}},"55":{"start":{"line":164,"column":2},"end":{"line":169,"column":3}},"56":{"start":{"line":168,"column":4},"end":{"line":168,"column":40}},"57":{"start":{"line":172,"column":2},"end":{"line":179,"column":3}},"58":{"start":{"line":173,"column":17},"end":{"line":173,"column":48}},"59":{"start":{"line":175,"column":4},"end":{"line":177,"column":5}},"60":{"start":{"line":176,"column":6},"end":{"line":176,"column":21}},"61":{"start":{"line":178,"column":4},"end":{"line":178,"column":16}},"62":{"start":{"line":181,"column":2},"end":{"line":181,"column":12}},"63":{"start":{"line":188,"column":14},"end":{"line":188,"column":57}},"64":{"start":{"line":189,"column":2},"end":{"line":189,"column":58}},"65":{"start":{"line":189,"column":32},"end":{"line":189,"column":55}},"66":{"start":{"line":204,"column":4},"end":{"line":206,"column":42}},"67":{"start":{"line":208,"column":2},"end":{"line":208,"column":36}},"68":{"start":{"line":208,"column":24},"end":{"line":208,"column":36}},"69":{"start":{"line":210,"column":15},"end":{"line":210,"column":51}},"70":{"start":{"line":213,"column":2},"end":{"line":259,"column":3}},"71":{"start":{"line":214,"column":33},"end":{"line":253,"column":5}},"72":{"start":{"line":255,"column":28},"end":{"line":257,"column":5}},"73":{"start":{"line":256,"column":6},"end":{"line":256,"column":22}},"74":{"start":{"line":258,"column":4},"end":{"line":258,"column":38}},"75":{"start":{"line":258,"column":25},"end":{"line":258,"column":38}},"76":{"start":{"line":262,"column":2},"end":{"line":294,"column":3}},"77":{"start":{"line":263,"column":38},"end":{"line":288,"column":5}},"78":{"start":{"line":290,"column":33},"end":{"line":292,"column":5}},"79":{"start":{"line":291,"column":6},"end":{"line":291,"column":22}},"80":{"start":{"line":293,"column":4},"end":{"line":293,"column":43}},"81":{"start":{"line":293,"column":30},"end":{"line":293,"column":43}},"82":{"start":{"line":297,"column":2},"end":{"line":319,"column":3}},"83":{"start":{"line":298,"column":31},"end":{"line":314,"column":5}},"84":{"start":{"line":315,"column":26},"end":{"line":317,"column":5}},"85":{"start":{"line":316,"column":6},"end":{"line":316,"column":22}},"86":{"start":{"line":318,"column":4},"end":{"line":318,"column":36}},"87":{"start":{"line":318,"column":23},"end":{"line":318,"column":36}},"88":{"start":{"line":322,"column":2},"end":{"line":338,"column":3}},"89":{"start":{"line":323,"column":30},"end":{"line":333,"column":5}},"90":{"start":{"line":334,"column":25},"end":{"line":336,"column":5}},"91":{"start":{"line":335,"column":6},"end":{"line":335,"column":22}},"92":{"start":{"line":337,"column":4},"end":{"line":337,"column":35}},"93":{"start":{"line":337,"column":22},"end":{"line":337,"column":35}},"94":{"start":{"line":341,"column":2},"end":{"line":361,"column":3}},"95":{"start":{"line":342,"column":28},"end":{"line":356,"column":5}},"96":{"start":{"line":357,"column":23},"end":{"line":359,"column":5}},"97":{"start":{"line":358,"column":6},"end":{"line":358,"column":22}},"98":{"start":{"line":360,"column":4},"end":{"line":360,"column":33}},"99":{"start":{"line":360,"column":20},"end":{"line":360,"column":33}},"100":{"start":{"line":363,"column":2},"end":{"line":363,"column":14}},"101":{"start":{"line":376,"column":4},"end":{"line":378,"column":42}},"102":{"start":{"line":380,"column":2},"end":{"line":380,"column":36}},"103":{"start":{"line":380,"column":24},"end":{"line":380,"column":36}},"104":{"start":{"line":382,"column":26},"end":{"line":384,"column":3}},"105":{"start":{"line":383,"column":4},"end":{"line":383,"column":34}},"106":{"start":{"line":385,"column":23},"end":{"line":385,"column":61}},"107":{"start":{"line":387,"column":4},"end":{"line":387,"column":50}},"108":{"start":{"line":390,"column":2},"end":{"line":471,"column":3}},"109":{"start":{"line":391,"column":29},"end":{"line":465,"column":5}},"110":{"start":{"line":467,"column":24},"end":{"line":469,"column":5}},"111":{"start":{"line":468,"column":6},"end":{"line":468,"column":30}},"112":{"start":{"line":470,"column":4},"end":{"line":470,"column":34}},"113":{"start":{"line":470,"column":21},"end":{"line":470,"column":34}},"114":{"start":{"line":474,"column":2},"end":{"line":528,"column":3}},"115":{"start":{"line":475,"column":34},"end":{"line":522,"column":5}},"116":{"start":{"line":524,"column":29},"end":{"line":526,"column":5}},"117":{"start":{"line":525,"column":6},"end":{"line":525,"column":30}},"118":{"start":{"line":527,"column":4},"end":{"line":527,"column":39}},"119":{"start":{"line":527,"column":26},"end":{"line":527,"column":39}},"120":{"start":{"line":531,"column":2},"end":{"line":580,"column":3}},"121":{"start":{"line":532,"column":27},"end":{"line":574,"column":5}},"122":{"start":{"line":576,"column":22},"end":{"line":578,"column":5}},"123":{"start":{"line":577,"column":6},"end":{"line":577,"column":30}},"124":{"start":{"line":579,"column":4},"end":{"line":579,"column":32}},"125":{"start":{"line":579,"column":19},"end":{"line":579,"column":32}},"126":{"start":{"line":583,"column":2},"end":{"line":618,"column":3}},"127":{"start":{"line":584,"column":26},"end":{"line":612,"column":5}},"128":{"start":{"line":614,"column":21},"end":{"line":616,"column":5}},"129":{"start":{"line":615,"column":6},"end":{"line":615,"column":30}},"130":{"start":{"line":617,"column":4},"end":{"line":617,"column":31}},"131":{"start":{"line":617,"column":18},"end":{"line":617,"column":31}},"132":{"start":{"line":621,"column":2},"end":{"line":643,"column":3}},"133":{"start":{"line":622,"column":24},"end":{"line":637,"column":5}},"134":{"start":{"line":639,"column":19},"end":{"line":641,"column":5}},"135":{"start":{"line":640,"column":6},"end":{"line":640,"column":30}},"136":{"start":{"line":642,"column":4},"end":{"line":642,"column":29}},"137":{"start":{"line":642,"column":16},"end":{"line":642,"column":29}},"138":{"start":{"line":645,"column":2},"end":{"line":645,"column":14}},"139":{"start":{"line":651,"column":2},"end":{"line":722,"column":3}},"140":{"start":{"line":652,"column":4},"end":{"line":652,"column":55}},"141":{"start":{"line":652,"column":45},"end":{"line":652,"column":55}},"142":{"start":{"line":654,"column":21},"end":{"line":654,"column":23}},"143":{"start":{"line":657,"column":4},"end":{"line":678,"column":5}},"144":{"start":{"line":658,"column":34},"end":{"line":658,"column":77}},"145":{"start":{"line":660,"column":23},"end":{"line":664,"column":7}},"146":{"start":{"line":665,"column":19},"end":{"line":665,"column":40}},"147":{"start":{"line":667,"column":6},"end":{"line":677,"column":7}},"148":{"start":{"line":668,"column":8},"end":{"line":675,"column":11}},"149":{"start":{"line":670,"column":10},"end":{"line":674,"column":11}},"150":{"start":{"line":671,"column":12},"end":{"line":671,"column":48}},"151":{"start":{"line":672,"column":17},"end":{"line":674,"column":11}},"152":{"start":{"line":673,"column":12},"end":{"line":673,"column":56}},"153":{"start":{"line":676,"column":8},"end":{"line":676,"column":51}},"154":{"start":{"line":681,"column":26},"end":{"line":683,"column":5}},"155":{"start":{"line":682,"column":41},"end":{"line":682,"column":64}},"156":{"start":{"line":686,"column":20},"end":{"line":686,"column":54}},"157":{"start":{"line":689,"column":4},"end":{"line":691,"column":5}},"158":{"start":{"line":690,"column":6},"end":{"line":690,"column":27}},"159":{"start":{"line":694,"column":21},"end":{"line":694,"column":23}},"160":{"start":{"line":695,"column":4},"end":{"line":716,"column":5}},"161":{"start":{"line":697,"column":6},"end":{"line":699,"column":7}},"162":{"start":{"line":698,"column":8},"end":{"line":698,"column":17}},"163":{"start":{"line":702,"column":6},"end":{"line":715,"column":7}},"164":{"start":{"line":703,"column":24},"end":{"line":703,"column":61}},"165":{"start":{"line":704,"column":8},"end":{"line":706,"column":9}},"166":{"start":{"line":705,"column":10},"end":{"line":705,"column":19}},"167":{"start":{"line":707,"column":8},"end":{"line":707,"column":30}},"168":{"start":{"line":709,"column":8},"end":{"line":713,"column":10}},"169":{"start":{"line":718,"column":4},"end":{"line":718,"column":20}},"170":{"start":{"line":720,"column":4},"end":{"line":720,"column":49}},"171":{"start":{"line":721,"column":4},"end":{"line":721,"column":14}},"172":{"start":{"line":729,"column":28},"end":{"line":729,"column":54}},"173":{"start":{"line":731,"column":23},"end":{"line":739,"column":3}},"174":{"start":{"line":740,"column":24},"end":{"line":755,"column":3}},"175":{"start":{"line":757,"column":18},"end":{"line":759,"column":3}},"176":{"start":{"line":758,"column":4},"end":{"line":758,"column":39}},"177":{"start":{"line":760,"column":19},"end":{"line":762,"column":3}},"178":{"start":{"line":761,"column":4},"end":{"line":761,"column":39}},"179":{"start":{"line":764,"column":2},"end":{"line":764,"column":41}},"180":{"start":{"line":764,"column":27},"end":{"line":764,"column":41}},"181":{"start":{"line":765,"column":2},"end":{"line":765,"column":29}},"182":{"start":{"line":765,"column":15},"end":{"line":765,"column":29}},"183":{"start":{"line":766,"column":2},"end":{"line":766,"column":31}},"184":{"start":{"line":766,"column":16},"end":{"line":766,"column":31}},"185":{"start":{"line":767,"column":2},"end":{"line":767,"column":19}},"186":{"start":{"line":772,"column":28},"end":{"line":788,"column":3}},"187":{"start":{"line":774,"column":6},"end":{"line":786,"column":7}},"188":{"start":{"line":775,"column":24},"end":{"line":775,"column":61}},"189":{"start":{"line":776,"column":8},"end":{"line":779,"column":10}},"190":{"start":{"line":781,"column":8},"end":{"line":781,"column":75}},"191":{"start":{"line":782,"column":8},"end":{"line":785,"column":10}},"192":{"start":{"line":790,"column":2},"end":{"line":790,"column":55}},"193":{"start":{"line":790,"column":30},"end":{"line":790,"column":55}},"194":{"start":{"line":792,"column":2},"end":{"line":800,"column":5}},"195":{"start":{"line":793,"column":4},"end":{"line":795,"column":5}},"196":{"start":{"line":794,"column":6},"end":{"line":794,"column":45}},"197":{"start":{"line":796,"column":4},"end":{"line":799,"column":6}},"198":{"start":{"line":805,"column":24},"end":{"line":805,"column":36}},"199":{"start":{"line":807,"column":2},"end":{"line":820,"column":3}},"200":{"start":{"line":809,"column":6},"end":{"line":809,"column":78}},"201":{"start":{"line":809,"column":42},"end":{"line":809,"column":76}},"202":{"start":{"line":811,"column":6},"end":{"line":817,"column":9}},"203":{"start":{"line":812,"column":28},"end":{"line":812,"column":70}},"204":{"start":{"line":813,"column":8},"end":{"line":816,"column":10}},"205":{"start":{"line":819,"column":6},"end":{"line":819,"column":27}},"206":{"start":{"line":828,"column":16},"end":{"line":828,"column":46}},"207":{"start":{"line":829,"column":2},"end":{"line":834,"column":3}},"208":{"start":{"line":830,"column":19},"end":{"line":830,"column":38}},"209":{"start":{"line":831,"column":4},"end":{"line":833,"column":5}},"210":{"start":{"line":832,"column":6},"end":{"line":832,"column":20}},"211":{"start":{"line":837,"column":16},"end":{"line":837,"column":49}},"212":{"start":{"line":838,"column":2},"end":{"line":862,"column":3}},"213":{"start":{"line":839,"column":18},"end":{"line":839,"column":34}},"214":{"start":{"line":840,"column":4},"end":{"line":861,"column":5}},"215":{"start":{"line":841,"column":6},"end":{"line":860,"column":7}},"216":{"start":{"line":842,"column":30},"end":{"line":842,"column":76}},"217":{"start":{"line":843,"column":28},"end":{"line":843,"column":47}},"218":{"start":{"line":844,"column":24},"end":{"line":844,"column":47}},"219":{"start":{"line":846,"column":8},"end":{"line":851,"column":9}},"220":{"start":{"line":847,"column":25},"end":{"line":847,"column":54}},"221":{"start":{"line":848,"column":10},"end":{"line":850,"column":11}},"222":{"start":{"line":849,"column":12},"end":{"line":849,"column":26}},"223":{"start":{"line":852,"column":8},"end":{"line":857,"column":9}},"224":{"start":{"line":853,"column":25},"end":{"line":853,"column":50}},"225":{"start":{"line":854,"column":10},"end":{"line":856,"column":11}},"226":{"start":{"line":855,"column":12},"end":{"line":855,"column":26}},"227":{"start":{"line":859,"column":8},"end":{"line":859,"column":76}},"228":{"start":{"line":865,"column":2},"end":{"line":865,"column":14}},"229":{"start":{"line":870,"column":14},"end":{"line":870,"column":50}},"230":{"start":{"line":872,"column":19},"end":{"line":876,"column":4}},"231":{"start":{"line":879,"column":2},"end":{"line":881,"column":3}},"232":{"start":{"line":880,"column":4},"end":{"line":880,"column":31}},"233":{"start":{"line":883,"column":2},"end":{"line":889,"column":3}},"234":{"start":{"line":884,"column":17},"end":{"line":884,"column":81}},"235":{"start":{"line":885,"column":4},"end":{"line":885,"column":78}},"236":{"start":{"line":886,"column":4},"end":{"line":888,"column":6}},"237":{"start":{"line":892,"column":2},"end":{"line":892,"column":31}},"238":{"start":{"line":897,"column":14},"end":{"line":897,"column":47}},"239":{"start":{"line":899,"column":19},"end":{"line":904,"column":4}},"240":{"start":{"line":906,"column":2},"end":{"line":912,"column":3}},"241":{"start":{"line":907,"column":17},"end":{"line":907,"column":38}},"242":{"start":{"line":908,"column":4},"end":{"line":908,"column":79}},"243":{"start":{"line":909,"column":4},"end":{"line":911,"column":6}},"244":{"start":{"line":915,"column":2},"end":{"line":915,"column":31}},"245":{"start":{"line":920,"column":19},"end":{"line":924,"column":4}},"246":{"start":{"line":926,"column":2},"end":{"line":930,"column":3}},"247":{"start":{"line":927,"column":17},"end":{"line":927,"column":38}},"248":{"start":{"line":928,"column":4},"end":{"line":928,"column":74}},"249":{"start":{"line":929,"column":4},"end":{"line":929,"column":74}},"250":{"start":{"line":932,"column":2},"end":{"line":932,"column":31}},"251":{"start":{"line":937,"column":16},"end":{"line":937,"column":91}},"252":{"start":{"line":938,"column":17},"end":{"line":938,"column":33}},"253":{"start":{"line":939,"column":4},"end":{"line":939,"column":76}},"254":{"start":{"line":939,"column":17},"end":{"line":939,"column":76}},"255":{"start":{"line":940,"column":4},"end":{"line":940,"column":16}},"256":{"start":{"line":944,"column":16},"end":{"line":948,"column":6}},"257":{"start":{"line":949,"column":17},"end":{"line":949,"column":33}},"258":{"start":{"line":950,"column":4},"end":{"line":950,"column":74}},"259":{"start":{"line":950,"column":17},"end":{"line":950,"column":74}},"260":{"start":{"line":951,"column":4},"end":{"line":951,"column":16}},"261":{"start":{"line":955,"column":16},"end":{"line":958,"column":6}},"262":{"start":{"line":959,"column":4},"end":{"line":962,"column":5}},"263":{"start":{"line":960,"column":21},"end":{"line":960,"column":37}},"264":{"start":{"line":961,"column":8},"end":{"line":961,"column":68}},"265":{"start":{"line":963,"column":4},"end":{"line":963,"column":16}},"266":{"start":{"line":965,"column":0},"end":{"line":989,"column":1}},"267":{"start":{"line":966,"column":2},"end":{"line":966,"column":49}},"268":{"start":{"line":967,"column":2},"end":{"line":967,"column":39}},"269":{"start":{"line":968,"column":2},"end":{"line":968,"column":45}},"270":{"start":{"line":970,"column":2},"end":{"line":970,"column":67}},"271":{"start":{"line":971,"column":2},"end":{"line":971,"column":65}},"272":{"start":{"line":972,"column":2},"end":{"line":972,"column":45}},"273":{"start":{"line":974,"column":2},"end":{"line":974,"column":61}},"274":{"start":{"line":975,"column":2},"end":{"line":975,"column":57}},"275":{"start":{"line":976,"column":2},"end":{"line":976,"column":35}},"276":{"start":{"line":978,"column":2},"end":{"line":978,"column":45}},"277":{"start":{"line":979,"column":2},"end":{"line":979,"column":63}},"278":{"start":{"line":980,"column":2},"end":{"line":980,"column":65}},"279":{"start":{"line":981,"column":2},"end":{"line":981,"column":55}},"280":{"start":{"line":983,"column":2},"end":{"line":983,"column":71}},"281":{"start":{"line":984,"column":2},"end":{"line":984,"column":79}},"282":{"start":{"line":986,"column":2},"end":{"line":986,"column":37}},"283":{"start":{"line":987,"column":2},"end":{"line":987,"column":35}},"284":{"start":{"line":988,"column":2},"end":{"line":988,"column":41}}},"fnMap":{"0":{"name":"getUserIngredients","decl":{"start":{"line":10,"column":15},"end":{"line":10,"column":33}},"loc":{"start":{"line":10,"column":36},"end":{"line":28,"column":1}},"line":10},"1":{"name":"addIngredient","decl":{"start":{"line":31,"column":15},"end":{"line":31,"column":28}},"loc":{"start":{"line":31,"column":45},"end":{"line":52,"column":1}},"line":31},"2":{"name":"removeIngredient","decl":{"start":{"line":55,"column":15},"end":{"line":55,"column":31}},"loc":{"start":{"line":55,"column":46},"end":{"line":72,"column":1}},"line":55},"3":{"name":"getAllIngredientsFromMealDB","decl":{"start":{"line":77,"column":15},"end":{"line":77,"column":42}},"loc":{"start":{"line":77,"column":45},"end":{"line":91,"column":1}},"line":77},"4":{"name":"(anonymous_4)","decl":{"start":{"line":83,"column":28},"end":{"line":83,"column":29}},"loc":{"start":{"line":83,"column":38},"end":{"line":83,"column":56}},"line":83},"5":{"name":"getRecipeDetails","decl":{"start":{"line":94,"column":15},"end":{"line":94,"column":31}},"loc":{"start":{"line":94,"column":42},"end":{"line":138,"column":1}},"line":94},"6":{"name":"normalizePreferencesInput","decl":{"start":{"line":150,"column":9},"end":{"line":150,"column":34}},"loc":{"start":{"line":150,"column":53},"end":{"line":182,"column":1}},"line":150},"7":{"name":"getPreferenceSet","decl":{"start":{"line":187,"column":9},"end":{"line":187,"column":25}},"loc":{"start":{"line":187,"column":44},"end":{"line":190,"column":1}},"line":187},"8":{"name":"(anonymous_8)","decl":{"start":{"line":189,"column":25},"end":{"line":189,"column":26}},"loc":{"start":{"line":189,"column":32},"end":{"line":189,"column":55}},"line":189},"9":{"name":"isRecipeNameAllowedForPreferences","decl":{"start":{"line":202,"column":9},"end":{"line":202,"column":42}},"loc":{"start":{"line":202,"column":69},"end":{"line":364,"column":1}},"line":202},"10":{"name":"(anonymous_10)","decl":{"start":{"line":255,"column":54},"end":{"line":255,"column":55}},"loc":{"start":{"line":256,"column":6},"end":{"line":256,"column":22}},"line":256},"11":{"name":"(anonymous_11)","decl":{"start":{"line":290,"column":64},"end":{"line":290,"column":65}},"loc":{"start":{"line":291,"column":6},"end":{"line":291,"column":22}},"line":291},"12":{"name":"(anonymous_12)","decl":{"start":{"line":315,"column":50},"end":{"line":315,"column":51}},"loc":{"start":{"line":316,"column":6},"end":{"line":316,"column":22}},"line":316},"13":{"name":"(anonymous_13)","decl":{"start":{"line":334,"column":48},"end":{"line":334,"column":49}},"loc":{"start":{"line":335,"column":6},"end":{"line":335,"column":22}},"line":335},"14":{"name":"(anonymous_14)","decl":{"start":{"line":357,"column":44},"end":{"line":357,"column":45}},"loc":{"start":{"line":358,"column":6},"end":{"line":358,"column":22}},"line":358},"15":{"name":"isRecipeAllowedForPreferences","decl":{"start":{"line":374,"column":9},"end":{"line":374,"column":38}},"loc":{"start":{"line":374,"column":66},"end":{"line":646,"column":1}},"line":374},"16":{"name":"(anonymous_16)","decl":{"start":{"line":382,"column":58},"end":{"line":382,"column":59}},"loc":{"start":{"line":383,"column":4},"end":{"line":383,"column":34}},"line":383},"17":{"name":"(anonymous_17)","decl":{"start":{"line":467,"column":46},"end":{"line":467,"column":47}},"loc":{"start":{"line":468,"column":6},"end":{"line":468,"column":30}},"line":468},"18":{"name":"(anonymous_18)","decl":{"start":{"line":524,"column":56},"end":{"line":524,"column":57}},"loc":{"start":{"line":525,"column":6},"end":{"line":525,"column":30}},"line":525},"19":{"name":"(anonymous_19)","decl":{"start":{"line":576,"column":42},"end":{"line":576,"column":43}},"loc":{"start":{"line":577,"column":6},"end":{"line":577,"column":30}},"line":577},"20":{"name":"(anonymous_20)","decl":{"start":{"line":614,"column":40},"end":{"line":614,"column":41}},"loc":{"start":{"line":615,"column":6},"end":{"line":615,"column":30}},"line":615},"21":{"name":"(anonymous_21)","decl":{"start":{"line":639,"column":36},"end":{"line":639,"column":37}},"loc":{"start":{"line":640,"column":6},"end":{"line":640,"column":30}},"line":640},"22":{"name":"searchRecipesByIngredients","decl":{"start":{"line":650,"column":15},"end":{"line":650,"column":41}},"loc":{"start":{"line":650,"column":78},"end":{"line":723,"column":1}},"line":650},"23":{"name":"(anonymous_23)","decl":{"start":{"line":668,"column":27},"end":{"line":668,"column":28}},"loc":{"start":{"line":668,"column":37},"end":{"line":675,"column":9}},"line":668},"24":{"name":"(anonymous_24)","decl":{"start":{"line":682,"column":29},"end":{"line":682,"column":30}},"loc":{"start":{"line":682,"column":41},"end":{"line":682,"column":64}},"line":682},"25":{"name":"determineCookingMethod","decl":{"start":{"line":728,"column":9},"end":{"line":728,"column":31}},"loc":{"start":{"line":728,"column":46},"end":{"line":768,"column":1}},"line":728},"26":{"name":"(anonymous_26)","decl":{"start":{"line":757,"column":36},"end":{"line":757,"column":37}},"loc":{"start":{"line":758,"column":4},"end":{"line":758,"column":39}},"line":758},"27":{"name":"(anonymous_27)","decl":{"start":{"line":760,"column":38},"end":{"line":760,"column":39}},"loc":{"start":{"line":761,"column":4},"end":{"line":761,"column":39}},"line":761},"28":{"name":"applyCookingMethodFilter","decl":{"start":{"line":771,"column":15},"end":{"line":771,"column":39}},"loc":{"start":{"line":771,"column":63},"end":{"line":801,"column":1}},"line":771},"29":{"name":"(anonymous_29)","decl":{"start":{"line":773,"column":16},"end":{"line":773,"column":17}},"loc":{"start":{"line":773,"column":34},"end":{"line":787,"column":5}},"line":773},"30":{"name":"(anonymous_30)","decl":{"start":{"line":792,"column":34},"end":{"line":792,"column":35}},"loc":{"start":{"line":792,"column":46},"end":{"line":800,"column":3}},"line":792},"31":{"name":"sortRecipes","decl":{"start":{"line":804,"column":9},"end":{"line":804,"column":20}},"loc":{"start":{"line":804,"column":47},"end":{"line":821,"column":1}},"line":804},"32":{"name":"(anonymous_32)","decl":{"start":{"line":809,"column":32},"end":{"line":809,"column":33}},"loc":{"start":{"line":809,"column":42},"end":{"line":809,"column":76}},"line":809},"33":{"name":"(anonymous_33)","decl":{"start":{"line":811,"column":32},"end":{"line":811,"column":33}},"loc":{"start":{"line":811,"column":42},"end":{"line":817,"column":7}},"line":811},"34":{"name":"getCurrentUserId","decl":{"start":{"line":826,"column":9},"end":{"line":826,"column":25}},"loc":{"start":{"line":826,"column":28},"end":{"line":866,"column":1}},"line":826},"35":{"name":"getUserDietaryPreferences","decl":{"start":{"line":869,"column":15},"end":{"line":869,"column":40}},"loc":{"start":{"line":869,"column":43},"end":{"line":893,"column":1}},"line":869},"36":{"name":"saveUserDietaryPreferences","decl":{"start":{"line":896,"column":15},"end":{"line":896,"column":41}},"loc":{"start":{"line":896,"column":55},"end":{"line":916,"column":1}},"line":896},"37":{"name":"getRecommendedRecipes","decl":{"start":{"line":919,"column":15},"end":{"line":919,"column":36}},"loc":{"start":{"line":919,"column":39},"end":{"line":933,"column":1}},"line":919},"38":{"name":"getFavorites","decl":{"start":{"line":936,"column":15},"end":{"line":936,"column":27}},"loc":{"start":{"line":936,"column":30},"end":{"line":941,"column":1}},"line":936},"39":{"name":"addFavorite","decl":{"start":{"line":943,"column":15},"end":{"line":943,"column":26}},"loc":{"start":{"line":943,"column":41},"end":{"line":952,"column":1}},"line":943},"40":{"name":"removeFavorite","decl":{"start":{"line":954,"column":15},"end":{"line":954,"column":29}},"loc":{"start":{"line":954,"column":40},"end":{"line":964,"column":1}},"line":954}},"branchMap":{"0":{"loc":{"start":{"line":19,"column":4},"end":{"line":21,"column":5}},"type":"if","locations":[{"start":{"line":19,"column":4},"end":{"line":21,"column":5}},{"start":{},"end":{}}],"line":19},"1":{"loc":{"start":{"line":20,"column":22},"end":{"line":20,"column":64}},"type":"binary-expr","locations":[{"start":{"line":20,"column":22},"end":{"line":20,"column":33}},{"start":{"line":20,"column":37},"end":{"line":20,"column":64}}],"line":20},"2":{"loc":{"start":{"line":43,"column":4},"end":{"line":45,"column":5}},"type":"if","locations":[{"start":{"line":43,"column":4},"end":{"line":45,"column":5}},{"start":{},"end":{}}],"line":43},"3":{"loc":{"start":{"line":44,"column":22},"end":{"line":44,"column":63}},"type":"binary-expr","locations":[{"start":{"line":44,"column":22},"end":{"line":44,"column":33}},{"start":{"line":44,"column":37},"end":{"line":44,"column":63}}],"line":44},"4":{"loc":{"start":{"line":62,"column":4},"end":{"line":65,"column":5}},"type":"if","locations":[{"start":{"line":62,"column":4},"end":{"line":65,"column":5}},{"start":{},"end":{}}],"line":62},"5":{"loc":{"start":{"line":62,"column":8},"end":{"line":62,"column":47}},"type":"binary-expr","locations":[{"start":{"line":62,"column":8},"end":{"line":62,"column":20}},{"start":{"line":62,"column":24},"end":{"line":62,"column":47}}],"line":62},"6":{"loc":{"start":{"line":64,"column":22},"end":{"line":64,"column":66}},"type":"binary-expr","locations":[{"start":{"line":64,"column":22},"end":{"line":64,"column":33}},{"start":{"line":64,"column":37},"end":{"line":64,"column":66}}],"line":64},"7":{"loc":{"start":{"line":82,"column":4},"end":{"line":84,"column":5}},"type":"if","locations":[{"start":{"line":82,"column":4},"end":{"line":84,"column":5}},{"start":{},"end":{}}],"line":82},"8":{"loc":{"start":{"line":82,"column":8},"end":{"line":82,"column":26}},"type":"binary-expr","locations":[{"start":{"line":82,"column":8},"end":{"line":82,"column":12}},{"start":{"line":82,"column":16},"end":{"line":82,"column":26}}],"line":82},"9":{"loc":{"start":{"line":101,"column":4},"end":{"line":103,"column":5}},"type":"if","locations":[{"start":{"line":101,"column":4},"end":{"line":103,"column":5}},{"start":{},"end":{}}],"line":101},"10":{"loc":{"start":{"line":101,"column":8},"end":{"line":101,"column":46}},"type":"binary-expr","locations":[{"start":{"line":101,"column":8},"end":{"line":101,"column":19}},{"start":{"line":101,"column":23},"end":{"line":101,"column":46}}],"line":101},"11":{"loc":{"start":{"line":115,"column":12},"end":{"line":115,"column":55}},"type":"cond-expr","locations":[{"start":{"line":115,"column":27},"end":{"line":115,"column":50}},{"start":{"line":115,"column":53},"end":{"line":115,"column":55}}],"line":115},"12":{"loc":{"start":{"line":125,"column":6},"end":{"line":130,"column":7}},"type":"if","locations":[{"start":{"line":125,"column":6},"end":{"line":130,"column":7}},{"start":{},"end":{}}],"line":125},"13":{"loc":{"start":{"line":125,"column":10},"end":{"line":125,"column":48}},"type":"binary-expr","locations":[{"start":{"line":125,"column":10},"end":{"line":125,"column":20}},{"start":{"line":125,"column":24},"end":{"line":125,"column":48}}],"line":125},"14":{"loc":{"start":{"line":128,"column":19},"end":{"line":128,"column":41}},"type":"binary-expr","locations":[{"start":{"line":128,"column":19},"end":{"line":128,"column":26}},{"start":{"line":128,"column":30},"end":{"line":128,"column":41}}],"line":128},"15":{"loc":{"start":{"line":151,"column":2},"end":{"line":151,"column":35}},"type":"if","locations":[{"start":{"line":151,"column":2},"end":{"line":151,"column":35}},{"start":{},"end":{}}],"line":151},"16":{"loc":{"start":{"line":154,"column":2},"end":{"line":156,"column":3}},"type":"if","locations":[{"start":{"line":154,"column":2},"end":{"line":156,"column":3}},{"start":{},"end":{}}],"line":154},"17":{"loc":{"start":{"line":159,"column":2},"end":{"line":161,"column":3}},"type":"if","locations":[{"start":{"line":159,"column":2},"end":{"line":161,"column":3}},{"start":{},"end":{}}],"line":159},"18":{"loc":{"start":{"line":164,"column":2},"end":{"line":169,"column":3}},"type":"if","locations":[{"start":{"line":164,"column":2},"end":{"line":169,"column":3}},{"start":{},"end":{}}],"line":164},"19":{"loc":{"start":{"line":165,"column":4},"end":{"line":166,"column":47}},"type":"binary-expr","locations":[{"start":{"line":165,"column":4},"end":{"line":165,"column":20}},{"start":{"line":166,"column":4},"end":{"line":166,"column":47}}],"line":165},"20":{"loc":{"start":{"line":172,"column":2},"end":{"line":179,"column":3}},"type":"if","locations":[{"start":{"line":172,"column":2},"end":{"line":179,"column":3}},{"start":{},"end":{}}],"line":172},"21":{"loc":{"start":{"line":175,"column":4},"end":{"line":177,"column":5}},"type":"if","locations":[{"start":{"line":175,"column":4},"end":{"line":177,"column":5}},{"start":{},"end":{}}],"line":175},"22":{"loc":{"start":{"line":175,"column":8},"end":{"line":175,"column":51}},"type":"binary-expr","locations":[{"start":{"line":175,"column":8},"end":{"line":175,"column":25}},{"start":{"line":175,"column":29},"end":{"line":175,"column":51}}],"line":175},"23":{"loc":{"start":{"line":204,"column":4},"end":{"line":206,"column":42}},"type":"cond-expr","locations":[{"start":{"line":205,"column":8},"end":{"line":205,"column":24}},{"start":{"line":206,"column":8},"end":{"line":206,"column":42}}],"line":204},"24":{"loc":{"start":{"line":208,"column":2},"end":{"line":208,"column":36}},"type":"if","locations":[{"start":{"line":208,"column":2},"end":{"line":208,"column":36}},{"start":{},"end":{}}],"line":208},"25":{"loc":{"start":{"line":210,"column":16},"end":{"line":210,"column":36}},"type":"binary-expr","locations":[{"start":{"line":210,"column":16},"end":{"line":210,"column":30}},{"start":{"line":210,"column":34},"end":{"line":210,"column":36}}],"line":210},"26":{"loc":{"start":{"line":213,"column":2},"end":{"line":259,"column":3}},"type":"if","locations":[{"start":{"line":213,"column":2},"end":{"line":259,"column":3}},{"start":{},"end":{}}],"line":213},"27":{"loc":{"start":{"line":258,"column":4},"end":{"line":258,"column":38}},"type":"if","locations":[{"start":{"line":258,"column":4},"end":{"line":258,"column":38}},{"start":{},"end":{}}],"line":258},"28":{"loc":{"start":{"line":262,"column":2},"end":{"line":294,"column":3}},"type":"if","locations":[{"start":{"line":262,"column":2},"end":{"line":294,"column":3}},{"start":{},"end":{}}],"line":262},"29":{"loc":{"start":{"line":293,"column":4},"end":{"line":293,"column":43}},"type":"if","locations":[{"start":{"line":293,"column":4},"end":{"line":293,"column":43}},{"start":{},"end":{}}],"line":293},"30":{"loc":{"start":{"line":297,"column":2},"end":{"line":319,"column":3}},"type":"if","locations":[{"start":{"line":297,"column":2},"end":{"line":319,"column":3}},{"start":{},"end":{}}],"line":297},"31":{"loc":{"start":{"line":318,"column":4},"end":{"line":318,"column":36}},"type":"if","locations":[{"start":{"line":318,"column":4},"end":{"line":318,"column":36}},{"start":{},"end":{}}],"line":318},"32":{"loc":{"start":{"line":322,"column":2},"end":{"line":338,"column":3}},"type":"if","locations":[{"start":{"line":322,"column":2},"end":{"line":338,"column":3}},{"start":{},"end":{}}],"line":322},"33":{"loc":{"start":{"line":337,"column":4},"end":{"line":337,"column":35}},"type":"if","locations":[{"start":{"line":337,"column":4},"end":{"line":337,"column":35}},{"start":{},"end":{}}],"line":337},"34":{"loc":{"start":{"line":341,"column":2},"end":{"line":361,"column":3}},"type":"if","locations":[{"start":{"line":341,"column":2},"end":{"line":361,"column":3}},{"start":{},"end":{}}],"line":341},"35":{"loc":{"start":{"line":360,"column":4},"end":{"line":360,"column":33}},"type":"if","locations":[{"start":{"line":360,"column":4},"end":{"line":360,"column":33}},{"start":{},"end":{}}],"line":360},"36":{"loc":{"start":{"line":376,"column":4},"end":{"line":378,"column":42}},"type":"cond-expr","locations":[{"start":{"line":377,"column":8},"end":{"line":377,"column":24}},{"start":{"line":378,"column":8},"end":{"line":378,"column":42}}],"line":376},"37":{"loc":{"start":{"line":380,"column":2},"end":{"line":380,"column":36}},"type":"if","locations":[{"start":{"line":380,"column":2},"end":{"line":380,"column":36}},{"start":{},"end":{}}],"line":380},"38":{"loc":{"start":{"line":382,"column":27},"end":{"line":382,"column":52}},"type":"binary-expr","locations":[{"start":{"line":382,"column":27},"end":{"line":382,"column":46}},{"start":{"line":382,"column":50},"end":{"line":382,"column":52}}],"line":382},"39":{"loc":{"start":{"line":383,"column":5},"end":{"line":383,"column":19}},"type":"binary-expr","locations":[{"start":{"line":383,"column":5},"end":{"line":383,"column":13}},{"start":{"line":383,"column":17},"end":{"line":383,"column":19}}],"line":383},"40":{"loc":{"start":{"line":385,"column":24},"end":{"line":385,"column":46}},"type":"binary-expr","locations":[{"start":{"line":385,"column":24},"end":{"line":385,"column":40}},{"start":{"line":385,"column":44},"end":{"line":385,"column":46}}],"line":385},"41":{"loc":{"start":{"line":390,"column":2},"end":{"line":471,"column":3}},"type":"if","locations":[{"start":{"line":390,"column":2},"end":{"line":471,"column":3}},{"start":{},"end":{}}],"line":390},"42":{"loc":{"start":{"line":470,"column":4},"end":{"line":470,"column":34}},"type":"if","locations":[{"start":{"line":470,"column":4},"end":{"line":470,"column":34}},{"start":{},"end":{}}],"line":470},"43":{"loc":{"start":{"line":474,"column":2},"end":{"line":528,"column":3}},"type":"if","locations":[{"start":{"line":474,"column":2},"end":{"line":528,"column":3}},{"start":{},"end":{}}],"line":474},"44":{"loc":{"start":{"line":527,"column":4},"end":{"line":527,"column":39}},"type":"if","locations":[{"start":{"line":527,"column":4},"end":{"line":527,"column":39}},{"start":{},"end":{}}],"line":527},"45":{"loc":{"start":{"line":531,"column":2},"end":{"line":580,"column":3}},"type":"if","locations":[{"start":{"line":531,"column":2},"end":{"line":580,"column":3}},{"start":{},"end":{}}],"line":531},"46":{"loc":{"start":{"line":579,"column":4},"end":{"line":579,"column":32}},"type":"if","locations":[{"start":{"line":579,"column":4},"end":{"line":579,"column":32}},{"start":{},"end":{}}],"line":579},"47":{"loc":{"start":{"line":583,"column":2},"end":{"line":618,"column":3}},"type":"if","locations":[{"start":{"line":583,"column":2},"end":{"line":618,"column":3}},{"start":{},"end":{}}],"line":583},"48":{"loc":{"start":{"line":617,"column":4},"end":{"line":617,"column":31}},"type":"if","locations":[{"start":{"line":617,"column":4},"end":{"line":617,"column":31}},{"start":{},"end":{}}],"line":617},"49":{"loc":{"start":{"line":621,"column":2},"end":{"line":643,"column":3}},"type":"if","locations":[{"start":{"line":621,"column":2},"end":{"line":643,"column":3}},{"start":{},"end":{}}],"line":621},"50":{"loc":{"start":{"line":642,"column":4},"end":{"line":642,"column":29}},"type":"if","locations":[{"start":{"line":642,"column":4},"end":{"line":642,"column":29}},{"start":{},"end":{}}],"line":642},"51":{"loc":{"start":{"line":650,"column":55},"end":{"line":650,"column":76}},"type":"default-arg","locations":[{"start":{"line":650,"column":74},"end":{"line":650,"column":76}}],"line":650},"52":{"loc":{"start":{"line":652,"column":4},"end":{"line":652,"column":55}},"type":"if","locations":[{"start":{"line":652,"column":4},"end":{"line":652,"column":55}},{"start":{},"end":{}}],"line":652},"53":{"loc":{"start":{"line":652,"column":8},"end":{"line":652,"column":43}},"type":"binary-expr","locations":[{"start":{"line":652,"column":8},"end":{"line":652,"column":20}},{"start":{"line":652,"column":24},"end":{"line":652,"column":43}}],"line":652},"54":{"loc":{"start":{"line":667,"column":6},"end":{"line":677,"column":7}},"type":"if","locations":[{"start":{"line":667,"column":6},"end":{"line":677,"column":7}},{"start":{},"end":{}}],"line":667},"55":{"loc":{"start":{"line":670,"column":10},"end":{"line":674,"column":11}},"type":"if","locations":[{"start":{"line":670,"column":10},"end":{"line":674,"column":11}},{"start":{"line":672,"column":17},"end":{"line":674,"column":11}}],"line":670},"56":{"loc":{"start":{"line":672,"column":17},"end":{"line":674,"column":11}},"type":"if","locations":[{"start":{"line":672,"column":17},"end":{"line":674,"column":11}},{"start":{},"end":{}}],"line":672},"57":{"loc":{"start":{"line":689,"column":4},"end":{"line":691,"column":5}},"type":"if","locations":[{"start":{"line":689,"column":4},"end":{"line":691,"column":5}},{"start":{},"end":{}}],"line":689},"58":{"loc":{"start":{"line":697,"column":6},"end":{"line":699,"column":7}},"type":"if","locations":[{"start":{"line":697,"column":6},"end":{"line":699,"column":7}},{"start":{},"end":{}}],"line":697},"59":{"loc":{"start":{"line":704,"column":8},"end":{"line":706,"column":9}},"type":"if","locations":[{"start":{"line":704,"column":8},"end":{"line":706,"column":9}},{"start":{},"end":{}}],"line":704},"60":{"loc":{"start":{"line":764,"column":2},"end":{"line":764,"column":41}},"type":"if","locations":[{"start":{"line":764,"column":2},"end":{"line":764,"column":41}},{"start":{},"end":{}}],"line":764},"61":{"loc":{"start":{"line":764,"column":6},"end":{"line":764,"column":25}},"type":"binary-expr","locations":[{"start":{"line":764,"column":6},"end":{"line":764,"column":13}},{"start":{"line":764,"column":17},"end":{"line":764,"column":25}}],"line":764},"62":{"loc":{"start":{"line":765,"column":2},"end":{"line":765,"column":29}},"type":"if","locations":[{"start":{"line":765,"column":2},"end":{"line":765,"column":29}},{"start":{},"end":{}}],"line":765},"63":{"loc":{"start":{"line":766,"column":2},"end":{"line":766,"column":31}},"type":"if","locations":[{"start":{"line":766,"column":2},"end":{"line":766,"column":31}},{"start":{},"end":{}}],"line":766},"64":{"loc":{"start":{"line":790,"column":2},"end":{"line":790,"column":55}},"type":"if","locations":[{"start":{"line":790,"column":2},"end":{"line":790,"column":55}},{"start":{},"end":{}}],"line":790},"65":{"loc":{"start":{"line":793,"column":4},"end":{"line":795,"column":5}},"type":"if","locations":[{"start":{"line":793,"column":4},"end":{"line":795,"column":5}},{"start":{},"end":{}}],"line":793},"66":{"loc":{"start":{"line":797,"column":6},"end":{"line":798,"column":37}},"type":"binary-expr","locations":[{"start":{"line":797,"column":6},"end":{"line":797,"column":43}},{"start":{"line":798,"column":6},"end":{"line":798,"column":37}}],"line":797},"67":{"loc":{"start":{"line":804,"column":30},"end":{"line":804,"column":45}},"type":"default-arg","locations":[{"start":{"line":804,"column":39},"end":{"line":804,"column":45}}],"line":804},"68":{"loc":{"start":{"line":807,"column":2},"end":{"line":820,"column":3}},"type":"switch","locations":[{"start":{"line":808,"column":4},"end":{"line":809,"column":78}},{"start":{"line":810,"column":4},"end":{"line":817,"column":9}},{"start":{"line":818,"column":4},"end":{"line":819,"column":27}}],"line":807},"69":{"loc":{"start":{"line":814,"column":11},"end":{"line":814,"column":44}},"type":"binary-expr","locations":[{"start":{"line":814,"column":11},"end":{"line":814,"column":39}},{"start":{"line":814,"column":43},"end":{"line":814,"column":44}}],"line":814},"70":{"loc":{"start":{"line":815,"column":11},"end":{"line":815,"column":44}},"type":"binary-expr","locations":[{"start":{"line":815,"column":11},"end":{"line":815,"column":39}},{"start":{"line":815,"column":43},"end":{"line":815,"column":44}}],"line":815},"71":{"loc":{"start":{"line":829,"column":2},"end":{"line":834,"column":3}},"type":"if","locations":[{"start":{"line":829,"column":2},"end":{"line":834,"column":3}},{"start":{},"end":{}}],"line":829},"72":{"loc":{"start":{"line":831,"column":4},"end":{"line":833,"column":5}},"type":"if","locations":[{"start":{"line":831,"column":4},"end":{"line":833,"column":5}},{"start":{},"end":{}}],"line":831},"73":{"loc":{"start":{"line":838,"column":2},"end":{"line":862,"column":3}},"type":"if","locations":[{"start":{"line":838,"column":2},"end":{"line":862,"column":3}},{"start":{},"end":{}}],"line":838},"74":{"loc":{"start":{"line":840,"column":4},"end":{"line":861,"column":5}},"type":"if","locations":[{"start":{"line":840,"column":4},"end":{"line":861,"column":5}},{"start":{},"end":{}}],"line":840},"75":{"loc":{"start":{"line":846,"column":8},"end":{"line":851,"column":9}},"type":"if","locations":[{"start":{"line":846,"column":8},"end":{"line":851,"column":9}},{"start":{},"end":{}}],"line":846},"76":{"loc":{"start":{"line":848,"column":10},"end":{"line":850,"column":11}},"type":"if","locations":[{"start":{"line":848,"column":10},"end":{"line":850,"column":11}},{"start":{},"end":{}}],"line":848},"77":{"loc":{"start":{"line":852,"column":8},"end":{"line":857,"column":9}},"type":"if","locations":[{"start":{"line":852,"column":8},"end":{"line":857,"column":9}},{"start":{},"end":{}}],"line":852},"78":{"loc":{"start":{"line":854,"column":10},"end":{"line":856,"column":11}},"type":"if","locations":[{"start":{"line":854,"column":10},"end":{"line":856,"column":11}},{"start":{},"end":{}}],"line":854},"79":{"loc":{"start":{"line":879,"column":2},"end":{"line":881,"column":3}},"type":"if","locations":[{"start":{"line":879,"column":2},"end":{"line":881,"column":3}},{"start":{},"end":{}}],"line":879},"80":{"loc":{"start":{"line":883,"column":2},"end":{"line":889,"column":3}},"type":"if","locations":[{"start":{"line":883,"column":2},"end":{"line":889,"column":3}},{"start":{},"end":{}}],"line":883},"81":{"loc":{"start":{"line":884,"column":17},"end":{"line":884,"column":81}},"type":"cond-expr","locations":[{"start":{"line":884,"column":55},"end":{"line":884,"column":76}},{"start":{"line":884,"column":79},"end":{"line":884,"column":81}}],"line":884},"82":{"loc":{"start":{"line":903,"column":40},"end":{"line":903,"column":57}},"type":"binary-expr","locations":[{"start":{"line":903,"column":40},"end":{"line":903,"column":51}},{"start":{"line":903,"column":55},"end":{"line":903,"column":57}}],"line":903},"83":{"loc":{"start":{"line":906,"column":2},"end":{"line":912,"column":3}},"type":"if","locations":[{"start":{"line":906,"column":2},"end":{"line":912,"column":3}},{"start":{},"end":{}}],"line":906},"84":{"loc":{"start":{"line":926,"column":2},"end":{"line":930,"column":3}},"type":"if","locations":[{"start":{"line":926,"column":2},"end":{"line":930,"column":3}},{"start":{},"end":{}}],"line":926},"85":{"loc":{"start":{"line":939,"column":4},"end":{"line":939,"column":76}},"type":"if","locations":[{"start":{"line":939,"column":4},"end":{"line":939,"column":76}},{"start":{},"end":{}}],"line":939},"86":{"loc":{"start":{"line":939,"column":33},"end":{"line":939,"column":74}},"type":"binary-expr","locations":[{"start":{"line":939,"column":33},"end":{"line":939,"column":44}},{"start":{"line":939,"column":48},"end":{"line":939,"column":74}}],"line":939},"87":{"loc":{"start":{"line":950,"column":4},"end":{"line":950,"column":74}},"type":"if","locations":[{"start":{"line":950,"column":4},"end":{"line":950,"column":74}},{"start":{},"end":{}}],"line":950},"88":{"loc":{"start":{"line":950,"column":33},"end":{"line":950,"column":72}},"type":"binary-expr","locations":[{"start":{"line":950,"column":33},"end":{"line":950,"column":44}},{"start":{"line":950,"column":48},"end":{"line":950,"column":72}}],"line":950},"89":{"loc":{"start":{"line":959,"column":4},"end":{"line":962,"column":5}},"type":"if","locations":[{"start":{"line":959,"column":4},"end":{"line":962,"column":5}},{"start":{},"end":{}}],"line":959},"90":{"loc":{"start":{"line":959,"column":8},"end":{"line":959,"column":37}},"type":"binary-expr","locations":[{"start":{"line":959,"column":8},"end":{"line":959,"column":15}},{"start":{"line":959,"column":19},"end":{"line":959,"column":37}}],"line":959},"91":{"loc":{"start":{"line":961,"column":24},"end":{"line":961,"column":66}},"type":"binary-expr","locations":[{"start":{"line":961,"column":24},"end":{"line":961,"column":35}},{"start":{"line":961,"column":39},"end":{"line":961,"column":66}}],"line":961},"92":{"loc":{"start":{"line":965,"column":0},"end":{"line":989,"column":1}},"type":"if","locations":[{"start":{"line":965,"column":0},"end":{"line":989,"column":1}},{"start":{},"end":{}}],"line":965}},"s":{"0":1,"1":1,"2":1,"3":1,"4":0,"5":1,"6":0,"7":0,"8":1,"9":1,"10":1,"11":1,"12":0,"13":1,"14":0,"15":0,"16":1,"17":1,"18":1,"19":0,"20":0,"21":1,"22":0,"23":0,"24":1,"25":1,"26":1,"27":1,"28":1,"29":2,"30":0,"31":0,"32":0,"33":1,"34":1,"35":1,"36":1,"37":0,"38":1,"39":1,"40":1,"41":1,"42":20,"43":20,"44":20,"45":2,"46":1,"47":0,"48":0,"49":1,"50":0,"51":1,"52":1,"53":0,"54":0,"55":0,"56":0,"57":0,"58":0,"59":0,"60":0,"61":0,"62":0,"63":1,"64":1,"65":0,"66":0,"67":0,"68":0,"69":0,"70":0,"71":0,"72":0,"73":0,"74":0,"75":0,"76":0,"77":0,"78":0,"79":0,"80":0,"81":0,"82":0,"83":0,"84":0,"85":0,"86":0,"87":0,"88":0,"89":0,"90":0,"91":0,"92":0,"93":0,"94":0,"95":0,"96":0,"97":0,"98":0,"99":0,"100":0,"101":0,"102":0,"103":0,"104":0,"105":0,"106":0,"107":0,"108":0,"109":0,"110":0,"111":0,"112":0,"113":0,"114":0,"115":0,"116":0,"117":0,"118":0,"119":0,"120":0,"121":0,"122":0,"123":0,"124":0,"125":0,"126":0,"127":0,"128":0,"129":0,"130":0,"131":0,"132":0,"133":0,"134":0,"135":0,"136":0,"137":0,"138":0,"139":1,"140":1,"141":0,"142":1,"143":1,"144":2,"145":2,"146":2,"147":2,"148":2,"149":3,"150":3,"151":0,"152":0,"153":2,"154":1,"155":3,"156":1,"157":1,"158":1,"159":0,"160":0,"161":0,"162":0,"163":0,"164":0,"165":0,"166":0,"167":0,"168":0,"169":0,"170":0,"171":0,"172":0,"173":0,"174":0,"175":0,"176":0,"177":0,"178":0,"179":0,"180":0,"181":0,"182":0,"183":0,"184":0,"185":0,"186":0,"187":0,"188":0,"189":0,"190":0,"191":0,"192":0,"193":0,"194":0,"195":0,"196":0,"197":0,"198":0,"199":0,"200":0,"201":0,"202":0,"203":0,"204":0,"205":0,"206":0,"207":0,"208":0,"209":0,"210":0,"211":0,"212":0,"213":0,"214":0,"215":0,"216":0,"217":0,"218":0,"219":0,"220":0,"221":0,"222":0,"223":0,"224":0,"225":0,"226":0,"227":0,"228":0,"229":0,"230":0,"231":0,"232":0,"233":0,"234":0,"235":0,"236":0,"237":0,"238":0,"239":0,"240":0,"241":0,"242":0,"243":0,"244":0,"245":0,"246":0,"247":0,"248":0,"249":0,"250":0,"251":4,"252":4,"253":0,"254":0,"255":0,"256":0,"257":0,"258":0,"259":0,"260":0,"261":0,"262":0,"263":0,"264":0,"265":0,"266":2,"267":2,"268":2,"269":2,"270":2,"271":2,"272":2,"273":2,"274":2,"275":2,"276":2,"277":2,"278":2,"279":2,"280":2,"281":2,"282":2,"283":2,"284":2},"f":{"0":1,"1":1,"2":1,"3":1,"4":2,"5":1,"6":1,"7":1,"8":0,"9":0,"10":0,"11":0,"12":0,"13":0,"14":0,"15":0,"16":0,"17":0,"18":0,"19":0,"20":0,"21":0,"22":1,"23":3,"24":3,"25":0,"26":0,"27":0,"28":0,"29":0,"30":0,"31":0,"32":0,"33":0,"34":0,"35":0,"36":0,"37":0,"38":4,"39":0,"40":0},"b":{"0":[0,1],"1":[0,0],"2":[0,1],"3":[0,0],"4":[0,1],"5":[1,0],"6":[0,0],"7":[1,0],"8":[1,1],"9":[0,1],"10":[1,1],"11":[1,0],"12":[2,18],"13":[20,2],"14":[2,0],"15":[0,1],"16":[1,0],"17":[0,0],"18":[0,0],"19":[0,0],"20":[0,0],"21":[0,0],"22":[0,0],"23":[0,0],"24":[0,0],"25":[0,0],"26":[0,0],"27":[0,0],"28":[0,0],"29":[0,0],"30":[0,0],"31":[0,0],"32":[0,0],"33":[0,0],"34":[0,0],"35":[0,0],"36":[0,0],"37":[0,0],"38":[0,0],"39":[0,0],"40":[0,0],"41":[0,0],"42":[0,0],"43":[0,0],"44":[0,0],"45":[0,0],"46":[0,0],"47":[0,0],"48":[0,0],"49":[0,0],"50":[0,0],"51":[1],"52":[0,1],"53":[1,1],"54":[2,0],"55":[3,0],"56":[0,0],"57":[1,0],"58":[0,0],"59":[0,0],"60":[0,0],"61":[0,0],"62":[0,0],"63":[0,0],"64":[0,0],"65":[0,0],"66":[0,0],"67":[0],"68":[0,0,0],"69":[0,0],"70":[0,0],"71":[0,0],"72":[0,0],"73":[0,0],"74":[0,0],"75":[0,0],"76":[0,0],"77":[0,0],"78":[0,0],"79":[0,0],"80":[0,0],"81":[0,0],"82":[0,0],"83":[0,0],"84":[0,0],"85":[0,0],"86":[0,0],"87":[0,0],"88":[0,0],"89":[0,0],"90":[0,0],"91":[0,0],"92":[2,0]},"_coverageSchema":"1a1c01bbd47fc00a2c39e90264f33305004495a9","hash":"5dc557ffe19664865f57d906cff4d1effd1b67ce"}
,"/Users/ishitarout/Capstone Project/ITSC_4155/frontend/auth.js": {"path":"/Users/ishitarout/Capstone Project/ITSC_4155/frontend/auth.js","statementMap":{"0":{"start":{"line":7,"column":18},"end":{"line":7,"column":51}},"1":{"start":{"line":8,"column":24},"end":{"line":8,"column":59}},"2":{"start":{"line":10,"column":4},"end":{"line":20,"column":5}},"3":{"start":{"line":11,"column":8},"end":{"line":11,"column":45}},"4":{"start":{"line":12,"column":8},"end":{"line":12,"column":47}},"5":{"start":{"line":14,"column":8},"end":{"line":14,"column":42}},"6":{"start":{"line":16,"column":8},"end":{"line":18,"column":9}},"7":{"start":{"line":17,"column":12},"end":{"line":17,"column":48}},"8":{"start":{"line":19,"column":8},"end":{"line":19,"column":21}},"9":{"start":{"line":22,"column":4},"end":{"line":22,"column":16}},"10":{"start":{"line":27,"column":4},"end":{"line":56,"column":5}},"11":{"start":{"line":28,"column":25},"end":{"line":38,"column":10}},"12":{"start":{"line":40,"column":21},"end":{"line":40,"column":42}},"13":{"start":{"line":42,"column":8},"end":{"line":44,"column":9}},"14":{"start":{"line":43,"column":12},"end":{"line":43,"column":66}},"15":{"start":{"line":46,"column":8},"end":{"line":49,"column":10}},"16":{"start":{"line":51,"column":8},"end":{"line":51,"column":52}},"17":{"start":{"line":52,"column":8},"end":{"line":55,"column":10}},"18":{"start":{"line":61,"column":4},"end":{"line":100,"column":5}},"19":{"start":{"line":62,"column":25},"end":{"line":62,"column":46}},"20":{"start":{"line":63,"column":8},"end":{"line":63,"column":43}},"21":{"start":{"line":64,"column":8},"end":{"line":64,"column":46}},"22":{"start":{"line":66,"column":25},"end":{"line":72,"column":10}},"23":{"start":{"line":74,"column":21},"end":{"line":74,"column":42}},"24":{"start":{"line":76,"column":8},"end":{"line":78,"column":9}},"25":{"start":{"line":77,"column":12},"end":{"line":77,"column":59}},"26":{"start":{"line":81,"column":27},"end":{"line":81,"column":37}},"27":{"start":{"line":82,"column":8},"end":{"line":82,"column":60}},"28":{"start":{"line":84,"column":8},"end":{"line":84,"column":61}},"29":{"start":{"line":85,"column":8},"end":{"line":85,"column":70}},"30":{"start":{"line":88,"column":8},"end":{"line":93,"column":10}},"31":{"start":{"line":95,"column":8},"end":{"line":95,"column":45}},"32":{"start":{"line":96,"column":8},"end":{"line":99,"column":10}},"33":{"start":{"line":105,"column":4},"end":{"line":105,"column":41}},"34":{"start":{"line":106,"column":4},"end":{"line":106,"column":43}},"35":{"start":{"line":107,"column":4},"end":{"line":107,"column":38}},"36":{"start":{"line":108,"column":4},"end":{"line":108,"column":40}},"37":{"start":{"line":113,"column":18},"end":{"line":113,"column":51}},"38":{"start":{"line":114,"column":4},"end":{"line":117,"column":6}},"39":{"start":{"line":121,"column":0},"end":{"line":195,"column":3}},"40":{"start":{"line":122,"column":22},"end":{"line":122,"column":58}},"41":{"start":{"line":123,"column":23},"end":{"line":123,"column":60}},"42":{"start":{"line":125,"column":4},"end":{"line":160,"column":5}},"43":{"start":{"line":126,"column":8},"end":{"line":159,"column":11}},"44":{"start":{"line":127,"column":12},"end":{"line":127,"column":31}},"45":{"start":{"line":128,"column":25},"end":{"line":128,"column":33}},"46":{"start":{"line":129,"column":29},"end":{"line":129,"column":66}},"47":{"start":{"line":130,"column":12},"end":{"line":130,"column":38}},"48":{"start":{"line":132,"column":12},"end":{"line":158,"column":13}},"49":{"start":{"line":133,"column":31},"end":{"line":133,"column":85}},"50":{"start":{"line":134,"column":16},"end":{"line":155,"column":17}},"51":{"start":{"line":136,"column":20},"end":{"line":144,"column":21}},"52":{"start":{"line":137,"column":24},"end":{"line":141,"column":25}},"53":{"start":{"line":138,"column":28},"end":{"line":138,"column":83}},"54":{"start":{"line":140,"column":28},"end":{"line":140,"column":83}},"55":{"start":{"line":143,"column":24},"end":{"line":143,"column":114}},"56":{"start":{"line":147,"column":39},"end":{"line":147,"column":74}},"57":{"start":{"line":148,"column":20},"end":{"line":150,"column":21}},"58":{"start":{"line":149,"column":24},"end":{"line":149,"column":93}},"59":{"start":{"line":149,"column":30},"end":{"line":149,"column":78}},"60":{"start":{"line":152,"column":20},"end":{"line":152,"column":62}},"61":{"start":{"line":154,"column":20},"end":{"line":154,"column":58}},"62":{"start":{"line":157,"column":16},"end":{"line":157,"column":85}},"63":{"start":{"line":162,"column":4},"end":{"line":194,"column":5}},"64":{"start":{"line":163,"column":8},"end":{"line":193,"column":11}},"65":{"start":{"line":164,"column":12},"end":{"line":164,"column":31}},"66":{"start":{"line":165,"column":25},"end":{"line":165,"column":33}},"67":{"start":{"line":166,"column":29},"end":{"line":166,"column":67}},"68":{"start":{"line":167,"column":12},"end":{"line":167,"column":38}},"69":{"start":{"line":169,"column":12},"end":{"line":172,"column":13}},"70":{"start":{"line":170,"column":16},"end":{"line":170,"column":64}},"71":{"start":{"line":171,"column":16},"end":{"line":171,"column":23}},"72":{"start":{"line":174,"column":12},"end":{"line":192,"column":13}},"73":{"start":{"line":175,"column":31},"end":{"line":179,"column":17}},"74":{"start":{"line":181,"column":16},"end":{"line":189,"column":17}},"75":{"start":{"line":182,"column":20},"end":{"line":182,"column":69}},"76":{"start":{"line":183,"column":20},"end":{"line":183,"column":33}},"77":{"start":{"line":184,"column":20},"end":{"line":186,"column":21}},"78":{"start":{"line":185,"column":24},"end":{"line":185,"column":36}},"79":{"start":{"line":188,"column":20},"end":{"line":188,"column":58}},"80":{"start":{"line":191,"column":16},"end":{"line":191,"column":92}},"81":{"start":{"line":198,"column":0},"end":{"line":204,"column":1}},"82":{"start":{"line":199,"column":2},"end":{"line":199,"column":43}},"83":{"start":{"line":200,"column":2},"end":{"line":200,"column":37}},"84":{"start":{"line":201,"column":2},"end":{"line":201,"column":31}},"85":{"start":{"line":202,"column":2},"end":{"line":202,"column":33}},"86":{"start":{"line":203,"column":2},"end":{"line":203,"column":41}}},"fnMap":{"0":{"name":"checkAuthStatus","decl":{"start":{"line":6,"column":9},"end":{"line":6,"column":24}},"loc":{"start":{"line":6,"column":27},"end":{"line":23,"column":1}},"line":6},"1":{"name":"registerUser","decl":{"start":{"line":26,"column":15},"end":{"line":26,"column":27}},"loc":{"start":{"line":26,"column":55},"end":{"line":57,"column":1}},"line":26},"2":{"name":"loginUser","decl":{"start":{"line":60,"column":15},"end":{"line":60,"column":24}},"loc":{"start":{"line":60,"column":42},"end":{"line":101,"column":1}},"line":60},"3":{"name":"logoutUser","decl":{"start":{"line":104,"column":9},"end":{"line":104,"column":19}},"loc":{"start":{"line":104,"column":22},"end":{"line":109,"column":1}},"line":104},"4":{"name":"getAuthHeaders","decl":{"start":{"line":112,"column":9},"end":{"line":112,"column":23}},"loc":{"start":{"line":112,"column":26},"end":{"line":118,"column":1}},"line":112},"5":{"name":"(anonymous_5)","decl":{"start":{"line":121,"column":46},"end":{"line":121,"column":47}},"loc":{"start":{"line":121,"column":57},"end":{"line":195,"column":1}},"line":121},"6":{"name":"(anonymous_6)","decl":{"start":{"line":126,"column":45},"end":{"line":126,"column":46}},"loc":{"start":{"line":126,"column":63},"end":{"line":159,"column":9}},"line":126},"7":{"name":"(anonymous_7)","decl":{"start":{"line":163,"column":46},"end":{"line":163,"column":47}},"loc":{"start":{"line":163,"column":64},"end":{"line":193,"column":9}},"line":163}},"branchMap":{"0":{"loc":{"start":{"line":10,"column":4},"end":{"line":20,"column":5}},"type":"if","locations":[{"start":{"line":10,"column":4},"end":{"line":20,"column":5}},{"start":{},"end":{}}],"line":10},"1":{"loc":{"start":{"line":10,"column":8},"end":{"line":10,"column":69}},"type":"binary-expr","locations":[{"start":{"line":10,"column":8},"end":{"line":10,"column":14}},{"start":{"line":10,"column":19},"end":{"line":10,"column":30}},{"start":{"line":10,"column":34},"end":{"line":10,"column":68}}],"line":10},"2":{"loc":{"start":{"line":16,"column":8},"end":{"line":18,"column":9}},"type":"if","locations":[{"start":{"line":16,"column":8},"end":{"line":18,"column":9}},{"start":{},"end":{}}],"line":16},"3":{"loc":{"start":{"line":16,"column":12},"end":{"line":16,"column":104}},"type":"binary-expr","locations":[{"start":{"line":16,"column":12},"end":{"line":16,"column":56}},{"start":{"line":16,"column":60},"end":{"line":16,"column":104}}],"line":16},"4":{"loc":{"start":{"line":42,"column":8},"end":{"line":44,"column":9}},"type":"if","locations":[{"start":{"line":42,"column":8},"end":{"line":44,"column":9}},{"start":{},"end":{}}],"line":42},"5":{"loc":{"start":{"line":43,"column":28},"end":{"line":43,"column":64}},"type":"binary-expr","locations":[{"start":{"line":43,"column":28},"end":{"line":43,"column":39}},{"start":{"line":43,"column":43},"end":{"line":43,"column":64}}],"line":43},"6":{"loc":{"start":{"line":54,"column":21},"end":{"line":54,"column":59}},"type":"binary-expr","locations":[{"start":{"line":54,"column":21},"end":{"line":54,"column":34}},{"start":{"line":54,"column":38},"end":{"line":54,"column":59}}],"line":54},"7":{"loc":{"start":{"line":76,"column":8},"end":{"line":78,"column":9}},"type":"if","locations":[{"start":{"line":76,"column":8},"end":{"line":78,"column":9}},{"start":{},"end":{}}],"line":76},"8":{"loc":{"start":{"line":77,"column":28},"end":{"line":77,"column":57}},"type":"binary-expr","locations":[{"start":{"line":77,"column":28},"end":{"line":77,"column":39}},{"start":{"line":77,"column":43},"end":{"line":77,"column":57}}],"line":77},"9":{"loc":{"start":{"line":98,"column":21},"end":{"line":98,"column":52}},"type":"binary-expr","locations":[{"start":{"line":98,"column":21},"end":{"line":98,"column":34}},{"start":{"line":98,"column":38},"end":{"line":98,"column":52}}],"line":98},"10":{"loc":{"start":{"line":125,"column":4},"end":{"line":160,"column":5}},"type":"if","locations":[{"start":{"line":125,"column":4},"end":{"line":160,"column":5}},{"start":{},"end":{}}],"line":125},"11":{"loc":{"start":{"line":134,"column":16},"end":{"line":155,"column":17}},"type":"if","locations":[{"start":{"line":134,"column":16},"end":{"line":155,"column":17}},{"start":{"line":153,"column":23},"end":{"line":155,"column":17}}],"line":134},"12":{"loc":{"start":{"line":136,"column":20},"end":{"line":144,"column":21}},"type":"if","locations":[{"start":{"line":136,"column":20},"end":{"line":144,"column":21}},{"start":{"line":142,"column":27},"end":{"line":144,"column":21}}],"line":136},"13":{"loc":{"start":{"line":147,"column":39},"end":{"line":147,"column":74}},"type":"binary-expr","locations":[{"start":{"line":147,"column":39},"end":{"line":147,"column":54}},{"start":{"line":147,"column":58},"end":{"line":147,"column":74}}],"line":147},"14":{"loc":{"start":{"line":148,"column":20},"end":{"line":150,"column":21}},"type":"if","locations":[{"start":{"line":148,"column":20},"end":{"line":150,"column":21}},{"start":{},"end":{}}],"line":148},"15":{"loc":{"start":{"line":157,"column":52},"end":{"line":157,"column":83}},"type":"binary-expr","locations":[{"start":{"line":157,"column":52},"end":{"line":157,"column":65}},{"start":{"line":157,"column":69},"end":{"line":157,"column":83}}],"line":157},"16":{"loc":{"start":{"line":162,"column":4},"end":{"line":194,"column":5}},"type":"if","locations":[{"start":{"line":162,"column":4},"end":{"line":194,"column":5}},{"start":{},"end":{}}],"line":162},"17":{"loc":{"start":{"line":169,"column":12},"end":{"line":172,"column":13}},"type":"if","locations":[{"start":{"line":169,"column":12},"end":{"line":172,"column":13}},{"start":{},"end":{}}],"line":169},"18":{"loc":{"start":{"line":181,"column":16},"end":{"line":189,"column":17}},"type":"if","locations":[{"start":{"line":181,"column":16},"end":{"line":189,"column":17}},{"start":{"line":187,"column":23},"end":{"line":189,"column":17}}],"line":181},"19":{"loc":{"start":{"line":184,"column":20},"end":{"line":186,"column":21}},"type":"if","locations":[{"start":{"line":184,"column":20},"end":{"line":186,"column":21}},{"start":{},"end":{}}],"line":184},"20":{"loc":{"start":{"line":191,"column":52},"end":{"line":191,"column":90}},"type":"binary-expr","locations":[{"start":{"line":191,"column":52},"end":{"line":191,"column":65}},{"start":{"line":191,"column":69},"end":{"line":191,"column":90}}],"line":191},"21":{"loc":{"start":{"line":198,"column":0},"end":{"line":204,"column":1}},"type":"if","locations":[{"start":{"line":198,"column":0},"end":{"line":204,"column":1}},{"start":{},"end":{}}],"line":198}},"s":{"0":2,"1":2,"2":2,"3":1,"4":1,"5":1,"6":1,"7":1,"8":1,"9":1,"10":1,"11":1,"12":1,"13":1,"14":0,"15":1,"16":0,"17":0,"18":1,"19":1,"20":1,"21":1,"22":1,"23":1,"24":1,"25":0,"26":1,"27":1,"28":1,"29":1,"30":1,"31":0,"32":0,"33":1,"34":1,"35":1,"36":1,"37":8,"38":8,"39":3,"40":4,"41":4,"42":4,"43":0,"44":0,"45":0,"46":0,"47":0,"48":0,"49":0,"50":0,"51":0,"52":0,"53":0,"54":0,"55":0,"56":0,"57":0,"58":0,"59":0,"60":0,"61":0,"62":0,"63":4,"64":0,"65":0,"66":0,"67":0,"68":0,"69":0,"70":0,"71":0,"72":0,"73":0,"74":0,"75":0,"76":0,"77":0,"78":0,"79":0,"80":0,"81":3,"82":3,"83":3,"84":3,"85":3,"86":3},"f":{"0":2,"1":1,"2":1,"3":1,"4":8,"5":4,"6":0,"7":0},"b":{"0":[1,1],"1":[2,2,2],"2":[1,0],"3":[1,1],"4":[0,1],"5":[0,0],"6":[0,0],"7":[0,1],"8":[0,0],"9":[0,0],"10":[0,4],"11":[0,0],"12":[0,0],"13":[0,0],"14":[0,0],"15":[0,0],"16":[0,4],"17":[0,0],"18":[0,0],"19":[0,0],"20":[0,0],"21":[3,0]},"_coverageSchema":"1a1c01bbd47fc00a2c39e90264f33305004495a9","hash":"54234f6264a0bb903facaa861e1f4e00a9fae8ec"}
,"/Users/ishitarout/Capstone Project/ITSC_4155/frontend/config.js": {"path":"/Users/ishitarout/Capstone Project/ITSC_4155/frontend/config.js","statementMap":{"0":{"start":{"line":4,"column":21},"end":{"line":4,"column":44}},"1":{"start":{"line":5,"column":24},"end":{"line":5,"column":65}},"2":{"start":{"line":8,"column":0},"end":{"line":11,"column":1}},"3":{"start":{"line":9,"column":2},"end":{"line":9,"column":37}},"4":{"start":{"line":10,"column":2},"end":{"line":10,"column":43}}},"fnMap":{},"branchMap":{"0":{"loc":{"start":{"line":8,"column":0},"end":{"line":11,"column":1}},"type":"if","locations":[{"start":{"line":8,"column":0},"end":{"line":11,"column":1}},{"start":{},"end":{}}],"line":8}},"s":{"0":1,"1":1,"2":1,"3":1,"4":1},"f":{},"b":{"0":[1,0]},"_coverageSchema":"1a1c01bbd47fc00a2c39e90264f33305004495a9","hash":"aa7551043b837d4b84abfe6b4459ce1b47b12b67"}
,"/Users/ishitarout/Capstone Project/ITSC_4155/frontend/contact.js": {"path":"/Users/ishitarout/Capstone Project/ITSC_4155/frontend/contact.js","statementMap":{"0":{"start":{"line":4,"column":17},"end":{"line":4,"column":19}},"1":{"start":{"line":5,"column":22},"end":{"line":5,"column":41}},"2":{"start":{"line":6,"column":25},"end":{"line":6,"column":47}},"3":{"start":{"line":7,"column":19},"end":{"line":7,"column":45}},"4":{"start":{"line":9,"column":2},"end":{"line":9,"column":53}},"5":{"start":{"line":9,"column":20},"end":{"line":9,"column":53}},"6":{"start":{"line":10,"column":2},"end":{"line":12,"column":3}},"7":{"start":{"line":11,"column":4},"end":{"line":11,"column":45}},"8":{"start":{"line":13,"column":2},"end":{"line":13,"column":62}},"9":{"start":{"line":13,"column":23},"end":{"line":13,"column":62}},"10":{"start":{"line":14,"column":2},"end":{"line":14,"column":78}},"11":{"start":{"line":14,"column":32},"end":{"line":14,"column":78}},"12":{"start":{"line":15,"column":2},"end":{"line":15,"column":77}},"13":{"start":{"line":15,"column":29},"end":{"line":15,"column":77}},"14":{"start":{"line":16,"column":2},"end":{"line":18,"column":3}},"15":{"start":{"line":17,"column":4},"end":{"line":17,"column":57}},"16":{"start":{"line":20,"column":2},"end":{"line":20,"column":61}},"17":{"start":{"line":26,"column":4},"end":{"line":28,"column":6}},"18":{"start":{"line":30,"column":14},"end":{"line":34,"column":4}},"19":{"start":{"line":36,"column":15},"end":{"line":36,"column":49}},"20":{"start":{"line":36,"column":45},"end":{"line":36,"column":47}},"21":{"start":{"line":37,"column":2},"end":{"line":40,"column":3}},"22":{"start":{"line":38,"column":19},"end":{"line":38,"column":74}},"23":{"start":{"line":39,"column":4},"end":{"line":39,"column":28}},"24":{"start":{"line":41,"column":2},"end":{"line":41,"column":14}},"25":{"start":{"line":45,"column":15},"end":{"line":45,"column":53}},"26":{"start":{"line":46,"column":20},"end":{"line":46,"column":60}},"27":{"start":{"line":47,"column":21},"end":{"line":47,"column":58}},"28":{"start":{"line":48,"column":18},"end":{"line":48,"column":52}},"29":{"start":{"line":49,"column":19},"end":{"line":49,"column":50}},"30":{"start":{"line":51,"column":2},"end":{"line":51,"column":72}},"31":{"start":{"line":51,"column":16},"end":{"line":51,"column":72}},"32":{"start":{"line":52,"column":2},"end":{"line":52,"column":20}},"33":{"start":{"line":52,"column":13},"end":{"line":52,"column":20}},"34":{"start":{"line":54,"column":2},"end":{"line":109,"column":5}},"35":{"start":{"line":55,"column":4},"end":{"line":55,"column":23}},"36":{"start":{"line":57,"column":4},"end":{"line":57,"column":46}},"37":{"start":{"line":57,"column":19},"end":{"line":57,"column":46}},"38":{"start":{"line":58,"column":4},"end":{"line":61,"column":5}},"39":{"start":{"line":59,"column":6},"end":{"line":59,"column":40}},"40":{"start":{"line":60,"column":6},"end":{"line":60,"column":34}},"41":{"start":{"line":63,"column":22},"end":{"line":63,"column":62}},"42":{"start":{"line":64,"column":23},"end":{"line":64,"column":64}},"43":{"start":{"line":65,"column":25},"end":{"line":65,"column":71}},"44":{"start":{"line":67,"column":17},"end":{"line":67,"column":39}},"45":{"start":{"line":68,"column":18},"end":{"line":68,"column":41}},"46":{"start":{"line":69,"column":20},"end":{"line":69,"column":45}},"47":{"start":{"line":71,"column":30},"end":{"line":71,"column":71}},"48":{"start":{"line":72,"column":4},"end":{"line":75,"column":5}},"49":{"start":{"line":73,"column":6},"end":{"line":73,"column":78}},"50":{"start":{"line":73,"column":21},"end":{"line":73,"column":78}},"51":{"start":{"line":74,"column":6},"end":{"line":74,"column":13}},"52":{"start":{"line":77,"column":4},"end":{"line":80,"column":5}},"53":{"start":{"line":78,"column":6},"end":{"line":78,"column":41}},"54":{"start":{"line":79,"column":6},"end":{"line":79,"column":60}},"55":{"start":{"line":82,"column":4},"end":{"line":85,"column":5}},"56":{"start":{"line":83,"column":6},"end":{"line":83,"column":30}},"57":{"start":{"line":84,"column":6},"end":{"line":84,"column":41}},"58":{"start":{"line":87,"column":4},"end":{"line":108,"column":5}},"59":{"start":{"line":88,"column":18},"end":{"line":92,"column":7}},"60":{"start":{"line":94,"column":6},"end":{"line":97,"column":7}},"61":{"start":{"line":95,"column":8},"end":{"line":95,"column":77}},"62":{"start":{"line":96,"column":8},"end":{"line":96,"column":43}},"63":{"start":{"line":98,"column":6},"end":{"line":98,"column":19}},"64":{"start":{"line":100,"column":6},"end":{"line":102,"column":7}},"65":{"start":{"line":101,"column":8},"end":{"line":101,"column":78}},"66":{"start":{"line":104,"column":6},"end":{"line":107,"column":7}},"67":{"start":{"line":105,"column":8},"end":{"line":105,"column":33}},"68":{"start":{"line":106,"column":8},"end":{"line":106,"column":37}},"69":{"start":{"line":113,"column":0},"end":{"line":119,"column":1}},"70":{"start":{"line":114,"column":2},"end":{"line":118,"column":3}},"71":{"start":{"line":115,"column":4},"end":{"line":115,"column":67}},"72":{"start":{"line":117,"column":4},"end":{"line":117,"column":22}},"73":{"start":{"line":122,"column":0},"end":{"line":125,"column":1}},"74":{"start":{"line":123,"column":2},"end":{"line":123,"column":51}},"75":{"start":{"line":124,"column":2},"end":{"line":124,"column":49}}},"fnMap":{"0":{"name":"validateContactForm","decl":{"start":{"line":3,"column":9},"end":{"line":3,"column":28}},"loc":{"start":{"line":3,"column":51},"end":{"line":21,"column":1}},"line":3},"1":{"name":"sendSupportMessage","decl":{"start":{"line":23,"column":15},"end":{"line":23,"column":33}},"loc":{"start":{"line":23,"column":56},"end":{"line":42,"column":1}},"line":23},"2":{"name":"(anonymous_2)","decl":{"start":{"line":36,"column":38},"end":{"line":36,"column":39}},"loc":{"start":{"line":36,"column":45},"end":{"line":36,"column":47}},"line":36},"3":{"name":"initContactPage","decl":{"start":{"line":44,"column":9},"end":{"line":44,"column":24}},"loc":{"start":{"line":44,"column":27},"end":{"line":110,"column":1}},"line":44},"4":{"name":"(anonymous_4)","decl":{"start":{"line":54,"column":34},"end":{"line":54,"column":35}},"loc":{"start":{"line":54,"column":53},"end":{"line":109,"column":3}},"line":54}},"branchMap":{"0":{"loc":{"start":{"line":5,"column":23},"end":{"line":5,"column":33}},"type":"binary-expr","locations":[{"start":{"line":5,"column":23},"end":{"line":5,"column":27}},{"start":{"line":5,"column":31},"end":{"line":5,"column":33}}],"line":5},"1":{"loc":{"start":{"line":6,"column":26},"end":{"line":6,"column":39}},"type":"binary-expr","locations":[{"start":{"line":6,"column":26},"end":{"line":6,"column":33}},{"start":{"line":6,"column":37},"end":{"line":6,"column":39}}],"line":6},"2":{"loc":{"start":{"line":7,"column":26},"end":{"line":7,"column":37}},"type":"binary-expr","locations":[{"start":{"line":7,"column":26},"end":{"line":7,"column":31}},{"start":{"line":7,"column":35},"end":{"line":7,"column":37}}],"line":7},"3":{"loc":{"start":{"line":9,"column":2},"end":{"line":9,"column":53}},"type":"if","locations":[{"start":{"line":9,"column":2},"end":{"line":9,"column":53}},{"start":{},"end":{}}],"line":9},"4":{"loc":{"start":{"line":10,"column":2},"end":{"line":12,"column":3}},"type":"if","locations":[{"start":{"line":10,"column":2},"end":{"line":12,"column":3}},{"start":{},"end":{}}],"line":10},"5":{"loc":{"start":{"line":10,"column":6},"end":{"line":10,"column":63}},"type":"binary-expr","locations":[{"start":{"line":10,"column":6},"end":{"line":10,"column":15}},{"start":{"line":10,"column":19},"end":{"line":10,"column":63}}],"line":10},"6":{"loc":{"start":{"line":13,"column":2},"end":{"line":13,"column":62}},"type":"if","locations":[{"start":{"line":13,"column":2},"end":{"line":13,"column":62}},{"start":{},"end":{}}],"line":13},"7":{"loc":{"start":{"line":14,"column":2},"end":{"line":14,"column":78}},"type":"if","locations":[{"start":{"line":14,"column":2},"end":{"line":14,"column":78}},{"start":{},"end":{}}],"line":14},"8":{"loc":{"start":{"line":15,"column":2},"end":{"line":15,"column":77}},"type":"if","locations":[{"start":{"line":15,"column":2},"end":{"line":15,"column":77}},{"start":{},"end":{}}],"line":15},"9":{"loc":{"start":{"line":16,"column":2},"end":{"line":18,"column":3}},"type":"if","locations":[{"start":{"line":16,"column":2},"end":{"line":18,"column":3}},{"start":{},"end":{}}],"line":16},"10":{"loc":{"start":{"line":26,"column":4},"end":{"line":28,"column":6}},"type":"binary-expr","locations":[{"start":{"line":26,"column":5},"end":{"line":26,"column":40}},{"start":{"line":26,"column":44},"end":{"line":26,"column":56}},{"start":{"line":27,"column":5},"end":{"line":27,"column":34}},{"start":{"line":27,"column":38},"end":{"line":27,"column":57}},{"start":{"line":28,"column":4},"end":{"line":28,"column":6}}],"line":26},"11":{"loc":{"start":{"line":37,"column":2},"end":{"line":40,"column":3}},"type":"if","locations":[{"start":{"line":37,"column":2},"end":{"line":40,"column":3}},{"start":{},"end":{}}],"line":37},"12":{"loc":{"start":{"line":38,"column":19},"end":{"line":38,"column":74}},"type":"binary-expr","locations":[{"start":{"line":38,"column":19},"end":{"line":38,"column":30}},{"start":{"line":38,"column":34},"end":{"line":38,"column":46}},{"start":{"line":38,"column":50},"end":{"line":38,"column":74}}],"line":38},"13":{"loc":{"start":{"line":51,"column":2},"end":{"line":51,"column":72}},"type":"if","locations":[{"start":{"line":51,"column":2},"end":{"line":51,"column":72}},{"start":{},"end":{}}],"line":51},"14":{"loc":{"start":{"line":52,"column":2},"end":{"line":52,"column":20}},"type":"if","locations":[{"start":{"line":52,"column":2},"end":{"line":52,"column":20}},{"start":{},"end":{}}],"line":52},"15":{"loc":{"start":{"line":57,"column":4},"end":{"line":57,"column":46}},"type":"if","locations":[{"start":{"line":57,"column":4},"end":{"line":57,"column":46}},{"start":{},"end":{}}],"line":57},"16":{"loc":{"start":{"line":58,"column":4},"end":{"line":61,"column":5}},"type":"if","locations":[{"start":{"line":58,"column":4},"end":{"line":61,"column":5}},{"start":{},"end":{}}],"line":58},"17":{"loc":{"start":{"line":67,"column":17},"end":{"line":67,"column":39}},"type":"binary-expr","locations":[{"start":{"line":67,"column":17},"end":{"line":67,"column":33}},{"start":{"line":67,"column":37},"end":{"line":67,"column":39}}],"line":67},"18":{"loc":{"start":{"line":68,"column":18},"end":{"line":68,"column":41}},"type":"binary-expr","locations":[{"start":{"line":68,"column":18},"end":{"line":68,"column":35}},{"start":{"line":68,"column":39},"end":{"line":68,"column":41}}],"line":68},"19":{"loc":{"start":{"line":69,"column":20},"end":{"line":69,"column":45}},"type":"binary-expr","locations":[{"start":{"line":69,"column":20},"end":{"line":69,"column":39}},{"start":{"line":69,"column":43},"end":{"line":69,"column":45}}],"line":69},"20":{"loc":{"start":{"line":72,"column":4},"end":{"line":75,"column":5}},"type":"if","locations":[{"start":{"line":72,"column":4},"end":{"line":75,"column":5}},{"start":{},"end":{}}],"line":72},"21":{"loc":{"start":{"line":73,"column":6},"end":{"line":73,"column":78}},"type":"if","locations":[{"start":{"line":73,"column":6},"end":{"line":73,"column":78}},{"start":{},"end":{}}],"line":73},"22":{"loc":{"start":{"line":77,"column":4},"end":{"line":80,"column":5}},"type":"if","locations":[{"start":{"line":77,"column":4},"end":{"line":80,"column":5}},{"start":{},"end":{}}],"line":77},"23":{"loc":{"start":{"line":82,"column":4},"end":{"line":85,"column":5}},"type":"if","locations":[{"start":{"line":82,"column":4},"end":{"line":85,"column":5}},{"start":{},"end":{}}],"line":82},"24":{"loc":{"start":{"line":94,"column":6},"end":{"line":97,"column":7}},"type":"if","locations":[{"start":{"line":94,"column":6},"end":{"line":97,"column":7}},{"start":{},"end":{}}],"line":94},"25":{"loc":{"start":{"line":95,"column":33},"end":{"line":95,"column":76}},"type":"binary-expr","locations":[{"start":{"line":95,"column":33},"end":{"line":95,"column":44}},{"start":{"line":95,"column":48},"end":{"line":95,"column":76}}],"line":95},"26":{"loc":{"start":{"line":100,"column":6},"end":{"line":102,"column":7}},"type":"if","locations":[{"start":{"line":100,"column":6},"end":{"line":102,"column":7}},{"start":{},"end":{}}],"line":100},"27":{"loc":{"start":{"line":101,"column":45},"end":{"line":101,"column":76}},"type":"binary-expr","locations":[{"start":{"line":101,"column":45},"end":{"line":101,"column":56}},{"start":{"line":101,"column":60},"end":{"line":101,"column":76}}],"line":101},"28":{"loc":{"start":{"line":104,"column":6},"end":{"line":107,"column":7}},"type":"if","locations":[{"start":{"line":104,"column":6},"end":{"line":107,"column":7}},{"start":{},"end":{}}],"line":104},"29":{"loc":{"start":{"line":113,"column":0},"end":{"line":119,"column":1}},"type":"if","locations":[{"start":{"line":113,"column":0},"end":{"line":119,"column":1}},{"start":{},"end":{}}],"line":113},"30":{"loc":{"start":{"line":114,"column":2},"end":{"line":118,"column":3}},"type":"if","locations":[{"start":{"line":114,"column":2},"end":{"line":118,"column":3}},{"start":{"line":116,"column":9},"end":{"line":118,"column":3}}],"line":114},"31":{"loc":{"start":{"line":122,"column":0},"end":{"line":125,"column":1}},"type":"if","locations":[{"start":{"line":122,"column":0},"end":{"line":125,"column":1}},{"start":{},"end":{}}],"line":122}},"s":{"0":1,"1":1,"2":1,"3":1,"4":1,"5":0,"6":1,"7":0,"8":1,"9":0,"10":1,"11":0,"12":1,"13":0,"14":1,"15":0,"16":1,"17":1,"1
[...]
1":0,"22":0,"23":0,"24":0,"25":0,"26":0,"27":0,"28":0,"29":0,"30":0,"31":0,"32":0,"33":0,"34":0,"35":0,"36":0,"37":0,"38":0,"39":0,"40":0,"41":0,"42":0,"43":0,"44":0,"45":0,"46":0,"47":0,"48":0,"49":0,"50":0,"51":0,"52":0,"53":0,"54":0,"55":0,"56":0,"57":0,"58":0,"59":0,"60":0,"61":0,"62":0,"63":0,"64":0,"65":0,"66":0,"67":0,"68":0,"69":0,"70":0,"71":0,"72":0,"73":0,"74":0,"75":0,"76":0,"77":0,"78":0,"79":0,"80":0,"81":0,"82":0,"83":0,"84":0,"85":0,"86":0,"87":0,"88":0,"89":0,"90":0,"91":0,"92":0,"93":0,"94":0,"95":0,"96":0,"97":0,"98":0,"99":0,"100":0,"101":0,"102":0,"103":0,"104":0,"105":0,"106":0,"107":0,"108":0,"109":0,"110":0,"111":0,"112":0,"113":0,"114":0,"115":0,"116":0,"117":0,"118":0,"119":0,"120":0,"121":0,"122":0,"123":0,"124":0,"125":0,"126":0,"127":0,"128":0,"129":0,"130":0,"131":0,"132":0,"133":0,"134":0,"135":0,"136":0,"137":0,"138":0,"139":0,"140":0,"141":0,"142":0,"143":0,"144":0,"145":0,"146":0,"147":0,"148":0,"149":0,"150":0,"151":0,"152":0,"153":0,"154":0,"155":0,"156":0,"157":0,"158":0,"159":0,"160":0,"161":0,"162":0,"163":0,"164":0,"165":0,"166":0,"167":0,"168":0,"169":0,"170":0,"171":0,"172":0,"173":0,"174":0,"175":0,"176":0,"177":0,"178":0,"179":0,"180":0,"181":0,"182":0,"183":0,"184":0,"185":0,"186":0,"187":0,"188":0,"189":0,"190":0,"191":0,"192":0,"193":0,"194":0,"195":0,"196":0,"197":0,"198":0,"199":0,"200":0,"201":0,"202":0,"203":0,"204":0,"205":0,"206":0,"207":0,"208":0,"209":0,"210":0,"211":0,"212":0,"213":0,"214":0,"215":0,"216":0,"217":0,"218":0,"219":0,"220":0,"221":0,"222":0,"223":0,"224":0,"225":0,"226":0,"227":0,"228":0,"229":0,"230":0,"231":0,"232":0,"233":0,"234":0,"235":0,"236":0,"237":0,"238":0,"239":0,"240":0,"241":0,"242":0,"243":0,"244":0,"245":0,"246":0,"247":0,"248":0,"249":0,"250":0,"251":0,"252":0,"253":0,"254":0,"255":0,"256":0,"257":0,"258":0,"259":0,"260":0,"261":0,"262":0,"263":0,"264":0,"265":0,"266":0,"267":0,"268":0,"269":0,"270":0,"271":0,"272":0,"273":0,"274":0,"275":0,"276":0,"277":0,"278":0,"279":0,"280":0,"281":0,"282":0,"283":0,"284":0,"285":0,"286":0,"287":0,"288":0,"289":0,"290":0,"291":0,"292":0,"293":0,"294":0,"295":0,"296":0,"297":0,"298":0,"299":0,"300":0,"301":0,"302":0,"303":0,"304":0,"305":0,"306":0,"307":0,"308":0,"309":0,"310":0,"311":0,"312":0,"313":0,"314":0,"315":0,"316":0,"317":0,"318":0,"319":0,"320":0,"321":0,"322":0,"323":0,"324":0,"325":0,"326":0,"327":0,"328":0,"329":0,"330":0,"331":0,"332":0,"333":0,"334":0,"335":0,"336":0,"337":0,"338":0,"339":0,"340":0,"341":0,"342":0,"343":0,"344":0,"345":0,"346":0,"347":0,"348":0,"349":0,"350":0,"351":0,"352":0,"353":0,"354":0,"355":0,"356":0,"357":0,"358":0,"359":0,"360":0,"361":0,"362":0,"363":0,"364":0,"365":0,"366":0,"367":0,"368":0,"369":0,"370":0,"371":0,"372":0,"373":0,"374":0,"375":0,"376":0,"377":0,"378":0,"379":0,"380":0,"381":0,"382":0,"383":0,"384":0,"385":0,"386":0,"387":0,"388":0,"389":0,"390":0,"391":0,"392":0,"393":0,"394":0,"395":0,"396":0,"397":0,"398":0,"399":0,"400":0,"401":0,"402":0,"403":0,"404":0,"405":0,"406":0,"407":0,"408":0,"409":0,"410":0,"411":0,"412":0,"413":0,"414":0,"415":0,"416":0,"417":0,"418":0,"419":0,"420":0,"421":0,"422":0,"423":0,"424":0,"425":0,"426":0,"427":0,"428":0,"429":0,"430":0,"431":0,"432":0,"433":0,"434":0,"435":0,"436":0,"437":0,"438":0,"439":0,"440":0,"441":0,"442":0,"443":0,"444":0,"445":0,"446":0,"447":0,"448":0,"449":0,"450":0,"451":0,"452":0,"453":0,"454":0,"455":0,"456":0,"457":0,"458":0,"459":0,"460":0,"461":0,"462":0,"463":0,"464":0,"465":0,"466":0,"467":0,"468":0,"469":0,"470":0,"471":0,"472":0,"473":0,"474":0,"475":0,"476":0,"477":0,"478":0,"479":0,"480":0,"481":0,"482":0,"483":0,"484":0,"485":0,"486":0,"487":0,"488":0,"489":0,"490":0,"491":0,"492":0,"493":0,"494":0,"495":0,"496":0,"497":0,"498":0,"499":0,"500":0,"501":0,"502":0,"503":0,"504":0,"505":0,"506":0,"507":0,"508":0,"509":0,"510":0,"511":0,"512":0,"513":0,"514":0,"515":0,"516":0,"517":0,"518":0,"519":0,"520":0,"521":0,"522":0,"523":0,"524":0,"525":0,"526":0,"527":0,"528":0,"529":0,"530":0,"531":0,"532":0,"533":0,"534":0,"535":0},"f":{"0":0,"1":0,"2":0,"3":0,"4":0,"5":0,"6":0,"7":0,"8":0,"9":0,"10":0,"11":0,"12":0,"13":0,"14":0,"15":0,"16":0,"17":0,"18":0,"19":0,"20":0,"21":0,"22":0,"23":0,"24":0,"25":0,"26":0,"27":0,"28":0},"b":{"0":[0,0],"1":[0,0],"2":[0,0],"3":[0,0],"4":[0,0],"5":[0,0],"6":[0,0],"7":[0,0],"8":[0,0],"9":[0,0],"10":[0,0],"11":[0,0,0,0],"12":[0,0],"13":[0,0],"14":[0,0],"15":[0,0],"16":[0,0],"17":[0,0],"18":[0,0],"19":[0,0],"20":[0,0],"21":[0,0],"22":[0,0],"23":[0,0],"24":[0,0],"25":[0,0],"26":[0,0],"27":[0,0],"28":[0,0],"29":[0,0],"30":[0,0],"31":[0,0],"32":[0,0],"33":[0,0],"34":[0,0],"35":[0,0],"36":[0,0],"37":[0,0],"38":[0,0],"39":[0,0],"40":[0,0],"41":[0,0],"42":[0,0],"43":[0,0],"44":[0,0],"45":[0,0],"46":[0,0],"47":[0,0],"48":[0,0],"49":[0,0],"50":[0,0,0],"51":[0,0],"52":[0,0],"53":[0,0],"54":[0,0],"55":[0,0],"56":[0,0],"57":[0,0],"58":[0,0],"59":[0,0],"60":[0,0],"61":[0,0],"62":[0,0],"63":[0,0],"64":[0,0],"65":[0,0],"66":[0,0],"67":[0,0],"68":[0,0],"69":[0,0],"70":[0,0],"71":[0,0],"72":[0,0],"73":[0,0],"74":[0,0],"75":[0,0],"76":[0,0],"77":[0,0],"78":[0,0],"79":[0,0],"80":[0,0],"81":[0,0],"82":[0,0],"83":[0,0],"84":[0,0],"85":[0,0],"86":[0,0],"87":[0,0],"88":[0,0],"89":[0,0,0],"90":[0,0],"91":[0,0],"92":[0,0],"93":[0,0],"94":[0,0],"95":[0,0],"96":[0,0],"97":[0,0],"98":[0,0],"99":[0,0],"100":[0,0],"101":[0,0],"102":[0,0],"103":[0,0],"104":[0,0],"105":[0,0],"106":[0,0],"107":[0,0],"108":[0,0],"109":[0,0],"110":[0,0],"111":[0,0],"112":[0,0],"113":[0,0],"114":[0,0],"115":[0,0],"116":[0,0],"117":[0,0],"118":[0,0],"119":[0,0],"120":[0,0],"121":[0,0],"122":[0,0],"123":[0,0],"124":[0,0],"125":[0,0],"126":[0,0],"127":[0,0],"128":[0,0,0],"129":[0,0],"130":[0,0],"131":[0,0,0,0,0],"132":[0,0],"133":[0,0],"134":[0,0],"135":[0,0],"136":[0,0],"137":[0,0],"138":[0,0]}}
,"/Users/ishitarout/Capstone Project/ITSC_4155/frontend/coverage/lcov-report/sorter.js": {"path":"/Users/ishitarout/Capstone Project/ITSC_4155/frontend/coverage/lcov-report/sorter.js","statementMap":{"0":{"start":{"line":2,"column":17},"end":{"line":208,"column":4}},"1":{"start":{"line":5,"column":22},"end":{"line":8,"column":9}},"2":{"start":{"line":12,"column":8},"end":{"line":12,"column":59}},"3":{"start":{"line":16,"column":8},"end":{"line":16,"column":52}},"4":{"start":{"line":20,"column":8},"end":{"line":20,"column":49}},"5":{"start":{"line":24,"column":8},"end":{"line":24,"column":58}},"6":{"start":{"line":28,"column":28},"end":{"line":28,"column":71}},"7":{"start":{"line":29,"column":21},"end":{"line":29,"column":71}},"8":{"start":{"line":34,"column":8},"end":{"line":38,"column":9}},"9":{"start":{"line":35,"column":12},"end":{"line":35,"column":55}},"10":{"start":{"line":37,"column":12},"end":{"line":37,"column":31}},"11":{"start":{"line":40,"column":8},"end":{"line":55,"column":9}},"12":{"start":{"line":40,"column":21},"end":{"line":40,"column":22}},"13":{"start":{"line":41,"column":24},"end":{"line":41,"column":31}},"14":{"start":{"line":42,"column":26},"end":{"line":42,"column":31}},"15":{"start":{"line":44,"column":12},"end":{"line":52,"column":13}},"16":{"start":{"line":46,"column":16},"end":{"line":46,"column":60}},"17":{"start":{"line":49,"column":16},"end":{"line":51,"column":57}},"18":{"start":{"line":54,"column":12},"end":{"line":54,"column":54}},"19":{"start":{"line":60,"column":23},"end":{"line":60,"column":64}},"20":{"start":{"line":61,"column":28},"end":{"line":61,"column":60}},"21":{"start":{"line":62,"column":8},"end":{"line":62,"column":75}},"22":{"start":{"line":63,"column":8},"end":{"line":63,"column":58}},"23":{"start":{"line":68,"column":23},"end":{"line":68,"column":62}},"24":{"start":{"line":70,"column":19},"end":{"line":70,"column":21}},"25":{"start":{"line":74,"column":8},"end":{"line":87,"column":9}},"26":{"start":{"line":75,"column":12},"end":{"line":75,"column":34}},"27":{"start":{"line":76,"column":12},"end":{"line":80,"column":14}},"28":{"start":{"line":81,"column":12},"end":{"line":81,"column":27}},"29":{"start":{"line":82,"column":12},"end":{"line":86,"column":13}},"30":{"start":{"line":83,"column":16},"end":{"line":83,"column":60}},"31":{"start":{"line":84,"column":16},"end":{"line":85,"column":71}},"32":{"start":{"line":88,"column":8},"end":{"line":88,"column":20}},"33":{"start":{"line":93,"column":24},"end":{"line":93,"column":55}},"34":{"start":{"line":96,"column":19},"end":{"line":96,"column":21}},"35":{"start":{"line":99,"column":8},"end":{"line":107,"column":9}},"36":{"start":{"line":100,"column":12},"end":{"line":100,"column":35}},"37":{"start":{"line":101,"column":12},"end":{"line":101,"column":26}},"38":{"start":{"line":102,"column":12},"end":{"line":102,"column":53}},"39":{"start":{"line":103,"column":12},"end":{"line":105,"column":13}},"40":{"start":{"line":104,"column":16},"end":{"line":104,"column":34}},"41":{"start":{"line":106,"column":12},"end":{"line":106,"column":32}},"42":{"start":{"line":108,"column":8},"end":{"line":108,"column":20}},"43":{"start":{"line":112,"column":19},"end":{"line":112,"column":56}},"44":{"start":{"line":115,"column":8},"end":{"line":117,"column":9}},"45":{"start":{"line":116,"column":12},"end":{"line":116,"column":48}},"46":{"start":{"line":121,"column":18},"end":{"line":121,"column":33}},"47":{"start":{"line":122,"column":21},"end":{"line":126,"column":13}},"48":{"start":{"line":123,"column":16},"end":{"line":123,"column":32}},"49":{"start":{"line":124,"column":16},"end":{"line":124,"column":32}},"50":{"start":{"line":125,"column":16},"end":{"line":125,"column":50}},"51":{"start":{"line":127,"column":26},"end":{"line":127,"column":32}},"52":{"start":{"line":128,"column":24},"end":{"line":128,"column":73}},"53":{"start":{"line":129,"column":23},"end":{"line":129,"column":55}},"54":{"start":{"line":130,"column":19},"end":{"line":130,"column":21}},"55":{"start":{"line":133,"column":8},"end":{"line":137,"column":9}},"56":{"start":{"line":134,"column":12},"end":{"line":136,"column":14}},"57":{"start":{"line":135,"column":16},"end":{"line":135,"column":41}},"58":{"start":{"line":139,"column":8},"end":{"line":142,"column":9}},"59":{"start":{"line":140,"column":12},"end":{"line":140,"column":35}},"60":{"start":{"line":141,"column":12},"end":{"line":141,"column":47}},"61":{"start":{"line":144,"column":8},"end":{"line":144,"column":31}},"62":{"start":{"line":146,"column":8},"end":{"line":148,"column":9}},"63":{"start":{"line":147,"column":12},"end":{"line":147,"column":43}},"64":{"start":{"line":152,"column":18},"end":{"line":152,"column":49}},"65":{"start":{"line":153,"column":18},"end":{"line":153,"column":31}},"66":{"start":{"line":155,"column":8},"end":{"line":155,"column":71}},"67":{"start":{"line":156,"column":8},"end":{"line":156,"column":28}},"68":{"start":{"line":160,"column":8},"end":{"line":162,"column":24}},"69":{"start":{"line":168,"column":24},"end":{"line":183,"column":13}},"70":{"start":{"line":169,"column":26},"end":{"line":169,"column":33}},"71":{"start":{"line":171,"column":16},"end":{"line":182,"column":18}},"72":{"start":{"line":172,"column":31},"end":{"line":172,"column":50}},"73":{"start":{"line":174,"column":20},"end":{"line":176,"column":21}},"74":{"start":{"line":175,"column":24},"end":{"line":175,"column":49}},"75":{"start":{"line":177,"column":20},"end":{"line":177,"column":41}},"76":{"start":{"line":178,"column":20},"end":{"line":178,"column":43}},"77":{"start":{"line":179,"column":20},"end":{"line":179,"column":42}},"78":{"start":{"line":180,"column":20},"end":{"line":180,"column":44}},"79":{"start":{"line":181,"column":20},"end":{"line":181,"column":40}},"80":{"start":{"line":184,"column":8},"end":{"line":195,"column":9}},"81":{"start":{"line":185,"column":12},"end":{"line":194,"column":13}},"82":{"start":{"line":188,"column":16},"end":{"line":188,"column":76}},"83":{"start":{"line":189,"column":16},"end":{"line":193,"column":17}},"84":{"start":{"line":190,"column":20},"end":{"line":190,"column":63}},"85":{"start":{"line":192,"column":20},"end":{"line":192,"column":60}},"86":{"start":{"line":198,"column":4},"end":{"line":207,"column":6}},"87":{"start":{"line":199,"column":8},"end":{"line":201,"column":9}},"88":{"start":{"line":200,"column":12},"end":{"line":200,"column":19}},"89":{"start":{"line":202,"column":8},"end":{"line":202,"column":29}},"90":{"start":{"line":203,"column":8},"end":{"line":203,"column":19}},"91":{"start":{"line":204,"column":8},"end":{"line":204,"column":23}},"92":{"start":{"line":205,"column":8},"end":{"line":205,"column":28}},"93":{"start":{"line":206,"column":8},"end":{"line":206,"column":19}},"94":{"start":{"line":210,"column":0},"end":{"line":210,"column":44}}},"fnMap":{"0":{"name":"(anonymous_0)","decl":{"start":{"line":2,"column":18},"end":{"line":2,"column":19}},"loc":{"start":{"line":2,"column":29},"end":{"line":208,"column":1}},"line":2},"1":{"name":"getTable","decl":{"start":{"line":11,"column":13},"end":{"line":11,"column":21}},"loc":{"start":{"line":11,"column":24},"end":{"line":13,"column":5}},"line":11},"2":{"name":"getTableHeader","decl":{"start":{"line":15,"column":13},"end":{"line":15,"column":27}},"loc":{"start":{"line":15,"column":30},"end":{"line":17,"column":5}},"line":15},"3":{"name":"getTableBody","decl":{"start":{"line":19,"column":13},"end":{"line":19,"column":25}},"loc":{"start":{"line":19,"column":28},"end":{"line":21,"column":5}},"line":19},"4":{"name":"getNthColumn","decl":{"start":{"line":23,"column":13},"end":{"line":23,"column":25}},"loc":{"start":{"line":23,"column":29},"end":{"line":25,"column":5}},"line":23},"5":{"name":"onFilterInput","decl":{"start":{"line":27,"column":13},"end":{"line":27,"column":26}},"loc":{"start":{"line":27,"column":29},"end":{"line":56,"column":5}},"line":27},"6":{"name":"addSearchBox","decl":{"start":{"line":59,"column":13},"end":{"line":59,"column":25}},"loc":{"start":{"line":59,"column":28},"end":{"line":64,"column":5}},"line":59},"7":{"name":"loadColumns","decl":{"start":{"line":67,"column":13},"end":{"line":67,"column":24}},"loc":{"start":{"line":67,"column":27},"end":{"line":89,"column":5}},"line":67},"8":{"name":"loadRowData","decl":{"start":{"line":92,"column":13},"end":{"line":92,"column":24}},"loc":{"start":{"line":92,"column":35},"end":{"line":109,"column":5}},"line":92},"9":{"name":"loadData","decl":{"start":{"line":111,"column":13},"end":{"line":111,"column":21}},"loc":{"start":{"line":111,"column":24},"end":{"line":118,"column":5}},"line":111},"10":{"name":"sortByIndex","decl":{"start":{"line":120,"column":13},"end":{"line":120,"column":24}},"loc":{"start":{"line":120,"column":38},"end":{"line":149,"column":5}},"line":120},"11":{"name":"(anonymous_11)","decl":{"start":{"line":122,"column":21},"end":{"line":122,"column":22}},"loc":{"start":{"line":122,"column":36},"end":{"line":126,"column":13}},"line":122},"12":{"name":"(anonymous_12)","decl":{"start":{"line":134,"column":26},"end":{"line":134,"column":27}},"loc":{"start":{"line":134,"column":41},"end":{"line":136,"column":13}},"line":134},"13":{"name":"removeSortIndicators","decl":{"start":{"line":151,"column":13},"end":{"line":151,"column":33}},"loc":{"start":{"line":151,"column":36},"end":{"line":157,"column":5}},"line":151},"14":{"name":"addSortIndicators","decl":{"start":{"line":159,"column":13},"end":{"line":159,"column":30}},"loc":{"start":{"line":159,"column":33},"end":{"line":163,"column":5}},"line":159},"15":{"name":"enableUI","decl":{"start":{"line":165,"column":13},"end":{"line":165,"column":21}},"loc":{"start":{"line":165,"column":24},"end":{"line":196,"column":5}},"line":165},"16":{"name":"ithSorter","decl":{"start":{"line":168,"column":33},"end":{"line":168,"column":42}},"loc":{"start":{"line":168,"column":46},"end":{"line":183,"column":13}},"line":168},"17":{"name":"(anonymous_17)","decl":{"start":{"line":171,"column":23},"end":{"line":171,"column":24}},"loc":{"start":{"line":171,"column":34},"end":{"line":182,"column":17}},"line":171},"18":{"name":"(anonymous_18)","decl":{"start":{"line":198,"column":11},"end":{"line":198,"column":12}},"loc":{"start":{"line":198,"column":22},"end":{"line":207,"column":5}},"line":198}},"branchMap":{"0":{"loc":{"start":{"line":44,"column":12},"end":{"line":52,"column":13}},"type":"if","locations":[{"start":{"line":44,"column":12},"end":{"line":52,"column":13}},{"start":{"line":47,"column":19},"end":{"line":52,"column":13}}],"line":44},"1":{"loc":{"start":{"line":54,"column":32},"end":{"line":54,"column":53}},"type":"cond-expr","locations":[{"start":{"line":54,"column":42},"end":{"line":54,"column":44}},{"start":{"line":54,"column":47},"end":{"line":54,"column":53}}],"line":54},"2":{"loc":{"start":{"line":79,"column":22},"end":{"line":79,"column":67}},"type":"binary-expr","locations":[{"start":{"line":79,"column":22},"end":{"line":79,"column":55}},{"start":{"line":79,"column":59},"end":{"line":79,"column":67}}],"line":79},"3":{"loc":{"start":{"line":82,"column":12},"end":{"line":86,"column":13}},"type":"if","locations":[{"start":{"line":82,"column":12},"end":{"line":86,"column":13}},{"start":{},"end":{}}],"line":82},"4":{"loc":{"start":{"line":103,"column":12},"end":{"line":105,"column":13}},"type":"if","locations":[{"start":{"line":103,"column":12},"end":{"line":105,"column":13}},{"start":{},"end":{}}],"line":103},"5":{"loc":{"start":{"line":125,"column":23},"end":{"line":125,"column":49}},"type":"cond-expr","locations":[{"start":{"line":125,"column":31},"end":{"line":125,"column":33}},{"start":{"line":125,"column":36},"end":{"line":125,"column":49}}],"line":125},"6":{"loc":{"start":{"line":125,"column":36},"end":{"line":125,"column":49}},"type":"cond-expr","locations":[{"start":{"line":125,"column":44},"end":{"line":125,"column":45}},{"start":{"line":125,"column":48},"end":{"line":125,"column":49}}],"line":125},"7":{"loc":{"start":{"line":133,"column":8},"end":{"line":137,"column":9}},"type":"if","locations":[{"start":{"line":133,"column":8},"end":{"line":137,"column":9}},{"start":{},"end":{}}],"line":133},"8":{"loc":{"start":{"line":160,"column":53},"end":{"line":162,"column":23}},"type":"cond-expr","locations":[{"start":{"line":161,"column":14},"end":{"line":161,"column":28}},{"start":{"line":162,"column":14},"end":{"line":162,"column":23}}],"line":160},"9":{"loc":{"start":{"line":174,"column":20},"end":{"line":176,"column":21}},"type":"if","locations":[{"start":{"line":174,"column":20},"end":{"line":176,"column":21}},{"start":{},"end":{}}],"line":174},"10":{"loc":{"start":{"line":185,"column":12},"end":{"line":194,"column":13}},"type":"if","locations":[{"start":{"line":185,"column":12},"end":{"line":194,"column":13}},{"start":{},"end":{}}],"line":185},"11":{"loc":{"start":{"line":189,"column":16},"end":{"line":193,"column":17}},"type":"if","locations":[{"start":{"line":189,"column":16},"end":{"line":193,"column":17}},{"start":{"line":191,"column":23},"end":{"line":193,"column":17}}],"line":189},"12":{"loc":{"start":{"line":199,"column":8},"end":{"line":201,"column":9}},"type":"if","locations":[{"start":{"line":199,"column":8},"end":{"line":201,"column":9}},{"start":{},"end":{}}],"line":199}},"s":{"0":0,"1":0,"2":0,"3":0,"4":0,"5":0,"6":0,"7":0,"8":0,"9":0,"10":0,"11":0,"12":0,"13":0,"14":0,"15":0,"16":0,"17":0,"18":0,"19":0,"20":0,"21":0,"22":0,"23":0,"24":0,"25":0,"26":0,"27":0,"28":0,"29":0,"30":0,"31":0,"32":0,"33":0,"34":0,"35":0,"36":0,"37":0,"38":0,"39":0,"40":0,"41":0,"42":0,"43":0,"44":0,"45":0,"46":0,"47":0,"48":0,"49":0,"50":0,"51":0,"52":0,"53":0,"54":0,"55":0,"56":0,"57":0,"58":0,"59":0,"60":0,"61":0,"62":0,"63":0,"64":0,"65":0,"66":0,"67":0,"68":0,"69":0,"70":0,"71":0,"72":0,"73":0,"74":0,"75":0,"76":0,"77":0,"78":0,"79":0,"80":0,"81":0,"82":0,"83":0,"84":0,"85":0,"86":0,"87":0,"88":0,"89":0,"90":0,"91":0,"92":0,"93":0,"94":0},"f":{"0":0,"1":0,"2":0,"3":0,"4":0,"5":0,"6":0,"7":0,"8":0,"9":0,"10":0,"11":0,"12":0,"13":0,"14":0,"15":0,"16":0,"17":0,"18":0},"b":{"0":[0,0],"1":[0,0],"2":[0,0],"3":[0,0],"4":[0,0],"5":[0,0],"6":[0,0],"7":[0,0],"8":[0,0],"9":[0,0],"10":[0,0],"11":[0,0],"12":[0,0]}}
}
