TN:
SF:api.js
FN:10,getUserIngredients
FN:31,addIngredient
FN:55,removeIngredient
FN:77,getAllIngredientsFromMealDB
FN:83,(anonymous_4)
FN:94,getRecipeDetails
FN:150,normalizePreferencesInput
FN:187,getPreferenceSet
FN:189,(anonymous_8)
FN:202,isRecipeNameAllowedForPreferences
FN:255,(anonymous_10)
FN:290,(anonymous_11)
FN:315,(anonymous_12)
FN:334,(anonymous_13)
FN:357,(anonymous_14)
FN:374,isRecipeAllowedForPreferences
FN:382,(anonymous_16)
FN:467,(anonymous_17)
FN:524,(anonymous_18)
FN:576,(anonymous_19)
FN:614,(anonymous_20)
FN:639,(anonymous_21)
FN:650,searchRecipesByIngredients
FN:668,(anonymous_23)
FN:682,(anonymous_24)
FN:728,determineCookingMethod
FN:757,(anonymous_26)
FN:760,(anonymous_27)
FN:771,applyCookingMethodFilter
FN:773,(anonymous_29)
FN:792,(anonymous_30)
FN:804,sortRecipes
FN:809,(anonymous_32)
FN:811,(anonymous_33)
FN:826,getCurrentUserId
FN:869,getUserDietaryPreferences
FN:896,saveUserDietaryPreferences
FN:919,getRecommendedRecipes
FN:936,getFavorites
FN:943,addFavorite
FN:954,removeFavorite
FNF:41
FNH:12
FNDA:1,getUserIngredients
FNDA:1,addIngredient
FNDA:1,removeIngredient
FNDA:1,getAllIngredientsFromMealDB
FNDA:2,(anonymous_4)
FNDA:1,getRecipeDetails
FNDA:1,normalizePreferencesInput
FNDA:1,getPreferenceSet
FNDA:0,(anonymous_8)
FNDA:0,isRecipeNameAllowedForPreferences
FNDA:0,(anonymous_10)
FNDA:0,(anonymous_11)
FNDA:0,(anonymous_12)
FNDA:0,(anonymous_13)
FNDA:0,(anonymous_14)
FNDA:0,isRecipeAllowedForPreferences
FNDA:0,(anonymous_16)
FNDA:0,(anonymous_17)
FNDA:0,(anonymous_18)
FNDA:0,(anonymous_19)
FNDA:0,(anonymous_20)
FNDA:0,(anonymous_21)
FNDA:1,searchRecipesByIngredients
FNDA:3,(anonymous_23)
FNDA:3,(anonymous_24)
FNDA:0,determineCookingMethod
FNDA:0,(anonymous_26)
FNDA:0,(anonymous_27)
FNDA:0,applyCookingMethodFilter
FNDA:0,(anonymous_29)
FNDA:0,(anonymous_30)
FNDA:0,sortRecipes
FNDA:0,(anonymous_32)
FNDA:0,(anonymous_33)
FNDA:0,getCurrentUserId
FNDA:0,getUserDietaryPreferences
FNDA:0,saveUserDietaryPreferences
FNDA:0,getRecommendedRecipes
FNDA:4,getFavorites
FNDA:0,addFavorite
FNDA:0,removeFavorite
DA:11,1
DA:12,1
DA:17,1
DA:19,1
DA:20,0
DA:23,1
DA:25,0
DA:26,0
DA:32,1
DA:33,1
DA:41,1
DA:43,1
DA:44,0
DA:47,1
DA:49,0
DA:50,0
DA:56,1
DA:57,1
DA:62,1
DA:63,0
DA:64,0
DA:67,1
DA:69,0
DA:70,0
DA:78,1
DA:79,1
DA:80,1
DA:82,1
DA:83,2
DA:86,0
DA:88,0
DA:89,0
DA:95,1
DA:96,1
DA:99,1
DA:101,1
DA:102,0
DA:105,1
DA:108,1
DA:121,1
DA:122,20
DA:123,20
DA:125,20
DA:126,2
DA:133,1
DA:135,0
DA:136,0
DA:151,1
DA:154,1
DA:155,1
DA:159,0
DA:160,0
DA:164,0
DA:168,0
DA:172,0
DA:173,0
DA:175,0
DA:176,0
DA:178,0
DA:181,0
DA:188,1
DA:189,1
DA:204,0
DA:208,0
DA:210,0
DA:213,0
DA:214,0
DA:255,0
DA:256,0
DA:258,0
DA:262,0
DA:263,0
DA:290,0
DA:291,0
DA:293,0
DA:297,0
DA:298,0
DA:315,0
DA:316,0
DA:318,0
DA:322,0
DA:323,0
DA:334,0
DA:335,0
DA:337,0
DA:341,0
DA:342,0
DA:357,0
DA:358,0
DA:360,0
DA:363,0
DA:376,0
DA:380,0
DA:382,0
DA:383,0
DA:385,0
DA:387,0
DA:390,0
DA:391,0
DA:467,0
DA:468,0
DA:470,0
DA:474,0
DA:475,0
DA:524,0
DA:525,0
DA:527,0
DA:531,0
DA:532,0
DA:576,0
DA:577,0
DA:579,0
DA:583,0
DA:584,0
DA:614,0
DA:615,0
DA:617,0
DA:621,0
DA:622,0
DA:639,0
DA:640,0
DA:642,0
DA:645,0
DA:651,1
DA:652,1
DA:654,1
DA:657,1
DA:658,2
DA:660,2
DA:665,2
DA:667,2
DA:668,2
DA:670,3
DA:671,3
DA:672,0
DA:673,0
DA:676,2
DA:681,1
DA:682,3
DA:686,1
DA:689,1
DA:690,1
DA:694,0
DA:695,0
DA:697,0
DA:698,0
DA:702,0
DA:703,0
DA:704,0
DA:705,0
DA:707,0
DA:709,0
DA:718,0
DA:720,0
DA:721,0
DA:729,0
DA:731,0
DA:740,0
DA:757,0
DA:758,0
DA:760,0
DA:761,0
DA:764,0
DA:765,0
DA:766,0
DA:767,0
DA:772,0
DA:774,0
DA:775,0
DA:776,0
DA:781,0
DA:782,0
DA:790,0
DA:792,0
DA:793,0
DA:794,0
DA:796,0
DA:805,0
DA:807,0
DA:809,0
DA:811,0
DA:812,0
DA:813,0
DA:819,0
DA:828,0
DA:829,0
DA:830,0
DA:831,0
DA:832,0
DA:837,0
DA:838,0
DA:839,0
DA:840,0
DA:841,0
DA:842,0
DA:843,0
DA:844,0
DA:846,0
DA:847,0
DA:848,0
DA:849,0
DA:852,0
DA:853,0
DA:854,0
DA:855,0
DA:859,0
DA:865,0
DA:870,0
DA:872,0
DA:879,0
DA:880,0
DA:883,0
DA:884,0
DA:885,0
DA:886,0
DA:892,0
DA:897,0
DA:899,0
DA:906,0
DA:907,0
DA:908,0
DA:909,0
DA:915,0
DA:920,0
DA:926,0
DA:927,0
DA:928,0
DA:929,0
DA:932,0
DA:937,4
DA:938,4
DA:939,0
DA:940,0
DA:944,0
DA:949,0
DA:950,0
DA:951,0
DA:955,0
DA:959,0
DA:960,0
DA:961,0
DA:963,0
DA:965,2
DA:966,2
DA:967,2
DA:968,2
DA:970,2
DA:971,2
DA:972,2
DA:974,2
DA:975,2
DA:976,2
DA:978,2
DA:979,2
DA:980,2
DA:981,2
DA:983,2
DA:984,2
DA:986,2
DA:987,2
DA:988,2
LF:261
LH:74
BRDA:19,0,0,0
BRDA:19,0,1,1
BRDA:20,1,0,0
BRDA:20,1,1,0
BRDA:43,2,0,0
BRDA:43,2,1,1
BRDA:44,3,0,0
BRDA:44,3,1,0
BRDA:62,4,0,0
BRDA:62,4,1,1
BRDA:62,5,0,1
BRDA:62,5,1,0
BRDA:64,6,0,0
BRDA:64,6,1,0
BRDA:82,7,0,1
BRDA:82,7,1,0
BRDA:82,8,0,1
BRDA:82,8,1,1
BRDA:101,9,0,0
BRDA:101,9,1,1
BRDA:101,10,0,1
BRDA:101,10,1,1
BRDA:115,11,0,1
BRDA:115,11,1,0
BRDA:125,12,0,2
BRDA:125,12,1,18
BRDA:125,13,0,20
BRDA:125,13,1,2
BRDA:128,14,0,2
BRDA:128,14,1,0
BRDA:151,15,0,0
BRDA:151,15,1,1
BRDA:154,16,0,1
BRDA:154,16,1,0
BRDA:159,17,0,0
BRDA:159,17,1,0
BRDA:164,18,0,0
BRDA:164,18,1,0
BRDA:165,19,0,0
BRDA:165,19,1,0
BRDA:172,20,0,0
BRDA:172,20,1,0
BRDA:175,21,0,0
BRDA:175,21,1,0
BRDA:175,22,0,0
BRDA:175,22,1,0
BRDA:204,23,0,0
BRDA:204,23,1,0
BRDA:208,24,0,0
BRDA:208,24,1,0
BRDA:210,25,0,0
BRDA:210,25,1,0
BRDA:213,26,0,0
BRDA:213,26,1,0
BRDA:258,27,0,0
BRDA:258,27,1,0
BRDA:262,28,0,0
BRDA:262,28,1,0
BRDA:293,29,0,0
BRDA:293,29,1,0
BRDA:297,30,0,0
BRDA:297,30,1,0
BRDA:318,31,0,0
BRDA:318,31,1,0
BRDA:322,32,0,0
BRDA:322,32,1,0
BRDA:337,33,0,0
BRDA:337,33,1,0
BRDA:341,34,0,0
BRDA:341,34,1,0
BRDA:360,35,0,0
BRDA:360,35,1,0
BRDA:376,36,0,0
BRDA:376,36,1,0
BRDA:380,37,0,0
BRDA:380,37,1,0
BRDA:382,38,0,0
BRDA:382,38,1,0
BRDA:383,39,0,0
BRDA:383,39,1,0
BRDA:385,40,0,0
BRDA:385,40,1,0
BRDA:390,41,0,0
BRDA:390,41,1,0
BRDA:470,42,0,0
BRDA:470,42,1,0
BRDA:474,43,0,0
BRDA:474,43,1,0
BRDA:527,44,0,0
BRDA:527,44,1,0
BRDA:531,45,0,0
BRDA:531,45,1,0
BRDA:579,46,0,0
BRDA:579,46,1,0
BRDA:583,47,0,0
BRDA:583,47,1,0
BRDA:617,48,0,0
BRDA:617,48,1,0
BRDA:621,49,0,0
BRDA:621,49,1,0
BRDA:642,50,0,0
BRDA:642,50,1,0
BRDA:650,51,0,1
BRDA:652,52,0,0
BRDA:652,52,1,1
BRDA:652,53,0,1
BRDA:652,53,1,1
BRDA:667,54,0,2
BRDA:667,54,1,0
BRDA:670,55,0,3
BRDA:670,55,1,0
BRDA:672,56,0,0
BRDA:672,56,1,0
BRDA:689,57,0,1
BRDA:689,57,1,0
BRDA:697,58,0,0
BRDA:697,58,1,0
BRDA:704,59,0,0
BRDA:704,59,1,0
BRDA:764,60,0,0
BRDA:764,60,1,0
BRDA:764,61,0,0
BRDA:764,61,1,0
BRDA:765,62,0,0
BRDA:765,62,1,0
BRDA:766,63,0,0
BRDA:766,63,1,0
BRDA:790,64,0,0
BRDA:790,64,1,0
BRDA:793,65,0,0
BRDA:793,65,1,0
BRDA:797,66,0,0
BRDA:797,66,1,0
BRDA:804,67,0,0
BRDA:807,68,0,0
BRDA:807,68,1,0
BRDA:807,68,2,0
BRDA:814,69,0,0
BRDA:814,69,1,0
BRDA:815,70,0,0
BRDA:815,70,1,0
BRDA:829,71,0,0
BRDA:829,71,1,0
BRDA:831,72,0,0
BRDA:831,72,1,0
BRDA:838,73,0,0
BRDA:838,73,1,0
BRDA:840,74,0,0
BRDA:840,74,1,0
BRDA:846,75,0,0
BRDA:846,75,1,0
BRDA:848,76,0,0
BRDA:848,76,1,0
BRDA:852,77,0,0
BRDA:852,77,1,0
BRDA:854,78,0,0
BRDA:854,78,1,0
BRDA:879,79,0,0
BRDA:879,79,1,0
BRDA:883,80,0,0
BRDA:883,80,1,0
BRDA:884,81,0,0
BRDA:884,81,1,0
BRDA:903,82,0,0
BRDA:903,82,1,0
BRDA:906,83,0,0
BRDA:906,83,1,0
BRDA:926,84,0,0
BRDA:926,84,1,0
BRDA:939,85,0,0
BRDA:939,85,1,0
BRDA:939,86,0,0
BRDA:939,86,1,0
BRDA:950,87,0,0
BRDA:950,87,1,0
BRDA:950,88,0,0
BRDA:950,88,1,0
BRDA:959,89,0,0
BRDA:959,89,1,0
BRDA:959,90,0,0
BRDA:959,90,1,0
BRDA:961,91,0,0
BRDA:961,91,1,0
BRDA:965,92,0,2
BRDA:965,92,1,0
BRF:185
BRH:26
end_of_record
TN:
SF:auth.js
FN:6,checkAuthStatus
FN:26,registerUser
FN:60,loginUser
FN:104,logoutUser
FN:112,getAuthHeaders
FN:121,(anonymous_5)
FN:126,(anonymous_6)
FN:163,(anonymous_7)
FNF:8
FNH:6
FNDA:2,checkAuthStatus
FNDA:1,registerUser
FNDA:1,loginUser
FNDA:1,logoutUser
FNDA:8,getAuthHeaders
FNDA:4,(anonymous_5)
FNDA:0,(anonymous_6)
FNDA:0,(anonymous_7)
DA:7,2
DA:8,2
DA:10,2
DA:11,1
DA:12,1
DA:14,1
DA:16,1
DA:17,1
DA:19,1
DA:22,1
DA:27,1
DA:28,1
DA:40,1
DA:42,1
DA:43,0
DA:46,1
DA:51,0
DA:52,0
DA:61,1
DA:62,1
DA:63,1
DA:64,1
DA:66,1
DA:74,1
DA:76,1
DA:77,0
DA:81,1
DA:82,1
DA:84,1
DA:85,1
DA:88,1
DA:95,0
DA:96,0
DA:105,1
DA:106,1
DA:107,1
DA:108,1
DA:113,8
DA:114,8
DA:121,3
DA:122,4
DA:123,4
DA:125,4
DA:126,0
DA:127,0
DA:128,0
DA:129,0
DA:130,0
DA:132,0
DA:133,0
DA:134,0
DA:136,0
DA:137,0
DA:138,0
DA:140,0
DA:143,0
DA:147,0
DA:148,0
DA:149,0
DA:152,0
DA:154,0
DA:157,0
DA:162,4
DA:163,0
DA:164,0
DA:165,0
DA:166,0
DA:167,0
DA:169,0
DA:170,0
DA:171,0
DA:174,0
DA:175,0
DA:181,0
DA:182,0
DA:183,0
DA:184,0
DA:185,0
DA:188,0
DA:191,0
DA:198,3
DA:199,3
DA:200,3
DA:201,3
DA:202,3
DA:203,3
LF:86
LH:44
BRDA:10,0,0,1
BRDA:10,0,1,1
BRDA:10,1,0,2
BRDA:10,1,1,2
BRDA:10,1,2,2
BRDA:16,2,0,1
BRDA:16,2,1,0
BRDA:16,3,0,1
BRDA:16,3,1,1
BRDA:42,4,0,0
BRDA:42,4,1,1
BRDA:43,5,0,0
BRDA:43,5,1,0
BRDA:54,6,0,0
BRDA:54,6,1,0
BRDA:76,7,0,0
BRDA:76,7,1,1
BRDA:77,8,0,0
BRDA:77,8,1,0
BRDA:98,9,0,0
BRDA:98,9,1,0
BRDA:125,10,0,0
BRDA:125,10,1,4
BRDA:134,11,0,0
BRDA:134,11,1,0
BRDA:136,12,0,0
BRDA:136,12,1,0
BRDA:147,13,0,0
BRDA:147,13,1,0
BRDA:148,14,0,0
BRDA:148,14,1,0
BRDA:157,15,0,0
BRDA:157,15,1,0
BRDA:162,16,0,0
BRDA:162,16,1,4
BRDA:169,17,0,0
BRDA:169,17,1,0
BRDA:181,18,0,0
BRDA:181,18,1,0
BRDA:184,19,0,0
BRDA:184,19,1,0
BRDA:191,20,0,0
BRDA:191,20,1,0
BRDA:198,21,0,3
BRDA:198,21,1,0
BRF:45
BRH:13
end_of_record
TN:
SF:config.js
FNF:0
FNH:0
DA:4,1
DA:5,1
DA:8,1
DA:9,1
DA:10,1
LF:5
LH:5
BRDA:8,0,0,1
BRDA:8,0,1,0
BRF:2
BRH:1
end_of_record
TN:
SF:contact.js
FN:3,validateContactForm
FN:23,sendSupportMessage
FN:36,(anonymous_2)
FN:44,initContactPage
FN:54,(anonymous_4)
FNF:5
FNH:4
FNDA:1,validateContactForm
FNDA:1,sendSupportMessage
FNDA:0,(anonymous_2)
FNDA:1,initContactPage
FNDA:1,(anonymous_4)
DA:4,1
DA:5,1
DA:6,1
DA:7,1
DA:9,1
DA:10,1
DA:11,0
DA:13,1
DA:14,1
DA:15,1
DA:16,1
DA:17,0
DA:20,1
DA:26,1
DA:30,1
DA:36,1
DA:37,1
DA:38,0
DA:39,0
DA:41,1
DA:45,1
DA:46,1
DA:47,1
DA:48,1
DA:49,1
DA:51,1
DA:52,1
DA:54,1
DA:55,1
DA:57,1
DA:58,1
DA:59,1
DA:60,1
DA:63,1
DA:64,1
DA:65,1
DA:67,1
DA:68,1
DA:69,1
DA:71,1
DA:72,1
DA:73,0
DA:74,0
DA:77,1
DA:78,1
DA:79,1
DA:82,1
DA:83,1
DA:84,1
DA:87,1
DA:88,1
DA:94,1
DA:95,1
DA:96,1
DA:98,1
DA:100,0
DA:101,0
DA:104,1
DA:105,1
DA:106,1
DA:113,1
DA:114,1
DA:115,0
DA:117,1
DA:122,1
DA:123,1
DA:124,1
LF:67
LH:58
BRDA:5,0,0,1
BRDA:5,0,1,0
BRDA:6,1,0,1
BRDA:6,1,1,0
BRDA:7,2,0,1
BRDA:7,2,1,0
BRDA:9,3,0,0
BRDA:9,3,1,1
BRDA:10,4,0,0
BRDA:10,4,1,1
BRDA:10,5,0,1
BRDA:10,5,1,1
BRDA:13,6,0,0
BRDA:13,6,1,1
BRDA:14,7,0,0
BRDA:14,7,1,1
BRDA:15,8,0,0
BRDA:15,8,1,1
BRDA:16,9,0,0
BRDA:16,9,1,1
BRDA:26,10,0,1
BRDA:26,10,1,1
BRDA:26,10,2,0
BRDA:26,10,3,0
BRDA:26,10,4,0
BRDA:37,11,0,0
BRDA:37,11,1,1
BRDA:38,12,0,0
BRDA:38,12,1,0
BRDA:38,12,2,0
BRDA:51,13,0,1
BRDA:51,13,1,0
BRDA:52,14,0,0
BRDA:52,14,1,1
BRDA:57,15,0,1
BRDA:57,15,1,0
BRDA:58,16,0,1
BRDA:58,16,1,0
BRDA:67,17,0,1
BRDA:67,17,1,0
BRDA:68,18,0,1
BRDA:68,18,1,0
BRDA:69,19,0,1
BRDA:69,19,1,0
BRDA:72,20,0,0
BRDA:72,20,1,1
BRDA:73,21,0,0
BRDA:73,21,1,0
BRDA:77,22,0,1
BRDA:77,22,1,0
BRDA:82,23,0,1
BRDA:82,23,1,0
BRDA:94,24,0,1
BRDA:94,24,1,0
BRDA:95,25,0,1
BRDA:95,25,1,0
BRDA:100,26,0,0
BRDA:100,26,1,0
BRDA:101,27,0,0
BRDA:101,27,1,0
BRDA:104,28,0,1
BRDA:104,28,1,0
BRDA:113,29,0,1
BRDA:113,29,1,0
BRDA:114,30,0,0
BRDA:114,30,1,1
BRDA:122,31,0,1
BRDA:122,31,1,0
BRF:68
BRH:30
end_of_record
TN:
SF:grocerylist.js
FN:2,(anonymous_0)
FN:12,renderGroceryList
FN:21,(anonymous_2)
FN:26,getCurrentListFromDOM
FN:27,(anonymous_4)
FN:33,(anonymous_5)
FN:48,(anonymous_6)
FN:60,(anonymous_7)
FN:83,(anonymous_8)
FNF:9
FNH:9
FNDA:45,(anonymous_0)
FNDA:58,renderGroceryList
FNDA:34,(anonymous_2)
FNDA:35,getCurrentListFromDOM
FNDA:31,(anonymous_4)
FNDA:13,(anonymous_5)
FNDA:11,(anonymous_6)
FNDA:24,(anonymous_7)
FNDA:16,(anonymous_8)
DA:2,9
DA:3,45
DA:4,45
DA:5,45
DA:6,45
DA:9,45
DA:13,58
DA:14,35
DA:16,35
DA:19,23
DA:21,34
DA:27,35
DA:28,31
DA:33,45
DA:34,13
DA:38,13
DA:39,3
DA:40,3
DA:41,3
DA:44,10
DA:48,45
DA:49,11
DA:50,11
DA:51,5
DA:52,5
DA:55,6
DA:56,6
DA:60,45
DA:61,24
DA:62,24
DA:63,7
DA:64,7
DA:67,17
DA:68,17
DA:72,17
DA:73,9
DA:74,9
DA:77,8
DA:78,8
DA:79,8
DA:81,8
DA:82,8
DA:83,8
DA:84,16
DA:85,0
DA:86,0
DA:88,16
DA:89,16
DA:92,8
DA:96,45
DA:97,45
DA:98,1
DA:100,44
DA:103,44
LF:54
LH:52
BRDA:9,0,0,0
BRDA:9,0,1,45
BRDA:13,1,0,35
BRDA:13,1,1,23
BRDA:13,2,0,58
BRDA:13,2,1,58
BRDA:35,3,0,13
BRDA:35,3,1,3
BRDA:38,4,0,3
BRDA:38,4,1,10
BRDA:50,5,0,5
BRDA:50,5,1,6
BRDA:62,6,0,7
BRDA:62,6,1,17
BRDA:67,7,0,17
BRDA:67,7,1,9
BRDA:68,8,0,8
BRDA:68,8,1,9
BRDA:68,9,0,17
BRDA:68,9,1,8
BRDA:72,10,0,9
BRDA:72,10,1,8
BRDA:84,11,0,0
BRDA:84,11,1,16
BRDA:96,12,0,45
BRDA:96,12,1,44
BRDA:97,13,0,1
BRDA:97,13,1,44
BRDA:101,14,0,44
BRDA:101,14,1,32
BRF:30
BRH:28
end_of_record
TN:
SF:ingredients.js
FN:6,(anonymous_0)
FN:47,(anonymous_1)
FN:51,(anonymous_2)
FN:55,(anonymous_3)
FN:59,(anonymous_4)
FN:65,loadFavorites
FN:71,(anonymous_6)
FN:80,(anonymous_7)
FN:85,(anonymous_8)
FN:97,(anonymous_9)
FN:122,(anonymous_10)
FN:131,(anonymous_11)
FN:146,(anonymous_12)
FN:161,(anonymous_13)
FN:164,(anonymous_14)
FN:181,(anonymous_15)
FN:185,(anonymous_16)
FN:194,showPanel
FN:197,(anonymous_18)
FN:222,preloadFavoritesIds
FN:225,(anonymous_20)
FN:238,loadUserSavedIngredients
FN:245,(anonymous_22)
FN:255,loadAllIngredients
FN:282,renderIngredients
FN:290,(anonymous_25)
FN:301,(anonymous_26)
FN:304,(anonymous_27)
FN:314,(anonymous_28)
FN:324,(anonymous_29)
FN:349,filterIngredients
FN:352,(anonymous_31)
FN:360,updateSelectedChips
FN:370,(anonymous_33)
FN:371,(anonymous_34)
FN:378,(anonymous_35)
FN:396,savePantry
FN:408,(anonymous_37)
FN:413,(anonymous_38)
FN:418,(anonymous_39)
FN:423,(anonymous_40)
FN:446,findRecipes
FN:451,(anonymous_42)
FN:464,(anonymous_43)
FN:469,(anonymous_44)
FN:547,displayRecipes
FN:550,(anonymous_46)
FN:588,(anonymous_47)
FN:599,(anonymous_48)
FN:619,(anonymous_49)
FN:642,(anonymous_50)
FN:650,setupCookingMethodFilters
FN:653,(anonymous_52)
FN:654,(anonymous_53)
FN:655,(anonymous_54)
FN:696,viewRecipe
FN:725,displayRecipeDetails
FN:730,(anonymous_57)
FN:732,(anonymous_58)
FN:748,(anonymous_59)
FN:758,(anonymous_60)
FN:822,(anonymous_61)
FN:826,handleGoToGroceryList
FN:829,(anonymous_63)
FN:843,(anonymous_64)
FN:848,(anonymous_65)
FN:851,(anonymous_66)
FN:853,(anonymous_67)
FN:888,(anonymous_68)
FN:898,clearAllFilters
FN:899,(anonymous_70)
FNF:71
FNH:33
FNDA:4,(anonymous_0)
FNDA:0,(anonymous_1)
FNDA:0,(anonymous_2)
FNDA:0,(anonymous_3)
FNDA:0,(anonymous_4)
FNDA:0,loadFavorites
FNDA:0,(anonymous_6)
FNDA:0,(anonymous_7)
FNDA:0,(anonymous_8)
FNDA:0,(anonymous_9)
FNDA:0,(anonymous_10)
FNDA:0,(anonymous_11)
FNDA:0,(anonymous_12)
FNDA:0,(anonymous_13)
FNDA:0,(anonymous_14)
FNDA:0,(anonymous_15)
FNDA:18,(anonymous_16)
FNDA:5,showPanel
FNDA:20,(anonymous_18)
FNDA:4,preloadFavoritesIds
FNDA:0,(anonymous_20)
FNDA:5,loadUserSavedIngredients
FNDA:5,(anonymous_22)
FNDA:2,loadAllIngredients
FNDA:2,renderIngredients
FNDA:6,(anonymous_25)
FNDA:2,(anonymous_26)
FNDA:6,(anonymous_27)
FNDA:6,(anonymous_28)
FNDA:3,(anonymous_29)
FNDA:0,filterIngredients
FNDA:0,(anonymous_31)
FNDA:8,updateSelectedChips
FNDA:2,(anonymous_33)
FNDA:10,(anonymous_34)
FNDA:0,(anonymous_35)
FNDA:1,savePantry
FNDA:1,(anonymous_37)
FNDA:1,(anonymous_38)
FNDA:1,(anonymous_39)
FNDA:1,(anonymous_40)
FNDA:1,findRecipes
FNDA:0,(anonymous_42)
FNDA:0,(anonymous_43)
FNDA:0,(anonymous_44)
FNDA:1,displayRecipes
FNDA:1,(anonymous_46)
FNDA:0,(anonymous_47)
FNDA:0,(anonymous_48)
FNDA:0,(anonymous_49)
FNDA:1,(anonymous_50)
FNDA:1,setupCookingMethodFilters
FNDA:4,(anonymous_52)
FNDA:0,(anonymous_53)
FNDA:0,(anonymous_54)
FNDA:1,viewRecipe
FNDA:1,displayRecipeDetails
FNDA:1,(anonymous_57)
FNDA:1,(anonymous_58)
FNDA:0,(anonymous_59)
FNDA:1,(anonymous_60)
FNDA:0,(anonymous_61)
FNDA:0,handleGoToGroceryList
FNDA:0,(anonymous_63)
FNDA:0,(anonymous_64)
FNDA:0,(anonymous_65)
FNDA:0,(anonymous_66)
FNDA:0,(anonymous_67)
FNDA:0,(anonymous_68)
FNDA:0,clearAllFilters
FNDA:0,(anonymous_70)
DA:2,1
DA:3,0
DA:6,1
DA:8,4
DA:9,4
DA:12,4
DA:14,4
DA:15,4
DA:16,4
DA:19,4
DA:20,4
DA:21,4
DA:22,4
DA:23,4
DA:24,4
DA:25,4
DA:26,4
DA:27,4
DA:28,4
DA:29,4
DA:30,4
DA:31,4
DA:32,4
DA:33,4
DA:34,4
DA:35,4
DA:38,4
DA:39,4
DA:40,0
DA:44,4
DA:47,4
DA:48,0
DA:49,0
DA:51,4
DA:52,0
DA:53,0
DA:55,4
DA:56,0
DA:57,0
DA:59,4
DA:60,0
DA:61,0
DA:62,0
DA:66,0
DA:67,0
DA:68,0
DA:69,0
DA:70,0
DA:71,0
DA:74,0
DA:75,0
DA:76,0
DA:79,0
DA:80,0
DA:84,0
DA:85,0
DA:91,0
DA:92,0
DA:93,0
DA:96,0
DA:97,0
DA:98,0
DA:99,0
DA:100,0
DA:101,0
DA:102,0
DA:104,0
DA:108,0
DA:109,0
DA:111,0
DA:112,0
DA:113,0
DA:115,0
DA:116,0
DA:118,0
DA:119,0
DA:120,0
DA:121,0
DA:122,0
DA:123,0
DA:124,0
DA:125,0
DA:126,0
DA:127,0
DA:128,0
DA:129,0
DA:131,0
DA:132,0
DA:134,0
DA:136,0
DA:137,0
DA:139,0
DA:143,0
DA:144,0
DA:145,0
DA:146,0
DA:147,0
DA:148,0
DA:151,0
DA:152,0
DA:155,0
DA:156,0
DA:161,4
DA:162,0
DA:164,4
DA:165,0
DA:169,4
DA:170,4
DA:173,4
DA:174,4
DA:175,4
DA:176,4
DA:177,4
DA:180,4
DA:181,4
DA:182,0
DA:185,4
DA:186,18
DA:187,0
DA:195,5
DA:197,20
DA:199,5
DA:200,5
DA:201,5
DA:203,5
DA:204,4
DA:207,5
DA:208,0
DA:209,5
DA:210,0
DA:217,5
DA:218,5
DA:223,4
DA:224,4
DA:225,0
DA:226,0
DA:227,0
DA:233,4
DA:239,5
DA:240,5
DA:241,5
DA:244,5
DA:245,5
DA:248,5
DA:250,0
DA:256,2
DA:258,2
DA:259,2
DA:260,2
DA:263,2
DA:264,2
DA:265,2
DA:266,0
DA:268,0
DA:270,2
DA:271,2
DA:273,0
DA:274,0
DA:277,2
DA:283,2
DA:284,0
DA:286,0
DA:289,2
DA:290,2
DA:291,6
DA:292,6
DA:293,6
DA:296,2
DA:297,2
DA:300,2
DA:301,2
DA:304,2
DA:305,6
DA:306,6
DA:308,6
DA:309,6
DA:311,6
DA:312,6
DA:314,6
DA:315,6
DA:316,6
DA:317,6
DA:318,6
DA:320,6
DA:324,6
DA:325,3
DA:327,2
DA:330,1
DA:331,2
DA:332,1
DA:336,3
DA:339,6
DA:340,6
DA:343,6
DA:344,6
DA:350,0
DA:351,0
DA:353,0
DA:356,0
DA:361,8
DA:362,8
DA:363,0
DA:364,0
DA:367,8
DA:368,8
DA:370,2
DA:372,10
DA:373,10
DA:375,10
DA:376,10
DA:380,0
DA:381,0
DA:382,0
DA:385,0
DA:388,0
DA:389,0
DA:391,10
DA:397,1
DA:398,0
DA:399,0
DA:402,1
DA:403,1
DA:405,1
DA:406,1
DA:407,1
DA:408,1
DA:411,1
DA:412,1
DA:413,1
DA:417,1
DA:418,1
DA:422,1
DA:423,1
DA:426,1
DA:428,1
DA:430,1
DA:431,1
DA:434,1
DA:435,1
DA:437,0
DA:438,0
DA:440,1
DA:441,1
DA:449,1
DA:452,0
DA:456,1
DA:457,0
DA:458,0
DA:459,0
DA:460,0
DA:461,0
DA:462,0
DA:463,0
DA:464,0
DA:466,0
DA:467,0
DA:470,0
DA:478,1
DA:479,0
DA:480,0
DA:484,1
DA:486,1
DA:487,1
DA:488,1
DA:490,1
DA:492,1
DA:493,1
DA:494,0
DA:495,0
DA:496,0
DA:497,0
DA:500,0
DA:508,1
DA:513,1
DA:514,0
DA:524,1
DA:525,0
DA:527,0
DA:531,1
DA:532,1
DA:534,1
DA:535,1
DA:537,0
DA:538,0
DA:541,1
DA:542,1
DA:548,1
DA:550,1
DA:551,1
DA:552,1
DA:554,1
DA:555,1
DA:556,1
DA:558,1
DA:559,1
DA:561,1
DA:562,1
DA:563,1
DA:565,1
DA:566,1
DA:567,1
DA:569,1
DA:570,1
DA:571,1
DA:572,1
DA:574,1
DA:579,1
DA:580,1
DA:581,1
DA:582,1
DA:584,1
DA:585,1
DA:586,1
DA:588,1
DA:589,0
DA:590,0
DA:591,0
DA:592,0
DA:593,0
DA:594,0
DA:595,0
DA:596,0
DA:597,0
DA:599,0
DA:600,0
DA:606,0
DA:607,0
DA:608,0
DA:609,0
DA:610,0
DA:611,0
DA:612,0
DA:613,0
DA:616,0
DA:617,0
DA:619,0
DA:622,0
DA:623,0
DA:631,0
DA:632,0
DA:634,0
DA:638,1
DA:640,1
DA:641,1
DA:642,1
DA:644,1
DA:645,1
DA:651,1
DA:653,1
DA:654,4
DA:655,0
DA:656,0
DA:658,0
DA:660,0
DA:661,0
DA:663,0
DA:665,0
DA:667,0
DA:670,0
DA:672,0
DA:675,0
DA:680,0
DA:681,0
DA:684,0
DA:687,0
DA:688,0
DA:697,1
DA:699,1
DA:700,1
DA:701,1
DA:702,1
DA:703,1
DA:709,1
DA:711,1
DA:713,1
DA:715,1
DA:716,1
DA:718,0
DA:719,0
DA:726,1
DA:727,1
DA:728,1
DA:730,1
DA:731,1
DA:732,1
DA:734,1
DA:735,0
DA:737,1
DA:741,1
DA:748,0
DA:758,1
DA:766,1
DA:771,1
DA:809,1
DA:816,4
DA:820,4
DA:823,0
DA:827,0
DA:829,0
DA:831,0
DA:832,0
DA:835,0
DA:838,0
DA:840,0
DA:842,0
DA:843,0
DA:846,0
DA:848,0
DA:849,0
DA:851,0
DA:852,0
DA:853,0
DA:855,0
DA:856,0
DA:861,0
DA:862,0
DA:867,0
DA:872,0
DA:874,0
DA:875,0
DA:877,0
DA:878,0
DA:885,4
DA:886,0
DA:888,0
DA:889,0
DA:892,0
DA:894,4
DA:899,0
DA:900,0
DA:901,0
DA:902,0
DA:906,0
DA:907,0
DA:908,0
DA:912,1
LF:436
LH:226
BRDA:2,0,0,0
BRDA:2,0,1,1
BRDA:8,1,0,0
BRDA:8,1,1,4
BRDA:8,2,0,4
BRDA:8,2,1,4
BRDA:39,3,0,0
BRDA:39,3,1,4
BRDA:39,4,0,4
BRDA:39,4,1,0
BRDA:49,5,0,0
BRDA:49,5,1,0
BRDA:67,6,0,0
BRDA:67,6,1,0
BRDA:74,7,0,0
BRDA:74,7,1,0
BRDA:77,8,0,0
BRDA:77,8,1,0
BRDA:79,9,0,0
BRDA:79,9,1,0
BRDA:79,10,0,0
BRDA:79,10,1,0
BRDA:81,11,0,0
BRDA:81,11,1,0
BRDA:85,12,0,0
BRDA:85,12,1,0
BRDA:91,13,0,0
BRDA:91,13,1,0
BRDA:98,14,0,0
BRDA:98,14,1,0
BRDA:100,15,0,0
BRDA:100,15,1,0
BRDA:112,16,0,0
BRDA:112,16,1,0
BRDA:112,16,2,0
BRDA:113,17,0,0
BRDA:113,17,1,0
BRDA:113,17,2,0
BRDA:116,18,0,0
BRDA:116,18,1,0
BRDA:116,18,2,0
BRDA:125,19,0,0
BRDA:125,19,1,0
BRDA:125,19,2,0
BRDA:130,20,0,0
BRDA:130,20,1,0
BRDA:131,21,0,0
BRDA:131,21,1,0
BRDA:147,22,0,0
BRDA:147,22,1,0
BRDA:147,22,2,0
BRDA:186,23,0,0
BRDA:186,23,1,18
BRDA:200,24,0,0
BRDA:200,24,1,5
BRDA:203,25,0,4
BRDA:203,25,1,1
BRDA:207,26,0,0
BRDA:207,26,1,5
BRDA:209,27,0,0
BRDA:209,27,1,5
BRDA:217,28,0,5
BRDA:217,28,1,0
BRDA:256,29,0,0
BRDA:256,29,1,2
BRDA:265,30,0,0
BRDA:265,30,1,2
BRDA:283,31,0,0
BRDA:283,31,1,2
BRDA:292,32,0,6
BRDA:292,32,1,0
BRDA:325,33,0,2
BRDA:325,33,1,1
BRDA:331,34,0,1
BRDA:331,34,1,1
BRDA:351,35,0,0
BRDA:351,35,1,0
BRDA:362,36,0,0
BRDA:362,36,1,8
BRDA:381,37,0,0
BRDA:381,37,1,0
BRDA:388,38,0,0
BRDA:388,38,1,0
BRDA:397,39,0,0
BRDA:397,39,1,1
BRDA:449,40,0,1
BRDA:449,40,1,0
BRDA:452,41,0,0
BRDA:452,41,1,0
BRDA:456,42,0,0
BRDA:456,42,1,1
BRDA:457,43,0,0
BRDA:457,43,1,0
BRDA:459,44,0,0
BRDA:459,44,1,0
BRDA:462,45,0,0
BRDA:462,45,1,0
BRDA:464,46,0,0
BRDA:464,46,1,0
BRDA:467,47,0,0
BRDA:467,47,1,0
BRDA:469,48,0,0
BRDA:469,48,1,0
BRDA:470,49,0,0
BRDA:470,49,1,0
BRDA:478,50,0,0
BRDA:478,50,1,1
BRDA:493,51,0,0
BRDA:493,51,1,1
BRDA:495,52,0,0
BRDA:495,52,1,0
BRDA:497,53,0,0
BRDA:497,53,1,0
BRDA:513,54,0,0
BRDA:513,54,1,1
BRDA:513,55,0,1
BRDA:513,55,1,1
BRDA:513,55,2,0
BRDA:519,56,0,0
BRDA:519,56,1,0
BRDA:524,57,0,0
BRDA:524,57,1,1
BRDA:524,58,0,1
BRDA:524,58,1,1
BRDA:585,59,0,0
BRDA:585,59,1,1
BRDA:586,60,0,0
BRDA:586,60,1,1
BRDA:591,61,0,0
BRDA:591,61,1,0
BRDA:598,62,0,0
BRDA:598,62,1,0
BRDA:599,63,0,0
BRDA:599,63,1,0
BRDA:610,64,0,0
BRDA:610,64,1,0
BRDA:614,65,0,0
BRDA:614,65,1,0
BRDA:616,66,0,0
BRDA:616,66,1,0
BRDA:617,67,0,0
BRDA:617,67,1,0
BRDA:619,68,0,0
BRDA:619,68,1,0
BRDA:660,69,0,0
BRDA:660,69,1,0
BRDA:672,70,0,0
BRDA:672,70,1,0
BRDA:672,70,2,0
BRDA:680,71,0,0
BRDA:680,71,1,0
BRDA:697,72,0,0
BRDA:697,72,1,1
BRDA:701,73,0,1
BRDA:701,73,1,0
BRDA:713,74,0,1
BRDA:713,74,1,1
BRDA:713,74,2,0
BRDA:726,75,0,1
BRDA:726,75,1,0
BRDA:734,76,0,0
BRDA:734,76,1,1
BRDA:746,77,0,0
BRDA:746,77,1,1
BRDA:756,78,0,1
BRDA:756,78,1,0
BRDA:766,79,0,1
BRDA:766,79,1,0
BRDA:780,80,0,1
BRDA:780,80,1,0
BRDA:787,81,0,0
BRDA:787,81,1,1
BRDA:831,82,0,0
BRDA:831,82,1,0
BRDA:840,83,0,0
BRDA:840,83,1,0
BRDA:840,83,2,0
BRDA:849,84,0,0
BRDA:849,84,1,0
BRDA:855,85,0,0
BRDA:855,85,1,0
BRDA:861,86,0,0
BRDA:861,86,1,0
BRDA:885,87,0,0
BRDA:885,87,1,4
BRDA:901,88,0,0
BRDA:901,88,1,0
BRDA:907,89,0,0
BRDA:907,89,1,0
BRF:189
BRH:47
end_of_record
TN:
SF:onboarding.js
FN:2,(anonymous_0)
FN:53,getCurrentUserId
FN:60,isCompleted
FN:65,markCompleted
FN:70,clearCompleted
FN:75,ensureVisible
FN:82,(anonymous_6)
FN:88,positionTipAndRing
FN:109,waitForSelector
FN:110,(anonymous_9)
FN:112,(anonymous_10)
FN:122,renderStep
FN:152,nextStep
FN:157,prevStep
FN:162,completeTour
FN:167,(anonymous_15)
FN:172,skipTour
FN:177,restartTour
FN:182,cleanupUI
FN:192,handleReposition
FN:199,handleKeyNav
FN:210,createUI
FN:232,(anonymous_22)
FN:245,createWelcomeModal
FN:251,(anonymous_24)
FN:270,(anonymous_25)
FN:282,(anonymous_26)
FN:286,(anonymous_27)
FN:291,openWelcomeModal
FN:298,closeWelcomeModal
FN:302,startTour
FN:307,maybeStartTour
FN:323,wireRestartButton
FN:325,handleStartOnboardingClick
FN:345,init
FN:355,(anonymous_35)
FN:360,(anonymous_36)
FN:365,isLoggedIn
FNF:38
FNH:24
FNDA:1,(anonymous_0)
FNDA:4,getCurrentUserId
FNDA:4,isCompleted
FNDA:2,markCompleted
FNDA:1,clearCompleted
FNDA:2,ensureVisible
FNDA:0,(anonymous_6)
FNDA:2,positionTipAndRing
FNDA:0,waitForSelector
FNDA:0,(anonymous_9)
FNDA:0,(anonymous_10)
FNDA:2,renderStep
FNDA:0,nextStep
FNDA:0,prevStep
FNDA:0,completeTour
FNDA:0,(anonymous_15)
FNDA:2,skipTour
FNDA:1,restartTour
FNDA:2,cleanupUI
FNDA:0,handleReposition
FNDA:0,handleKeyNav
FNDA:4,createUI
FNDA:0,(anonymous_22)
FNDA:4,createWelcomeModal
FNDA:24,(anonymous_24)
FNDA:0,(anonymous_25)
FNDA:1,(anonymous_26)
FNDA:2,(anonymous_27)
FNDA:4,openWelcomeModal
FNDA:3,closeWelcomeModal
FNDA:2,startTour
FNDA:4,maybeStartTour
FNDA:4,wireRestartButton
FNDA:3,handleStartOnboardingClick
FNDA:4,init
FNDA:0,(anonymous_35)
FNDA:4,(anonymous_36)
FNDA:0,isLoggedIn
DA:2,1
DA:3,1
DA:4,1
DA:5,1
DA:44,1
DA:54,4
DA:55,4
DA:57,0
DA:61,4
DA:62,4
DA:66,2
DA:67,2
DA:71,1
DA:72,1
DA:77,2
DA:78,2
DA:79,2
DA:80,0
DA:81,0
DA:82,0
DA:83,0
DA:89,2
DA:90,2
DA:91,2
DA:93,2
DA:94,2
DA:95,2
DA:96,2
DA:99,2
DA:100,2
DA:101,2
DA:102,2
DA:104,2
DA:105,2
DA:110,0
DA:111,0
DA:112,0
DA:113,0
DA:114,0
DA:115,0
DA:116,0
DA:118,0
DA:123,2
DA:124,2
DA:125,0
DA:126,0
DA:128,2
DA:129,2
DA:130,0
DA:131,0
DA:132,0
DA:133,0
DA:134,0
DA:135,0
DA:136,0
DA:138,0
DA:139,0
DA:142,2
DA:143,2
DA:144,2
DA:145,2
DA:146,2
DA:147,2
DA:148,2
DA:149,2
DA:153,0
DA:154,0
DA:158,0
DA:159,0
DA:163,0
DA:164,0
DA:166,0
DA:167,0
DA:168,0
DA:173,2
DA:174,2
DA:178,1
DA:179,1
DA:183,2
DA:184,2
DA:185,2
DA:186,2
DA:187,2
DA:188,2
DA:189,2
DA:193,0
DA:194,0
DA:195,0
DA:196,0
DA:200,0
DA:201,0
DA:202,0
DA:203,0
DA:204,0
DA:205,0
DA:206,0
DA:212,4
DA:213,4
DA:214,4
DA:215,4
DA:218,4
DA:219,4
DA:220,4
DA:229,4
DA:230,4
DA:232,4
DA:233,0
DA:234,0
DA:235,0
DA:236,0
DA:237,0
DA:240,4
DA:241,4
DA:242,4
DA:246,4
DA:247,4
DA:248,4
DA:249,4
DA:250,4
DA:251,24
DA:254,4
DA:264,4
DA:265,4
DA:267,4
DA:268,4
DA:270,4
DA:271,0
DA:272,0
DA:273,0
DA:274,0
DA:275,0
DA:276,0
DA:278,0
DA:282,4
DA:283,1
DA:284,1
DA:286,4
DA:287,2
DA:292,4
DA:293,4
DA:294,4
DA:295,4
DA:299,3
DA:303,2
DA:304,2
DA:308,4
DA:310,4
DA:311,4
DA:312,4
DA:313,4
DA:314,0
DA:315,0
DA:316,0
DA:318,4
DA:319,4
DA:324,4
DA:326,3
DA:327,3
DA:328,0
DA:329,0
DA:330,0
DA:331,0
DA:333,0
DA:334,0
DA:335,0
DA:336,0
DA:337,0
DA:339,0
DA:341,1
DA:342,1
DA:346,4
DA:347,4
DA:348,4
DA:352,1
DA:355,0
DA:358,1
DA:360,1
DA:361,4
DA:362,4
DA:366,0
DA:367,0
DA:368,0
LF:182
LH:109
BRDA:55,0,0,4
BRDA:55,0,1,0
BRDA:55,1,0,4
BRDA:55,1,1,4
BRDA:61,2,0,0
BRDA:61,2,1,4
BRDA:66,3,0,0
BRDA:66,3,1,2
BRDA:71,4,0,0
BRDA:71,4,1,1
BRDA:77,5,0,2
BRDA:77,5,1,0
BRDA:77,6,0,2
BRDA:77,6,1,2
BRDA:79,7,0,0
BRDA:79,7,1,2
BRDA:81,8,0,0
BRDA:81,8,1,0
BRDA:90,9,0,2
BRDA:90,9,1,2
BRDA:91,10,0,2
BRDA:91,10,1,2
BRDA:104,11,0,2
BRDA:104,11,1,0
BRDA:105,12,0,0
BRDA:105,12,1,2
BRDA:109,13,0,0
BRDA:109,14,0,0
BRDA:109,15,0,0
BRDA:114,16,0,0
BRDA:114,16,1,0
BRDA:115,17,0,0
BRDA:115,17,1,0
BRDA:124,18,0,0
BRDA:124,18,1,2
BRDA:129,19,0,0
BRDA:129,19,1,2
BRDA:130,20,0,0
BRDA:130,20,1,0
BRDA:133,21,0,0
BRDA:133,21,1,0
BRDA:134,22,0,0
BRDA:134,22,1,0
BRDA:136,23,0,0
BRDA:136,23,1,0
BRDA:166,24,0,0
BRDA:166,24,1,0
BRDA:194,25,0,0
BRDA:194,25,1,0
BRDA:196,26,0,0
BRDA:196,26,1,0
BRDA:200,27,0,0
BRDA:200,27,1,0
BRDA:201,28,0,0
BRDA:201,28,1,0
BRDA:204,29,0,0
BRDA:204,29,1,0
BRDA:233,30,0,0
BRDA:233,30,1,0
BRDA:234,31,0,0
BRDA:234,31,1,0
BRDA:235,32,0,0
BRDA:235,32,1,0
BRDA:236,33,0,0
BRDA:236,33,1,0
BRDA:237,34,0,0
BRDA:237,34,1,0
BRDA:251,35,0,4
BRDA:251,35,1,0
BRDA:271,36,0,0
BRDA:271,36,1,0
BRDA:275,37,0,0
BRDA:275,37,1,0
BRDA:292,38,0,0
BRDA:292,38,1,4
BRDA:311,39,0,0
BRDA:311,39,1,4
BRDA:313,40,0,0
BRDA:313,40,1,4
BRDA:318,41,0,4
BRDA:318,41,1,0
BRDA:324,42,0,3
BRDA:324,42,1,1
BRDA:326,43,0,3
BRDA:326,43,1,3
BRDA:327,44,0,3
BRDA:327,44,1,0
BRDA:329,45,0,0
BRDA:329,45,1,0
BRDA:334,46,0,0
BRDA:334,46,1,0
BRDA:358,47,0,1
BRDA:358,47,1,0
BRDA:368,48,0,0
BRDA:368,48,1,0
BRDA:368,48,2,0
BRF:96
BRH:29
end_of_record
TN:
SF:settings.js
FN:8,(anonymous_0)
FN:39,(anonymous_1)
FN:44,(anonymous_2)
FN:49,(anonymous_3)
FN:54,(anonymous_4)
FN:73,(anonymous_5)
FN:93,(anonymous_6)
FN:104,(anonymous_7)
FNF:8
FNH:8
FNDA:5,(anonymous_0)
FNDA:1,(anonymous_1)
FNDA:1,(anonymous_2)
FNDA:1,(anonymous_3)
FNDA:1,(anonymous_4)
FNDA:10,(anonymous_5)
FNDA:2,(anonymous_6)
FNDA:5,(anonymous_7)
DA:4,5
DA:5,4
DA:8,5
DA:10,5
DA:11,5
DA:14,5
DA:15,5
DA:16,5
DA:20,5
DA:22,5
DA:23,5
DA:25,5
DA:29,5
DA:31,5
DA:33,5
DA:34,5
DA:35,5
DA:36,5
DA:39,5
DA:40,1
DA:41,1
DA:44,5
DA:45,1
DA:46,1
DA:49,5
DA:50,1
DA:51,1
DA:54,5
DA:55,1
DA:56,1
DA:57,1
DA:62,5
DA:68,5
DA:69,5
DA:71,5
DA:72,5
DA:73,10
DA:76,5
DA:77,5
DA:78,5
DA:80,5
DA:81,5
DA:84,0
DA:85,0
DA:86,0
DA:92,5
DA:93,5
DA:94,2
DA:95,2
DA:97,2
DA:98,2
DA:99,2
DA:100,2
DA:103,2
DA:104,5
DA:105,2
DA:106,2
DA:109,2
DA:111,2
DA:112,2
DA:113,1
DA:114,1
DA:117,1
DA:118,1
DA:119,1
DA:126,5
LF:66
LH:63
BRDA:4,0,0,4
BRDA:4,0,1,1
BRDA:10,1,0,5
BRDA:10,1,1,0
BRDA:11,2,0,0
BRDA:11,2,1,5
BRDA:15,3,0,5
BRDA:15,3,1,0
BRDA:22,4,0,5
BRDA:22,4,1,0
BRDA:23,5,0,5
BRDA:23,5,1,0
BRDA:25,6,0,5
BRDA:25,6,1,0
BRDA:29,7,0,5
BRDA:29,7,1,0
BRDA:56,8,0,1
BRDA:56,8,1,0
BRDA:62,9,0,5
BRDA:62,9,1,0
BRDA:63,10,0,5
BRDA:63,10,1,5
BRDA:63,10,2,5
BRDA:63,10,3,5
BRDA:71,11,0,5
BRDA:71,11,1,0
BRDA:80,12,0,5
BRDA:80,12,1,0
BRDA:85,13,0,0
BRDA:85,13,1,0
BRDA:92,14,0,5
BRDA:92,14,1,0
BRDA:92,15,0,5
BRDA:92,15,1,5
BRDA:92,15,2,5
BRDA:92,15,3,5
BRDA:95,16,0,2
BRDA:95,16,1,0
BRDA:98,17,0,2
BRDA:98,17,1,0
BRDA:99,18,0,2
BRDA:99,18,1,0
BRDA:100,19,0,1
BRDA:100,19,1,1
BRDA:103,20,0,2
BRDA:103,20,1,0
BRDA:109,21,0,0
BRDA:109,21,1,2
BRDA:113,22,0,1
BRDA:113,22,1,0
BRDA:118,23,0,1
BRDA:118,23,1,0
BRF:52
BRH:31
end_of_record
TN:
SF:coverage/lcov-report/block-navigation.js
FN:2,init
FN:24,toggleClass
FN:31,makeCurrent
FN:41,goToPrevious
FN:52,goToNext
FN:65,jump
FNF:6
FNH:0
FNDA:0,init
FNDA:0,toggleClass
FNDA:0,makeCurrent
FNDA:0,goToPrevious
FNDA:0,goToNext
FNDA:0,jump
DA:2,0
DA:4,0
DA:7,0
DA:10,0
DA:14,0
DA:20,0
DA:25,0
DA:28,0
DA:32,0
DA:33,0
DA:34,0
DA:42,0
DA:43,0
DA:44,0
DA:45,0
DA:46,0
DA:49,0
DA:53,0
DA:55,0
DA:59,0
DA:62,0
DA:65,0
DA:66,0
DA:71,0
DA:74,0
DA:77,0
DA:78,0
DA:82,0
DA:83,0
DA:87,0
LF:30
LH:0
BRDA:43,0,0,0
BRDA:43,0,1,0
BRDA:43,1,0,0
BRDA:43,1,1,0
BRDA:45,2,0,0
BRDA:45,2,1,0
BRDA:55,3,0,0
BRDA:55,3,1,0
BRDA:56,4,0,0
BRDA:56,4,1,0
BRDA:66,5,0,0
BRDA:66,5,1,0
BRDA:67,6,0,0
BRDA:67,6,1,0
BRDA:74,7,0,0
BRDA:74,7,1,0
BRDA:74,7,2,0
BRDA:74,7,3,0
BRDA:74,7,4,0
BRF:19
BRH:0
end_of_record
TN:
SF:coverage/lcov-report/prettify.js
FN:2,(anonymous_0)
FN:2,k
FN:2,ab
FN:2,T
FN:2,X
FN:2,(anonymous_5)
FN:2,W
FN:2,(anonymous_7)
FN:2,a
FN:2,aa
FN:2,B
FN:2,o
FN:2,g
FN:2,(anonymous_13)
FN:2,(anonymous_14)
FN:2,i
FN:2,Q
FN:2,ae
FN:2,ad
FN:2,ai
FN:2,D
FN:2,c
FN:2,q
FN:2,d
FN:2,y
FN:2,b
FN:2,Y
FN:2,(anonymous_27)
FN:2,U
FNF:29
FNH:0
FNDA:0,(anonymous_0)
FNDA:0,k
FNDA:0,ab
FNDA:0,T
FNDA:0,X
FNDA:0,(anonymous_5)
FNDA:0,W
FNDA:0,(anonymous_7)
FNDA:0,a
FNDA:0,aa
FNDA:0,B
FNDA:0,o
FNDA:0,g
FNDA:0,(anonymous_13)
FNDA:0,(anonymous_14)
FNDA:0,i
FNDA:0,Q
FNDA:0,ae
FNDA:0,ad
FNDA:0,ai
FNDA:0,D
FNDA:0,c
FNDA:0,q
FNDA:0,d
FNDA:0,y
FNDA:0,b
FNDA:0,Y
FNDA:0,(anonymous_27)
FNDA:0,U
DA:2,0
LF:1
LH:0
BRDA:2,0,0,0
BRDA:2,0,1,0
BRDA:2,1,0,0
BRDA:2,1,1,0
BRDA:2,2,0,0
BRDA:2,2,1,0
BRDA:2,3,0,0
BRDA:2,3,1,0
BRDA:2,4,0,0
BRDA:2,4,1,0
BRDA:2,5,0,0
BRDA:2,5,1,0
BRDA:2,6,0,0
BRDA:2,6,1,0
BRDA:2,7,0,0
BRDA:2,7,1,0
BRDA:2,8,0,0
BRDA:2,8,1,0
BRDA:2,9,0,0
BRDA:2,9,1,0
BRDA:2,10,0,0
BRDA:2,10,1,0
BRDA:2,11,0,0
BRDA:2,11,1,0
BRDA:2,11,2,0
BRDA:2,11,3,0
BRDA:2,12,0,0
BRDA:2,12,1,0
BRDA:2,13,0,0
BRDA:2,13,1,0
BRDA:2,14,0,0
BRDA:2,14,1,0
BRDA:2,15,0,0
BRDA:2,15,1,0
BRDA:2,16,0,0
BRDA:2,16,1,0
BRDA:2,17,0,0
BRDA:2,17,1,0
BRDA:2,18,0,0
BRDA:2,18,1,0
BRDA:2,19,0,0
BRDA:2,19,1,0
BRDA:2,20,0,0
BRDA:2,20,1,0
BRDA:2,21,0,0
BRDA:2,21,1,0
BRDA:2,22,0,0
BRDA:2,22,1,0
BRDA:2,23,0,0
BRDA:2,23,1,0
BRDA:2,24,0,0
BRDA:2,24,1,0
BRDA:2,25,0,0
BRDA:2,25,1,0
BRDA:2,26,0,0
BRDA:2,26,1,0
BRDA:2,27,0,0
BRDA:2,27,1,0
BRDA:2,28,0,0
BRDA:2,28,1,0
BRDA:2,29,0,0
BRDA:2,29,1,0
BRDA:2,30,0,0
BRDA:2,30,1,0
BRDA:2,31,0,0
BRDA:2,31,1,0
BRDA:2,32,0,0
BRDA:2,32,1,0
BRDA:2,33,0,0
BRDA:2,33,1,0
BRDA:2,34,0,0
BRDA:2,34,1,0
BRDA:2,35,0,0
BRDA:2,35,1,0
BRDA:2,36,0,0
BRDA:2,36,1,0
BRDA:2,37,0,0
BRDA:2,37,1,0
BRDA:2,38,0,0
BRDA:2,38,1,0
BRDA:2,39,0,0
BRDA:2,39,1,0
BRDA:2,40,0,0
BRDA:2,40,1,0
BRDA:2,41,0,0
BRDA:2,41,1,0
BRDA:2,42,0,0
BRDA:2,42,1,0
BRDA:2,43,0,0
BRDA:2,43,1,0
BRDA:2,44,0,0
BRDA:2,44,1,0
BRDA:2,45,0,0
BRDA:2,45,1,0
BRDA:2,46,0,0
BRDA:2,46,1,0
BRDA:2,47,0,0
BRDA:2,47,1,0
BRDA:2,48,0,0
BRDA:2,48,1,0
BRDA:2,49,0,0
BRDA:2,49,1,0
BRDA:2,50,0,0
BRDA:2,50,1,0
BRDA:2,50,2,0
BRDA:2,51,0,0
BRDA:2,51,1,0
BRDA:2,52,0,0
BRDA:2,52,1,0
BRDA:2,53,0,0
BRDA:2,53,1,0
BRDA:2,54,0,0
BRDA:2,54,1,0
BRDA:2,55,0,0
BRDA:2,55,1,0
BRDA:2,56,0,0
BRDA:2,56,1,0
BRDA:2,57,0,0
BRDA:2,57,1,0
BRDA:2,58,0,0
BRDA:2,58,1,0
BRDA:2,59,0,0
BRDA:2,59,1,0
BRDA:2,60,0,0
BRDA:2,60,1,0
BRDA:2,61,0,0
BRDA:2,61,1,0
BRDA:2,62,0,0
BRDA:2,62,1,0
BRDA:2,63,0,0
BRDA:2,63,1,0
BRDA:2,64,0,0
BRDA:2,64,1,0
BRDA:2,65,0,0
BRDA:2,65,1,0
BRDA:2,66,0,0
BRDA:2,66,1,0
BRDA:2,67,0,0
BRDA:2,67,1,0
BRDA:2,68,0,0
BRDA:2,68,1,0
BRDA:2,69,0,0
BRDA:2,69,1,0
BRDA:2,70,0,0
BRDA:2,70,1,0
BRDA:2,71,0,0
BRDA:2,71,1,0
BRDA:2,72,0,0
BRDA:2,72,1,0
BRDA:2,73,0,0
BRDA:2,73,1,0
BRDA:2,74,0,0
BRDA:2,74,1,0
BRDA:2,75,0,0
BRDA:2,75,1,0
BRDA:2,76,0,0
BRDA:2,76,1,0
BRDA:2,77,0,0
BRDA:2,77,1,0
BRDA:2,78,0,0
BRDA:2,78,1,0
BRDA:2,79,0,0
BRDA:2,79,1,0
BRDA:2,80,0,0
BRDA:2,80,1,0
BRDA:2,81,0,0
BRDA:2,81,1,0
BRDA:2,82,0,0
BRDA:2,82,1,0
BRDA:2,83,0,0
BRDA:2,83,1,0
BRDA:2,84,0,0
BRDA:2,84,1,0
BRDA:2,85,0,0
BRDA:2,85,1,0
BRDA:2,86,0,0
BRDA:2,86,1,0
BRDA:2,87,0,0
BRDA:2,87,1,0
BRDA:2,88,0,0
BRDA:2,88,1,0
BRDA:2,89,0,0
BRDA:2,89,1,0
BRDA:2,89,2,0
BRDA:2,90,0,0
BRDA:2,90,1,0
BRDA:2,91,0,0
BRDA:2,91,1,0
BRDA:2,92,0,0
BRDA:2,92,1,0
BRDA:2,93,0,0
BRDA:2,93,1,0
BRDA:2,94,0,0
BRDA:2,94,1,0
BRDA:2,95,0,0
BRDA:2,95,1,0
BRDA:2,96,0,0
BRDA:2,96,1,0
BRDA:2,97,0,0
BRDA:2,97,1,0
BRDA:2,98,0,0
BRDA:2,98,1,0
BRDA:2,99,0,0
BRDA:2,99,1,0
BRDA:2,100,0,0
BRDA:2,100,1,0
BRDA:2,101,0,0
BRDA:2,101,1,0
BRDA:2,102,0,0
BRDA:2,102,1,0
BRDA:2,103,0,0
BRDA:2,103,1,0
BRDA:2,104,0,0
BRDA:2,104,1,0
BRDA:2,105,0,0
BRDA:2,105,1,0
BRDA:2,106,0,0
BRDA:2,106,1,0
BRDA:2,107,0,0
BRDA:2,107,1,0
BRDA:2,108,0,0
BRDA:2,108,1,0
BRDA:2,109,0,0
BRDA:2,109,1,0
BRDA:2,110,0,0
BRDA:2,110,1,0
BRDA:2,111,0,0
BRDA:2,111,1,0
BRDA:2,112,0,0
BRDA:2,112,1,0
BRDA:2,113,0,0
BRDA:2,113,1,0
BRDA:2,114,0,0
BRDA:2,114,1,0
BRDA:2,115,0,0
BRDA:2,115,1,0
BRDA:2,116,0,0
BRDA:2,116,1,0
BRDA:2,117,0,0
BRDA:2,117,1,0
BRDA:2,118,0,0
BRDA:2,118,1,0
BRDA:2,119,0,0
BRDA:2,119,1,0
BRDA:2,120,0,0
BRDA:2,120,1,0
BRDA:2,121,0,0
BRDA:2,121,1,0
BRDA:2,122,0,0
BRDA:2,122,1,0
BRDA:2,123,0,0
BRDA:2,123,1,0
BRDA:2,124,0,0
BRDA:2,124,1,0
BRDA:2,125,0,0
BRDA:2,125,1,0
BRDA:2,126,0,0
BRDA:2,126,1,0
BRDA:2,127,0,0
BRDA:2,127,1,0
BRDA:2,128,0,0
BRDA:2,128,1,0
BRDA:2,128,2,0
BRDA:2,129,0,0
BRDA:2,129,1,0
BRDA:2,130,0,0
BRDA:2,130,1,0
BRDA:2,131,0,0
BRDA:2,131,1,0
BRDA:2,131,2,0
BRDA:2,131,3,0
BRDA:2,131,4,0
BRDA:2,132,0,0
BRDA:2,132,1,0
BRDA:2,133,0,0
BRDA:2,133,1,0
BRDA:2,134,0,0
BRDA:2,134,1,0
BRDA:2,135,0,0
BRDA:2,135,1,0
BRDA:2,136,0,0
BRDA:2,136,1,0
BRDA:2,137,0,0
BRDA:2,137,1,0
BRDA:2,138,0,0
BRDA:2,138,1,0
BRF:286
BRH:0
end_of_record
TN:
SF:coverage/lcov-report/sorter.js
FN:2,(anonymous_0)
FN:11,getTable
FN:15,getTableHeader
FN:19,getTableBody
FN:23,getNthColumn
FN:27,onFilterInput
FN:59,addSearchBox
FN:67,loadColumns
FN:92,loadRowData
FN:111,loadData
FN:120,sortByIndex
FN:122,(anonymous_11)
FN:134,(anonymous_12)
FN:151,removeSortIndicators
FN:159,addSortIndicators
FN:165,enableUI
FN:168,ithSorter
FN:171,(anonymous_17)
FN:198,(anonymous_18)
FNF:19
FNH:0
FNDA:0,(anonymous_0)
FNDA:0,getTable
FNDA:0,getTableHeader
FNDA:0,getTableBody
FNDA:0,getNthColumn
FNDA:0,onFilterInput
FNDA:0,addSearchBox
FNDA:0,loadColumns
FNDA:0,loadRowData
FNDA:0,loadData
FNDA:0,sortByIndex
FNDA:0,(anonymous_11)
FNDA:0,(anonymous_12)
FNDA:0,removeSortIndicators
FNDA:0,addSortIndicators
FNDA:0,enableUI
FNDA:0,ithSorter
FNDA:0,(anonymous_17)
FNDA:0,(anonymous_18)
DA:2,0
DA:5,0
DA:12,0
DA:16,0
DA:20,0
DA:24,0
DA:28,0
DA:29,0
DA:34,0
DA:35,0
DA:37,0
DA:40,0
DA:41,0
DA:42,0
DA:44,0
DA:46,0
DA:49,0
DA:54,0
DA:60,0
DA:61,0
DA:62,0
DA:63,0
DA:68,0
DA:70,0
DA:74,0
DA:75,0
DA:76,0
DA:81,0
DA:82,0
DA:83,0
DA:84,0
DA:88,0
DA:93,0
DA:96,0
DA:99,0
DA:100,0
DA:101,0
DA:102,0
DA:103,0
DA:104,0
DA:106,0
DA:108,0
DA:112,0
DA:115,0
DA:116,0
DA:121,0
DA:122,0
DA:123,0
DA:124,0
DA:125,0
DA:127,0
DA:128,0
DA:129,0
DA:130,0
DA:133,0
DA:134,0
DA:135,0
DA:139,0
DA:140,0
DA:141,0
DA:144,0
DA:146,0
DA:147,0
DA:152,0
DA:153,0
DA:155,0
DA:156,0
DA:160,0
DA:168,0
DA:169,0
DA:171,0
DA:172,0
DA:174,0
DA:175,0
DA:177,0
DA:178,0
DA:179,0
DA:180,0
DA:181,0
DA:184,0
DA:185,0
DA:188,0
DA:189,0
DA:190,0
DA:192,0
DA:198,0
DA:199,0
DA:200,0
DA:202,0
DA:203,0
DA:204,0
DA:205,0
DA:206,0
DA:210,0
LF:94
LH:0
BRDA:44,0,0,0
BRDA:44,0,1,0
BRDA:54,1,0,0
BRDA:54,1,1,0
BRDA:79,2,0,0
BRDA:79,2,1,0
BRDA:82,3,0,0
BRDA:82,3,1,0
BRDA:103,4,0,0
BRDA:103,4,1,0
BRDA:125,5,0,0
BRDA:125,5,1,0
BRDA:125,6,0,0
BRDA:125,6,1,0
BRDA:133,7,0,0
BRDA:133,7,1,0
BRDA:160,8,0,0
BRDA:160,8,1,0
BRDA:174,9,0,0
BRDA:174,9,1,0
BRDA:185,10,0,0
BRDA:185,10,1,0
BRDA:189,11,0,0
BRDA:189,11,1,0
BRDA:199,12,0,0
BRDA:199,12,1,0
BRF:26
BRH:0
end_of_record
